2025-03-28 16:28:08,612 [WARNING] Parse Model, args: nearest, keep str type
2025-03-28 16:28:08,627 [WARNING] Parse Model, args: nearest, keep str type
2025-03-28 16:28:08,719 [INFO] number of network params, total: 11.186595M, trainable: 11.166544M
2025-03-28 16:28:08,949 [INFO] No dataset cache available, caching now...
2025-03-28 16:28:09,424 [INFO] New cache created: G:\dataset\coco128\labels\train2017.cache.npy
2025-03-28 16:28:09,424 [INFO] Dataset caching success.
2025-03-28 16:28:09,426 [INFO] Dataloader num parallel workers: [4]
2025-03-28 16:28:09,432 [INFO] Start evaluating...
2025-03-28 16:28:13,041 [INFO] Predict result is: {'category_id': [], 'bbox': [], 'score': []}
2025-03-28 16:28:13,042 [INFO] Speed: 2564.6/1.0/2565.6 ms inference/NMS/total per 640x640 image at batch-size 1;
2025-03-28 16:28:13,042 [INFO] Detect a image success.
2025-03-28 16:28:13,333 [INFO] Predict result is: {'category_id': [], 'bbox': [], 'score': []}
2025-03-28 16:28:13,333 [INFO] Speed: 282.6/1.1/283.7 ms inference/NMS/total per 640x640 image at batch-size 1;
2025-03-28 16:28:13,334 [INFO] Detect a image success.
2025-03-28 16:28:13,637 [INFO] Predict result is: {'category_id': [], 'bbox': [], 'score': []}
2025-03-28 16:28:13,638 [INFO] Speed: 292.9/1.1/294.0 ms inference/NMS/total per 640x640 image at batch-size 1;
2025-03-28 16:28:13,638 [INFO] Detect a image success.
2025-03-28 16:28:13,935 [INFO] Predict result is: {'category_id': [], 'bbox': [], 'score': []}
2025-03-28 16:28:13,936 [INFO] Speed: 289.0/1.2/290.2 ms inference/NMS/total per 640x640 image at batch-size 1;
2025-03-28 16:28:13,936 [INFO] Detect a image success.
2025-03-28 16:28:14,238 [INFO] Predict result is: {'category_id': [], 'bbox': [], 'score': []}
2025-03-28 16:28:14,238 [INFO] Speed: 292.2/1.1/293.3 ms inference/NMS/total per 640x640 image at batch-size 1;
2025-03-28 16:28:14,238 [INFO] Detect a image success.
2025-03-28 16:28:14,476 [INFO] Predict result is: {'category_id': [], 'bbox': [], 'score': []}
2025-03-28 16:28:14,477 [INFO] Speed: 230.0/0.0/230.0 ms inference/NMS/total per 640x640 image at batch-size 1;
2025-03-28 16:28:14,477 [INFO] Detect a image success.
2025-03-28 16:28:14,710 [INFO] Predict result is: {'category_id': [], 'bbox': [], 'score': []}
2025-03-28 16:28:14,711 [INFO] Speed: 223.7/1.3/224.9 ms inference/NMS/total per 640x640 image at batch-size 1;
2025-03-28 16:28:14,711 [INFO] Detect a image success.
2025-03-28 16:28:14,943 [INFO] Predict result is: {'category_id': [], 'bbox': [], 'score': []}
2025-03-28 16:28:14,943 [INFO] Speed: 223.3/1.2/224.5 ms inference/NMS/total per 640x640 image at batch-size 1;
2025-03-28 16:28:14,944 [INFO] Detect a image success.
2025-03-28 16:28:15,180 [INFO] Predict result is: {'category_id': [], 'bbox': [], 'score': []}
2025-03-28 16:28:15,181 [INFO] Speed: 227.0/1.2/228.2 ms inference/NMS/total per 640x640 image at batch-size 1;
2025-03-28 16:28:15,181 [INFO] Detect a image success.
2025-03-28 16:28:15,423 [INFO] Predict result is: {'category_id': [], 'bbox': [], 'score': []}
2025-03-28 16:28:15,423 [INFO] Speed: 232.7/1.2/234.0 ms inference/NMS/total per 640x640 image at batch-size 1;
2025-03-28 16:28:15,424 [INFO] Detect a image success.
2025-03-28 16:28:15,606 [INFO] Predict result is: {'category_id': [], 'bbox': [], 'score': []}
2025-03-28 16:28:15,607 [INFO] Speed: 174.1/1.2/175.3 ms inference/NMS/total per 640x640 image at batch-size 1;
2025-03-28 16:28:15,607 [INFO] Detect a image success.
2025-03-28 16:28:15,779 [INFO] Predict result is: {'category_id': [], 'bbox': [], 'score': []}
2025-03-28 16:28:15,780 [INFO] Speed: 162.9/1.2/164.1 ms inference/NMS/total per 640x640 image at batch-size 1;
2025-03-28 16:28:15,780 [INFO] Detect a image success.
2025-03-28 16:28:15,961 [INFO] Predict result is: {'category_id': [], 'bbox': [], 'score': []}
2025-03-28 16:28:15,962 [INFO] Speed: 169.9/1.2/171.1 ms inference/NMS/total per 640x640 image at batch-size 1;
2025-03-28 16:28:15,962 [INFO] Detect a image success.
2025-03-28 16:28:16,128 [INFO] Predict result is: {'category_id': [], 'bbox': [], 'score': []}
2025-03-28 16:28:16,128 [INFO] Speed: 156.3/2.2/158.6 ms inference/NMS/total per 640x640 image at batch-size 1;
2025-03-28 16:28:16,128 [INFO] Detect a image success.
2025-03-28 16:28:16,308 [INFO] Predict result is: {'category_id': [], 'bbox': [], 'score': []}
2025-03-28 16:28:16,308 [INFO] Speed: 169.5/1.1/170.6 ms inference/NMS/total per 640x640 image at batch-size 1;
2025-03-28 16:28:16,308 [INFO] Detect a image success.
2025-03-28 16:28:16,485 [INFO] Predict result is: {'category_id': [], 'bbox': [], 'score': []}
2025-03-28 16:28:16,485 [INFO] Speed: 167.0/1.1/168.0 ms inference/NMS/total per 640x640 image at batch-size 1;
2025-03-28 16:28:16,486 [INFO] Detect a image success.
2025-03-28 16:28:16,486 [WARNING] No valid predictions in batch 1
2025-03-28 16:28:16,692 [INFO] Predict result is: {'category_id': [], 'bbox': [], 'score': []}
2025-03-28 16:28:16,692 [INFO] Speed: 165.1/1.0/166.1 ms inference/NMS/total per 640x640 image at batch-size 1;
2025-03-28 16:28:16,692 [INFO] Detect a image success.
2025-03-28 16:28:16,860 [INFO] Predict result is: {'category_id': [], 'bbox': [], 'score': []}
2025-03-28 16:28:16,860 [INFO] Speed: 159.2/1.1/160.2 ms inference/NMS/total per 640x640 image at batch-size 1;
2025-03-28 16:28:16,860 [INFO] Detect a image success.
2025-03-28 16:28:17,032 [INFO] Predict result is: {'category_id': [], 'bbox': [], 'score': []}
2025-03-28 16:28:17,032 [INFO] Speed: 162.5/1.0/163.5 ms inference/NMS/total per 640x640 image at batch-size 1;
2025-03-28 16:28:17,032 [INFO] Detect a image success.
2025-03-28 16:28:17,212 [INFO] Predict result is: {'category_id': [], 'bbox': [], 'score': []}
2025-03-28 16:28:17,212 [INFO] Speed: 170.3/1.1/171.4 ms inference/NMS/total per 640x640 image at batch-size 1;
2025-03-28 16:28:17,212 [INFO] Detect a image success.
2025-03-28 16:28:17,382 [INFO] Predict result is: {'category_id': [], 'bbox': [], 'score': []}
2025-03-28 16:28:17,382 [INFO] Speed: 160.9/1.0/161.9 ms inference/NMS/total per 640x640 image at batch-size 1;
2025-03-28 16:28:17,382 [INFO] Detect a image success.
2025-03-28 16:28:17,550 [INFO] Predict result is: {'category_id': [], 'bbox': [], 'score': []}
2025-03-28 16:28:17,550 [INFO] Speed: 158.0/1.0/159.0 ms inference/NMS/total per 640x640 image at batch-size 1;
2025-03-28 16:28:17,551 [INFO] Detect a image success.
2025-03-28 16:28:17,722 [INFO] Predict result is: {'category_id': [], 'bbox': [], 'score': []}
2025-03-28 16:28:17,722 [INFO] Speed: 162.7/1.0/163.7 ms inference/NMS/total per 640x640 image at batch-size 1;
2025-03-28 16:28:17,722 [INFO] Detect a image success.
2025-03-28 16:28:17,893 [INFO] Predict result is: {'category_id': [], 'bbox': [], 'score': []}
2025-03-28 16:28:17,893 [INFO] Speed: 162.2/2.2/164.4 ms inference/NMS/total per 640x640 image at batch-size 1;
2025-03-28 16:28:17,893 [INFO] Detect a image success.
2025-03-28 16:28:18,060 [INFO] Predict result is: {'category_id': [], 'bbox': [], 'score': []}
2025-03-28 16:28:18,060 [INFO] Speed: 156.4/2.1/158.5 ms inference/NMS/total per 640x640 image at batch-size 1;
2025-03-28 16:28:18,060 [INFO] Detect a image success.
2025-03-28 16:28:18,231 [INFO] Predict result is: {'category_id': [], 'bbox': [], 'score': []}
2025-03-28 16:28:18,231 [INFO] Speed: 160.5/2.2/162.7 ms inference/NMS/total per 640x640 image at batch-size 1;
2025-03-28 16:28:18,231 [INFO] Detect a image success.
2025-03-28 16:28:18,391 [INFO] Predict result is: {'category_id': [], 'bbox': [], 'score': []}
2025-03-28 16:28:18,391 [INFO] Speed: 148.7/1.1/149.8 ms inference/NMS/total per 640x640 image at batch-size 1;
2025-03-28 16:28:18,391 [INFO] Detect a image success.
2025-03-28 16:28:18,560 [INFO] Predict result is: {'category_id': [], 'bbox': [], 'score': []}
2025-03-28 16:28:18,561 [INFO] Speed: 158.2/1.0/159.3 ms inference/NMS/total per 640x640 image at batch-size 1;
2025-03-28 16:28:18,561 [INFO] Detect a image success.
2025-03-28 16:28:18,729 [INFO] Predict result is: {'category_id': [], 'bbox': [], 'score': []}
2025-03-28 16:28:18,730 [INFO] Speed: 159.1/1.0/160.2 ms inference/NMS/total per 640x640 image at batch-size 1;
2025-03-28 16:28:18,730 [INFO] Detect a image success.
2025-03-28 16:28:18,895 [INFO] Predict result is: {'category_id': [], 'bbox': [], 'score': []}
2025-03-28 16:28:18,896 [INFO] Speed: 155.1/1.0/156.2 ms inference/NMS/total per 640x640 image at batch-size 1;
2025-03-28 16:28:18,896 [INFO] Detect a image success.
2025-03-28 16:28:19,066 [INFO] Predict result is: {'category_id': [], 'bbox': [], 'score': []}
2025-03-28 16:28:19,066 [INFO] Speed: 161.8/1.0/162.8 ms inference/NMS/total per 640x640 image at batch-size 1;
2025-03-28 16:28:19,066 [INFO] Detect a image success.
2025-03-28 16:28:19,234 [INFO] Predict result is: {'category_id': [], 'bbox': [], 'score': []}
2025-03-28 16:28:19,235 [INFO] Speed: 158.1/1.2/159.3 ms inference/NMS/total per 640x640 image at batch-size 1;
2025-03-28 16:28:19,235 [INFO] Detect a image success.
2025-03-28 16:28:19,235 [WARNING] No valid predictions in batch 2
