2025-03-21 22:48:38,078 [WARNING] Parse Model, args: nearest, keep str type
2025-03-21 22:48:38,091 [WARNING] Parse Model, args: nearest, keep str type
2025-03-21 22:48:38,184 [INFO] number of network params, total: 11.159505M, trainable: 11.139454M
2025-03-21 22:48:38,325 [INFO] Load checkpoint from [yolov8s141.ckpt] success.
2025-03-21 22:48:42,097 [INFO] Predict result is: {'category_id': [], 'bbox': [], 'score': []}
2025-03-21 22:48:42,098 [INFO] Speed: 1856.7/1.1/1857.8 ms inference/NMS/total per 640x640 image at batch-size 1;
2025-03-21 22:48:42,098 [INFO] Detect a image success.
2025-03-21 22:48:42,440 [INFO] Predict result is: {'category_id': [], 'bbox': [], 'score': []}
2025-03-21 22:48:42,440 [INFO] Speed: 152.6/2.4/155.0 ms inference/NMS/total per 640x640 image at batch-size 1;
2025-03-21 22:48:42,440 [INFO] Detect a image success.
2025-03-21 22:48:42,637 [INFO] Predict result is: {'category_id': [], 'bbox': [], 'score': []}
2025-03-21 22:48:42,637 [INFO] Speed: 171.7/2.2/173.9 ms inference/NMS/total per 640x640 image at batch-size 1;
2025-03-21 22:48:42,637 [INFO] Detect a image success.
2025-03-21 22:48:42,837 [INFO] Predict result is: {'category_id': [], 'bbox': [], 'score': []}
2025-03-21 22:48:42,838 [INFO] Speed: 158.3/1.2/159.5 ms inference/NMS/total per 640x640 image at batch-size 1;
2025-03-21 22:48:42,838 [INFO] Detect a image success.
2025-03-21 22:48:43,128 [INFO] Predict result is: {'category_id': [], 'bbox': [], 'score': []}
2025-03-21 22:48:43,128 [INFO] Speed: 261.6/2.1/263.8 ms inference/NMS/total per 640x640 image at batch-size 1;
2025-03-21 22:48:43,128 [INFO] Detect a image success.
2025-03-21 22:48:43,340 [INFO] Predict result is: {'category_id': [], 'bbox': [], 'score': []}
2025-03-21 22:48:43,341 [INFO] Speed: 179.1/2.2/181.3 ms inference/NMS/total per 640x640 image at batch-size 1;
2025-03-21 22:48:43,341 [INFO] Detect a image success.
2025-03-21 22:48:43,544 [INFO] Predict result is: {'category_id': [], 'bbox': [], 'score': []}
2025-03-21 22:48:43,545 [INFO] Speed: 166.5/2.2/168.7 ms inference/NMS/total per 640x640 image at batch-size 1;
2025-03-21 22:48:43,545 [INFO] Detect a image success.
2025-03-21 22:48:43,710 [INFO] Predict result is: {'category_id': [], 'bbox': [], 'score': []}
2025-03-21 22:48:43,711 [INFO] Speed: 139.1/2.1/141.3 ms inference/NMS/total per 640x640 image at batch-size 1;
2025-03-21 22:48:43,711 [INFO] Detect a image success.
2025-03-21 22:48:43,878 [INFO] Predict result is: {'category_id': [], 'bbox': [], 'score': []}
2025-03-21 22:48:43,879 [INFO] Speed: 141.5/1.1/142.6 ms inference/NMS/total per 640x640 image at batch-size 1;
2025-03-21 22:48:43,879 [INFO] Detect a image success.
2025-03-21 22:48:44,057 [INFO] Predict result is: {'category_id': [], 'bbox': [], 'score': []}
2025-03-21 22:48:44,058 [INFO] Speed: 150.6/2.1/152.7 ms inference/NMS/total per 640x640 image at batch-size 1;
2025-03-21 22:48:44,058 [INFO] Detect a image success.
2025-03-21 22:48:44,197 [INFO] Predict result is: {'category_id': [], 'bbox': [], 'score': []}
2025-03-21 22:48:44,197 [INFO] Speed: 109.6/1.2/110.8 ms inference/NMS/total per 640x640 image at batch-size 1;
2025-03-21 22:48:44,198 [INFO] Detect a image success.
2025-03-21 22:48:44,326 [INFO] Predict result is: {'category_id': [], 'bbox': [], 'score': []}
2025-03-21 22:48:44,326 [INFO] Speed: 107.3/2.2/109.6 ms inference/NMS/total per 640x640 image at batch-size 1;
2025-03-21 22:48:44,326 [INFO] Detect a image success.
2025-03-21 22:48:44,457 [INFO] Predict result is: {'category_id': [], 'bbox': [], 'score': []}
2025-03-21 22:48:44,457 [INFO] Speed: 101.6/2.5/104.1 ms inference/NMS/total per 640x640 image at batch-size 1;
2025-03-21 22:48:44,457 [INFO] Detect a image success.
2025-03-21 22:48:44,596 [INFO] Predict result is: {'category_id': [], 'bbox': [], 'score': []}
2025-03-21 22:48:44,596 [INFO] Speed: 102.9/2.1/105.0 ms inference/NMS/total per 640x640 image at batch-size 1;
2025-03-21 22:48:44,596 [INFO] Detect a image success.
2025-03-21 22:48:44,743 [INFO] Predict result is: {'category_id': [], 'bbox': [], 'score': []}
2025-03-21 22:48:44,743 [INFO] Speed: 112.5/2.4/114.9 ms inference/NMS/total per 640x640 image at batch-size 1;
2025-03-21 22:48:44,743 [INFO] Detect a image success.
2025-03-21 22:48:44,875 [INFO] Predict result is: {'category_id': [], 'bbox': [], 'score': []}
2025-03-21 22:48:44,875 [INFO] Speed: 107.3/2.6/109.9 ms inference/NMS/total per 640x640 image at batch-size 1;
2025-03-21 22:48:44,875 [INFO] Detect a image success.
2025-03-21 22:48:45,011 [INFO] Predict result is: {'category_id': [], 'bbox': [], 'score': []}
2025-03-21 22:48:45,011 [INFO] Speed: 105.0/2.1/107.2 ms inference/NMS/total per 640x640 image at batch-size 1;
2025-03-21 22:48:45,012 [INFO] Detect a image success.
2025-03-21 22:48:45,146 [INFO] Predict result is: {'category_id': [], 'bbox': [], 'score': []}
2025-03-21 22:48:45,146 [INFO] Speed: 103.5/2.3/105.8 ms inference/NMS/total per 640x640 image at batch-size 1;
2025-03-21 22:48:45,146 [INFO] Detect a image success.
2025-03-21 22:48:45,269 [INFO] Predict result is: {'category_id': [], 'bbox': [], 'score': []}
2025-03-21 22:48:45,269 [INFO] Speed: 103.5/2.1/105.6 ms inference/NMS/total per 640x640 image at batch-size 1;
2025-03-21 22:48:45,269 [INFO] Detect a image success.
2025-03-21 22:48:45,407 [INFO] Predict result is: {'category_id': [], 'bbox': [], 'score': []}
2025-03-21 22:48:45,407 [INFO] Speed: 103.6/2.4/106.0 ms inference/NMS/total per 640x640 image at batch-size 1;
2025-03-21 22:48:45,407 [INFO] Detect a image success.
2025-03-21 22:48:45,538 [INFO] Predict result is: {'category_id': [], 'bbox': [], 'score': []}
2025-03-21 22:48:45,539 [INFO] Speed: 97.3/1.2/98.5 ms inference/NMS/total per 640x640 image at batch-size 1;
2025-03-21 22:48:45,539 [INFO] Detect a image success.
2025-03-21 22:48:45,661 [INFO] Predict result is: {'category_id': [], 'bbox': [], 'score': []}
2025-03-21 22:48:45,662 [INFO] Speed: 99.6/1.1/100.7 ms inference/NMS/total per 640x640 image at batch-size 1;
2025-03-21 22:48:45,662 [INFO] Detect a image success.
2025-03-21 22:48:45,786 [INFO] Predict result is: {'category_id': [], 'bbox': [], 'score': []}
2025-03-21 22:48:45,786 [INFO] Speed: 102.1/1.3/103.5 ms inference/NMS/total per 640x640 image at batch-size 1;
2025-03-21 22:48:45,787 [INFO] Detect a image success.
2025-03-21 22:48:45,906 [INFO] Predict result is: {'category_id': [], 'bbox': [], 'score': []}
2025-03-21 22:48:45,906 [INFO] Speed: 97.0/2.1/99.1 ms inference/NMS/total per 640x640 image at batch-size 1;
2025-03-21 22:48:45,906 [INFO] Detect a image success.
2025-03-21 22:48:46,027 [INFO] Predict result is: {'category_id': [], 'bbox': [], 'score': []}
2025-03-21 22:48:46,027 [INFO] Speed: 96.5/2.2/98.7 ms inference/NMS/total per 640x640 image at batch-size 1;
2025-03-21 22:48:46,027 [INFO] Detect a image success.
2025-03-21 22:48:46,153 [INFO] Predict result is: {'category_id': [], 'bbox': [], 'score': []}
2025-03-21 22:48:46,153 [INFO] Speed: 102.3/2.2/104.5 ms inference/NMS/total per 640x640 image at batch-size 1;
2025-03-21 22:48:46,153 [INFO] Detect a image success.
2025-03-21 22:48:46,271 [INFO] Predict result is: {'category_id': [], 'bbox': [], 'score': []}
2025-03-21 22:48:46,272 [INFO] Speed: 98.8/1.0/99.9 ms inference/NMS/total per 640x640 image at batch-size 1;
2025-03-21 22:48:46,272 [INFO] Detect a image success.
2025-03-21 22:48:46,392 [INFO] Predict result is: {'category_id': [], 'bbox': [], 'score': []}
2025-03-21 22:48:46,392 [INFO] Speed: 95.9/2.2/98.1 ms inference/NMS/total per 640x640 image at batch-size 1;
2025-03-21 22:48:46,392 [INFO] Detect a image success.
2025-03-21 22:48:46,514 [INFO] Predict result is: {'category_id': [], 'bbox': [], 'score': []}
2025-03-21 22:48:46,514 [INFO] Speed: 96.3/2.1/98.4 ms inference/NMS/total per 640x640 image at batch-size 1;
2025-03-21 22:48:46,514 [INFO] Detect a image success.
2025-03-21 22:48:46,635 [INFO] Predict result is: {'category_id': [], 'bbox': [], 'score': []}
2025-03-21 22:48:46,635 [INFO] Speed: 95.7/2.1/97.8 ms inference/NMS/total per 640x640 image at batch-size 1;
2025-03-21 22:48:46,636 [INFO] Detect a image success.
2025-03-21 22:48:46,760 [INFO] Predict result is: {'category_id': [], 'bbox': [], 'score': []}
2025-03-21 22:48:46,760 [INFO] Speed: 99.5/2.2/101.7 ms inference/NMS/total per 640x640 image at batch-size 1;
2025-03-21 22:48:46,760 [INFO] Detect a image success.
2025-03-21 22:48:46,876 [INFO] Predict result is: {'category_id': [], 'bbox': [], 'score': []}
2025-03-21 22:48:46,876 [INFO] Speed: 94.8/1.5/96.3 ms inference/NMS/total per 640x640 image at batch-size 1;
2025-03-21 22:48:46,876 [INFO] Detect a image success.
2025-03-21 22:48:47,002 [INFO] Predict result is: {'category_id': [], 'bbox': [], 'score': []}
2025-03-21 22:48:47,002 [INFO] Speed: 98.4/2.1/100.5 ms inference/NMS/total per 640x640 image at batch-size 1;
2025-03-21 22:48:47,002 [INFO] Detect a image success.
2025-03-21 22:48:47,123 [INFO] Predict result is: {'category_id': [], 'bbox': [], 'score': []}
2025-03-21 22:48:47,123 [INFO] Speed: 97.0/2.2/99.2 ms inference/NMS/total per 640x640 image at batch-size 1;
2025-03-21 22:48:47,123 [INFO] Detect a image success.
2025-03-21 22:48:47,246 [INFO] Predict result is: {'category_id': [], 'bbox': [], 'score': []}
2025-03-21 22:48:47,246 [INFO] Speed: 97.6/1.5/99.1 ms inference/NMS/total per 640x640 image at batch-size 1;
2025-03-21 22:48:47,246 [INFO] Detect a image success.
2025-03-21 22:48:47,367 [INFO] Predict result is: {'category_id': [], 'bbox': [], 'score': []}
2025-03-21 22:48:47,368 [INFO] Speed: 96.0/2.3/98.3 ms inference/NMS/total per 640x640 image at batch-size 1;
2025-03-21 22:48:47,368 [INFO] Detect a image success.
2025-03-21 22:48:47,491 [INFO] Predict result is: {'category_id': [], 'bbox': [], 'score': []}
2025-03-21 22:48:47,491 [INFO] Speed: 97.9/2.5/100.4 ms inference/NMS/total per 640x640 image at batch-size 1;
2025-03-21 22:48:47,491 [INFO] Detect a image success.
2025-03-21 22:48:47,612 [INFO] Predict result is: {'category_id': [], 'bbox': [], 'score': []}
2025-03-21 22:48:47,612 [INFO] Speed: 95.8/2.2/98.0 ms inference/NMS/total per 640x640 image at batch-size 1;
2025-03-21 22:48:47,612 [INFO] Detect a image success.
2025-03-21 22:48:47,729 [INFO] Predict result is: {'category_id': [], 'bbox': [], 'score': []}
2025-03-21 22:48:47,730 [INFO] Speed: 95.3/1.1/96.4 ms inference/NMS/total per 640x640 image at batch-size 1;
2025-03-21 22:48:47,730 [INFO] Detect a image success.
2025-03-21 22:48:47,855 [INFO] Predict result is: {'category_id': [], 'bbox': [], 'score': []}
2025-03-21 22:48:47,857 [INFO] Speed: 100.7/1.1/101.8 ms inference/NMS/total per 640x640 image at batch-size 1;
2025-03-21 22:48:47,857 [INFO] Detect a image success.
2025-03-21 22:48:47,982 [INFO] Predict result is: {'category_id': [], 'bbox': [], 'score': []}
2025-03-21 22:48:47,982 [INFO] Speed: 104.9/1.3/106.2 ms inference/NMS/total per 640x640 image at batch-size 1;
2025-03-21 22:48:47,982 [INFO] Detect a image success.
2025-03-21 22:48:48,117 [INFO] Predict result is: {'category_id': [], 'bbox': [], 'score': []}
2025-03-21 22:48:48,117 [INFO] Speed: 101.4/2.9/104.3 ms inference/NMS/total per 640x640 image at batch-size 1;
2025-03-21 22:48:48,117 [INFO] Detect a image success.
2025-03-21 22:48:48,239 [INFO] Predict result is: {'category_id': [], 'bbox': [], 'score': []}
2025-03-21 22:48:48,239 [INFO] Speed: 99.7/2.5/102.3 ms inference/NMS/total per 640x640 image at batch-size 1;
2025-03-21 22:48:48,239 [INFO] Detect a image success.
2025-03-21 22:48:48,363 [INFO] Predict result is: {'category_id': [], 'bbox': [], 'score': []}
2025-03-21 22:48:48,363 [INFO] Speed: 99.9/3.1/103.0 ms inference/NMS/total per 640x640 image at batch-size 1;
2025-03-21 22:48:48,363 [INFO] Detect a image success.
2025-03-21 22:48:48,483 [INFO] Predict result is: {'category_id': [], 'bbox': [], 'score': []}
2025-03-21 22:48:48,483 [INFO] Speed: 97.0/2.4/99.3 ms inference/NMS/total per 640x640 image at batch-size 1;
2025-03-21 22:48:48,483 [INFO] Detect a image success.
2025-03-21 22:48:48,607 [INFO] Predict result is: {'category_id': [], 'bbox': [], 'score': []}
2025-03-21 22:48:48,607 [INFO] Speed: 97.9/2.5/100.4 ms inference/NMS/total per 640x640 image at batch-size 1;
2025-03-21 22:48:48,607 [INFO] Detect a image success.
2025-03-21 22:48:48,735 [INFO] Predict result is: {'category_id': [], 'bbox': [], 'score': []}
2025-03-21 22:48:48,736 [INFO] Speed: 104.8/1.2/106.0 ms inference/NMS/total per 640x640 image at batch-size 1;
2025-03-21 22:48:48,736 [INFO] Detect a image success.
2025-03-21 22:48:48,867 [INFO] Predict result is: {'category_id': [], 'bbox': [], 'score': []}
2025-03-21 22:48:48,867 [INFO] Speed: 97.9/1.2/99.1 ms inference/NMS/total per 640x640 image at batch-size 1;
2025-03-21 22:48:48,868 [INFO] Detect a image success.
2025-03-21 22:48:48,991 [INFO] Predict result is: {'category_id': [], 'bbox': [], 'score': []}
2025-03-21 22:48:48,991 [INFO] Speed: 98.9/2.3/101.2 ms inference/NMS/total per 640x640 image at batch-size 1;
2025-03-21 22:48:48,991 [INFO] Detect a image success.
2025-03-21 22:48:49,108 [INFO] Predict result is: {'category_id': [], 'bbox': [], 'score': []}
2025-03-21 22:48:49,110 [INFO] Speed: 95.1/1.3/96.4 ms inference/NMS/total per 640x640 image at batch-size 1;
2025-03-21 22:48:49,110 [INFO] Detect a image success.
2025-03-21 22:48:49,235 [INFO] Predict result is: {'category_id': [], 'bbox': [], 'score': []}
2025-03-21 22:48:49,235 [INFO] Speed: 97.3/2.5/99.8 ms inference/NMS/total per 640x640 image at batch-size 1;
2025-03-21 22:48:49,235 [INFO] Detect a image success.
2025-03-21 22:48:49,361 [INFO] Predict result is: {'category_id': [], 'bbox': [], 'score': []}
2025-03-21 22:48:49,363 [INFO] Speed: 101.8/1.1/102.8 ms inference/NMS/total per 640x640 image at batch-size 1;
2025-03-21 22:48:49,363 [INFO] Detect a image success.
2025-03-21 22:48:49,483 [INFO] Predict result is: {'category_id': [], 'bbox': [], 'score': []}
2025-03-21 22:48:49,483 [INFO] Speed: 98.0/2.5/100.5 ms inference/NMS/total per 640x640 image at batch-size 1;
2025-03-21 22:48:49,483 [INFO] Detect a image success.
2025-03-21 22:48:49,601 [INFO] Predict result is: {'category_id': [], 'bbox': [], 'score': []}
2025-03-21 22:48:49,601 [INFO] Speed: 95.4/2.5/97.9 ms inference/NMS/total per 640x640 image at batch-size 1;
2025-03-21 22:48:49,601 [INFO] Detect a image success.
2025-03-21 22:48:49,728 [INFO] Predict result is: {'category_id': [], 'bbox': [], 'score': []}
2025-03-21 22:48:49,728 [INFO] Speed: 101.3/2.4/103.7 ms inference/NMS/total per 640x640 image at batch-size 1;
2025-03-21 22:48:49,728 [INFO] Detect a image success.
2025-03-21 22:48:49,847 [INFO] Predict result is: {'category_id': [], 'bbox': [], 'score': []}
2025-03-21 22:48:49,848 [INFO] Speed: 96.6/1.2/97.8 ms inference/NMS/total per 640x640 image at batch-size 1;
2025-03-21 22:48:49,848 [INFO] Detect a image success.
2025-03-21 22:48:49,971 [INFO] Predict result is: {'category_id': [], 'bbox': [], 'score': []}
2025-03-21 22:48:49,971 [INFO] Speed: 98.7/1.3/100.1 ms inference/NMS/total per 640x640 image at batch-size 1;
2025-03-21 22:48:49,971 [INFO] Detect a image success.
2025-03-21 22:48:50,093 [INFO] Predict result is: {'category_id': [], 'bbox': [], 'score': []}
2025-03-21 22:48:50,093 [INFO] Speed: 99.1/1.3/100.4 ms inference/NMS/total per 640x640 image at batch-size 1;
2025-03-21 22:48:50,093 [INFO] Detect a image success.
2025-03-21 22:48:50,219 [INFO] Predict result is: {'category_id': [], 'bbox': [], 'score': []}
2025-03-21 22:48:50,219 [INFO] Speed: 102.4/1.4/103.7 ms inference/NMS/total per 640x640 image at batch-size 1;
2025-03-21 22:48:50,221 [INFO] Detect a image success.
2025-03-21 22:48:50,351 [INFO] Predict result is: {'category_id': [], 'bbox': [], 'score': []}
2025-03-21 22:48:50,351 [INFO] Speed: 98.4/2.6/101.1 ms inference/NMS/total per 640x640 image at batch-size 1;
2025-03-21 22:48:50,351 [INFO] Detect a image success.
2025-03-21 22:48:50,475 [INFO] Predict result is: {'category_id': [], 'bbox': [], 'score': []}
2025-03-21 22:48:50,475 [INFO] Speed: 98.7/1.5/100.3 ms inference/NMS/total per 640x640 image at batch-size 1;
2025-03-21 22:48:50,476 [INFO] Detect a image success.
2025-03-21 22:48:50,595 [INFO] Predict result is: {'category_id': [], 'bbox': [], 'score': []}
2025-03-21 22:48:50,596 [INFO] Speed: 97.4/1.4/98.8 ms inference/NMS/total per 640x640 image at batch-size 1;
2025-03-21 22:48:50,596 [INFO] Detect a image success.
2025-03-21 22:48:50,718 [INFO] Predict result is: {'category_id': [], 'bbox': [], 'score': []}
2025-03-21 22:48:50,718 [INFO] Speed: 97.8/1.3/99.1 ms inference/NMS/total per 640x640 image at batch-size 1;
2025-03-21 22:48:50,718 [INFO] Detect a image success.
2025-03-21 22:48:50,842 [INFO] Predict result is: {'category_id': [], 'bbox': [], 'score': []}
2025-03-21 22:48:50,843 [INFO] Speed: 98.8/1.2/100.1 ms inference/NMS/total per 640x640 image at batch-size 1;
2025-03-21 22:48:50,843 [INFO] Detect a image success.
2025-03-21 22:48:50,966 [INFO] Predict result is: {'category_id': [], 'bbox': [], 'score': []}
2025-03-21 22:48:50,966 [INFO] Speed: 99.2/2.3/101.5 ms inference/NMS/total per 640x640 image at batch-size 1;
2025-03-21 22:48:50,966 [INFO] Detect a image success.
2025-03-21 22:48:51,087 [INFO] Predict result is: {'category_id': [], 'bbox': [], 'score': []}
2025-03-21 22:48:51,088 [INFO] Speed: 99.3/1.1/100.5 ms inference/NMS/total per 640x640 image at batch-size 1;
2025-03-21 22:48:51,088 [INFO] Detect a image success.
2025-03-21 22:48:51,212 [INFO] Predict result is: {'category_id': [], 'bbox': [], 'score': []}
2025-03-21 22:48:51,212 [INFO] Speed: 96.1/2.2/98.3 ms inference/NMS/total per 640x640 image at batch-size 1;
2025-03-21 22:48:51,212 [INFO] Detect a image success.
2025-03-21 22:48:51,337 [INFO] Predict result is: {'category_id': [], 'bbox': [], 'score': []}
2025-03-21 22:48:51,337 [INFO] Speed: 97.8/2.4/100.2 ms inference/NMS/total per 640x640 image at batch-size 1;
2025-03-21 22:48:51,338 [INFO] Detect a image success.
2025-03-21 22:48:51,463 [INFO] Predict result is: {'category_id': [], 'bbox': [], 'score': []}
2025-03-21 22:48:51,463 [INFO] Speed: 102.5/2.2/104.7 ms inference/NMS/total per 640x640 image at batch-size 1;
2025-03-21 22:48:51,463 [INFO] Detect a image success.
2025-03-21 22:48:51,584 [INFO] Predict result is: {'category_id': [], 'bbox': [], 'score': []}
2025-03-21 22:48:51,584 [INFO] Speed: 100.1/2.5/102.6 ms inference/NMS/total per 640x640 image at batch-size 1;
2025-03-21 22:48:51,584 [INFO] Detect a image success.
2025-03-21 22:48:51,705 [INFO] Predict result is: {'category_id': [], 'bbox': [], 'score': []}
2025-03-21 22:48:51,705 [INFO] Speed: 99.4/2.6/102.0 ms inference/NMS/total per 640x640 image at batch-size 1;
2025-03-21 22:48:51,705 [INFO] Detect a image success.
2025-03-21 22:48:51,842 [INFO] Predict result is: {'category_id': [], 'bbox': [], 'score': []}
2025-03-21 22:48:51,842 [INFO] Speed: 115.7/1.3/117.0 ms inference/NMS/total per 640x640 image at batch-size 1;
2025-03-21 22:48:51,842 [INFO] Detect a image success.
2025-03-21 22:48:51,965 [INFO] Predict result is: {'category_id': [], 'bbox': [], 'score': []}
2025-03-21 22:48:51,965 [INFO] Speed: 99.4/2.3/101.7 ms inference/NMS/total per 640x640 image at batch-size 1;
2025-03-21 22:48:51,965 [INFO] Detect a image success.
2025-03-21 22:48:52,087 [INFO] Predict result is: {'category_id': [], 'bbox': [], 'score': []}
2025-03-21 22:48:52,087 [INFO] Speed: 98.0/2.3/100.3 ms inference/NMS/total per 640x640 image at batch-size 1;
2025-03-21 22:48:52,087 [INFO] Detect a image success.
2025-03-21 22:48:52,207 [INFO] Predict result is: {'category_id': [], 'bbox': [], 'score': []}
2025-03-21 22:48:52,207 [INFO] Speed: 96.7/2.3/98.9 ms inference/NMS/total per 640x640 image at batch-size 1;
2025-03-21 22:48:52,207 [INFO] Detect a image success.
2025-03-21 22:48:52,331 [INFO] Predict result is: {'category_id': [], 'bbox': [], 'score': []}
2025-03-21 22:48:52,331 [INFO] Speed: 97.0/2.3/99.4 ms inference/NMS/total per 640x640 image at batch-size 1;
2025-03-21 22:48:52,331 [INFO] Detect a image success.
2025-03-21 22:48:52,454 [INFO] Predict result is: {'category_id': [], 'bbox': [], 'score': []}
2025-03-21 22:48:52,454 [INFO] Speed: 100.4/1.2/101.7 ms inference/NMS/total per 640x640 image at batch-size 1;
2025-03-21 22:48:52,454 [INFO] Detect a image success.
2025-03-21 22:48:52,574 [INFO] Predict result is: {'category_id': [], 'bbox': [], 'score': []}
2025-03-21 22:48:52,574 [INFO] Speed: 99.0/2.3/101.4 ms inference/NMS/total per 640x640 image at batch-size 1;
2025-03-21 22:48:52,575 [INFO] Detect a image success.
2025-03-21 22:48:52,695 [INFO] Predict result is: {'category_id': [], 'bbox': [], 'score': []}
2025-03-21 22:48:52,695 [INFO] Speed: 98.5/1.2/99.7 ms inference/NMS/total per 640x640 image at batch-size 1;
2025-03-21 22:48:52,696 [INFO] Detect a image success.
2025-03-21 22:48:52,819 [INFO] Predict result is: {'category_id': [], 'bbox': [], 'score': []}
2025-03-21 22:48:52,819 [INFO] Speed: 100.2/2.5/102.7 ms inference/NMS/total per 640x640 image at batch-size 1;
2025-03-21 22:48:52,819 [INFO] Detect a image success.
2025-03-21 22:48:52,943 [INFO] Predict result is: {'category_id': [], 'bbox': [], 'score': []}
2025-03-21 22:48:52,943 [INFO] Speed: 102.3/2.4/104.7 ms inference/NMS/total per 640x640 image at batch-size 1;
2025-03-21 22:48:52,943 [INFO] Detect a image success.
2025-03-21 22:48:53,062 [INFO] Predict result is: {'category_id': [], 'bbox': [], 'score': []}
2025-03-21 22:48:53,063 [INFO] Speed: 98.8/1.1/99.9 ms inference/NMS/total per 640x640 image at batch-size 1;
2025-03-21 22:48:53,063 [INFO] Detect a image success.
2025-03-21 22:48:53,183 [INFO] Predict result is: {'category_id': [], 'bbox': [], 'score': []}
2025-03-21 22:48:53,183 [INFO] Speed: 98.9/1.2/100.1 ms inference/NMS/total per 640x640 image at batch-size 1;
2025-03-21 22:48:53,183 [INFO] Detect a image success.
2025-03-21 22:48:53,303 [INFO] Predict result is: {'category_id': [], 'bbox': [], 'score': []}
2025-03-21 22:48:53,304 [INFO] Speed: 97.2/1.3/98.5 ms inference/NMS/total per 640x640 image at batch-size 1;
2025-03-21 22:48:53,304 [INFO] Detect a image success.
2025-03-21 22:48:53,427 [INFO] Predict result is: {'category_id': [], 'bbox': [], 'score': []}
2025-03-21 22:48:53,427 [INFO] Speed: 98.7/1.2/99.9 ms inference/NMS/total per 640x640 image at batch-size 1;
2025-03-21 22:48:53,427 [INFO] Detect a image success.
2025-03-21 22:48:53,548 [INFO] Predict result is: {'category_id': [], 'bbox': [], 'score': []}
2025-03-21 22:48:53,548 [INFO] Speed: 95.1/2.5/97.6 ms inference/NMS/total per 640x640 image at batch-size 1;
2025-03-21 22:48:53,548 [INFO] Detect a image success.
2025-03-21 22:48:53,673 [INFO] Predict result is: {'category_id': [], 'bbox': [], 'score': []}
2025-03-21 22:48:53,673 [INFO] Speed: 97.1/1.3/98.4 ms inference/NMS/total per 640x640 image at batch-size 1;
2025-03-21 22:48:53,673 [INFO] Detect a image success.
2025-03-21 22:48:53,796 [INFO] Predict result is: {'category_id': [], 'bbox': [], 'score': []}
2025-03-21 22:48:53,798 [INFO] Speed: 98.5/1.1/99.6 ms inference/NMS/total per 640x640 image at batch-size 1;
2025-03-21 22:48:53,798 [INFO] Detect a image success.
2025-03-21 22:48:53,919 [INFO] Predict result is: {'category_id': [], 'bbox': [], 'score': []}
2025-03-21 22:48:53,919 [INFO] Speed: 98.4/1.3/99.6 ms inference/NMS/total per 640x640 image at batch-size 1;
2025-03-21 22:48:53,921 [INFO] Detect a image success.
2025-03-21 22:48:54,045 [INFO] Predict result is: {'category_id': [], 'bbox': [], 'score': []}
2025-03-21 22:48:54,045 [INFO] Speed: 100.3/1.1/101.5 ms inference/NMS/total per 640x640 image at batch-size 1;
2025-03-21 22:48:54,045 [INFO] Detect a image success.
2025-03-21 22:48:54,168 [INFO] Predict result is: {'category_id': [], 'bbox': [], 'score': []}
2025-03-21 22:48:54,170 [INFO] Speed: 103.0/1.2/104.2 ms inference/NMS/total per 640x640 image at batch-size 1;
2025-03-21 22:48:54,170 [INFO] Detect a image success.
2025-03-21 22:48:54,303 [INFO] Predict result is: {'category_id': [], 'bbox': [], 'score': []}
2025-03-21 22:48:54,304 [INFO] Speed: 98.4/2.3/100.7 ms inference/NMS/total per 640x640 image at batch-size 1;
2025-03-21 22:48:54,304 [INFO] Detect a image success.
2025-03-21 22:48:54,429 [INFO] Predict result is: {'category_id': [], 'bbox': [], 'score': []}
2025-03-21 22:48:54,429 [INFO] Speed: 100.9/2.3/103.2 ms inference/NMS/total per 640x640 image at batch-size 1;
2025-03-21 22:48:54,429 [INFO] Detect a image success.
2025-03-21 22:48:54,551 [INFO] Predict result is: {'category_id': [], 'bbox': [], 'score': []}
2025-03-21 22:48:54,551 [INFO] Speed: 100.6/2.3/102.9 ms inference/NMS/total per 640x640 image at batch-size 1;
2025-03-21 22:48:54,552 [INFO] Detect a image success.
2025-03-21 22:48:54,672 [INFO] Predict result is: {'category_id': [], 'bbox': [], 'score': []}
2025-03-21 22:48:54,673 [INFO] Speed: 97.0/2.3/99.3 ms inference/NMS/total per 640x640 image at batch-size 1;
2025-03-21 22:48:54,673 [INFO] Detect a image success.
2025-03-21 22:48:54,790 [INFO] Predict result is: {'category_id': [], 'bbox': [], 'score': []}
2025-03-21 22:48:54,790 [INFO] Speed: 94.0/1.2/95.3 ms inference/NMS/total per 640x640 image at batch-size 1;
2025-03-21 22:48:54,790 [INFO] Detect a image success.
2025-03-21 22:48:54,915 [INFO] Predict result is: {'category_id': [], 'bbox': [], 'score': []}
2025-03-21 22:48:54,915 [INFO] Speed: 95.8/2.4/98.2 ms inference/NMS/total per 640x640 image at batch-size 1;
2025-03-21 22:48:54,915 [INFO] Detect a image success.
2025-03-21 22:48:55,040 [INFO] Predict result is: {'category_id': [], 'bbox': [], 'score': []}
2025-03-21 22:48:55,041 [INFO] Speed: 99.1/1.2/100.3 ms inference/NMS/total per 640x640 image at batch-size 1;
2025-03-21 22:48:55,041 [INFO] Detect a image success.
2025-03-21 22:48:55,164 [INFO] Predict result is: {'category_id': [], 'bbox': [], 'score': []}
2025-03-21 22:48:55,164 [INFO] Speed: 98.9/2.2/101.1 ms inference/NMS/total per 640x640 image at batch-size 1;
2025-03-21 22:48:55,164 [INFO] Detect a image success.
2025-03-21 22:48:55,285 [INFO] Predict result is: {'category_id': [], 'bbox': [], 'score': []}
2025-03-21 22:48:55,285 [INFO] Speed: 98.8/2.2/101.0 ms inference/NMS/total per 640x640 image at batch-size 1;
2025-03-21 22:48:55,285 [INFO] Detect a image success.
2025-03-21 22:48:55,410 [INFO] Predict result is: {'category_id': [], 'bbox': [], 'score': []}
2025-03-21 22:48:55,410 [INFO] Speed: 99.6/2.4/102.0 ms inference/NMS/total per 640x640 image at batch-size 1;
2025-03-21 22:48:55,410 [INFO] Detect a image success.
2025-03-21 22:48:55,530 [INFO] Predict result is: {'category_id': [], 'bbox': [], 'score': []}
2025-03-21 22:48:55,530 [INFO] Speed: 97.1/2.5/99.6 ms inference/NMS/total per 640x640 image at batch-size 1;
2025-03-21 22:48:55,532 [INFO] Detect a image success.
2025-03-21 22:48:55,651 [INFO] Predict result is: {'category_id': [], 'bbox': [], 'score': []}
2025-03-21 22:48:55,651 [INFO] Speed: 96.9/2.9/99.9 ms inference/NMS/total per 640x640 image at batch-size 1;
2025-03-21 22:48:55,651 [INFO] Detect a image success.
2025-03-21 22:48:55,773 [INFO] Predict result is: {'category_id': [], 'bbox': [], 'score': []}
2025-03-21 22:48:55,773 [INFO] Speed: 97.0/2.4/99.5 ms inference/NMS/total per 640x640 image at batch-size 1;
2025-03-21 22:48:55,773 [INFO] Detect a image success.
2025-03-21 22:48:55,893 [INFO] Predict result is: {'category_id': [], 'bbox': [], 'score': []}
2025-03-21 22:48:55,893 [INFO] Speed: 95.9/2.4/98.3 ms inference/NMS/total per 640x640 image at batch-size 1;
2025-03-21 22:48:55,893 [INFO] Detect a image success.
2025-03-21 22:48:56,019 [INFO] Predict result is: {'category_id': [], 'bbox': [], 'score': []}
2025-03-21 22:48:56,019 [INFO] Speed: 103.3/2.4/105.6 ms inference/NMS/total per 640x640 image at batch-size 1;
2025-03-21 22:48:56,019 [INFO] Detect a image success.
2025-03-21 22:48:56,155 [INFO] Predict result is: {'category_id': [], 'bbox': [], 'score': []}
2025-03-21 22:48:56,155 [INFO] Speed: 99.7/2.6/102.3 ms inference/NMS/total per 640x640 image at batch-size 1;
2025-03-21 22:48:56,155 [INFO] Detect a image success.
2025-03-21 22:48:56,276 [INFO] Predict result is: {'category_id': [], 'bbox': [], 'score': []}
2025-03-21 22:48:56,276 [INFO] Speed: 99.8/2.3/102.1 ms inference/NMS/total per 640x640 image at batch-size 1;
2025-03-21 22:48:56,276 [INFO] Detect a image success.
2025-03-21 22:48:56,396 [INFO] Predict result is: {'category_id': [], 'bbox': [], 'score': []}
2025-03-21 22:48:56,396 [INFO] Speed: 98.0/2.4/100.4 ms inference/NMS/total per 640x640 image at batch-size 1;
2025-03-21 22:48:56,396 [INFO] Detect a image success.
2025-03-21 22:48:56,518 [INFO] Predict result is: {'category_id': [], 'bbox': [], 'score': []}
2025-03-21 22:48:56,518 [INFO] Speed: 98.0/2.2/100.2 ms inference/NMS/total per 640x640 image at batch-size 1;
2025-03-21 22:48:56,519 [INFO] Detect a image success.
2025-03-21 22:48:56,640 [INFO] Predict result is: {'category_id': [], 'bbox': [], 'score': []}
2025-03-21 22:48:56,641 [INFO] Speed: 97.7/1.3/98.9 ms inference/NMS/total per 640x640 image at batch-size 1;
2025-03-21 22:48:56,641 [INFO] Detect a image success.
2025-03-21 22:48:56,763 [INFO] Predict result is: {'category_id': [], 'bbox': [], 'score': []}
2025-03-21 22:48:56,763 [INFO] Speed: 99.3/2.2/101.5 ms inference/NMS/total per 640x640 image at batch-size 1;
2025-03-21 22:48:56,763 [INFO] Detect a image success.
2025-03-21 22:48:56,880 [INFO] Predict result is: {'category_id': [], 'bbox': [], 'score': []}
2025-03-21 22:48:56,880 [INFO] Speed: 94.0/2.3/96.3 ms inference/NMS/total per 640x640 image at batch-size 1;
2025-03-21 22:48:56,880 [INFO] Detect a image success.
2025-03-21 22:48:57,006 [INFO] Predict result is: {'category_id': [], 'bbox': [], 'score': []}
2025-03-21 22:48:57,006 [INFO] Speed: 97.9/2.3/100.3 ms inference/NMS/total per 640x640 image at batch-size 1;
2025-03-21 22:48:57,006 [INFO] Detect a image success.
2025-03-21 22:48:57,126 [INFO] Predict result is: {'category_id': [], 'bbox': [], 'score': []}
2025-03-21 22:48:57,127 [INFO] Speed: 97.7/1.1/98.7 ms inference/NMS/total per 640x640 image at batch-size 1;
2025-03-21 22:48:57,127 [INFO] Detect a image success.
2025-03-21 22:48:57,246 [INFO] Predict result is: {'category_id': [], 'bbox': [], 'score': []}
2025-03-21 22:48:57,246 [INFO] Speed: 94.1/3.2/97.2 ms inference/NMS/total per 640x640 image at batch-size 1;
2025-03-21 22:48:57,246 [INFO] Detect a image success.
2025-03-21 22:48:57,368 [INFO] Predict result is: {'category_id': [], 'bbox': [], 'score': []}
2025-03-21 22:48:57,368 [INFO] Speed: 96.3/2.2/98.5 ms inference/NMS/total per 640x640 image at batch-size 1;
2025-03-21 22:48:57,368 [INFO] Detect a image success.
2025-03-21 22:48:57,506 [INFO] Predict result is: {'category_id': [], 'bbox': [], 'score': []}
2025-03-21 22:48:57,507 [INFO] Speed: 113.6/1.3/114.9 ms inference/NMS/total per 640x640 image at batch-size 1;
2025-03-21 22:48:57,507 [INFO] Detect a image success.
2025-03-21 22:48:57,634 [INFO] Predict result is: {'category_id': [], 'bbox': [], 'score': []}
2025-03-21 22:48:57,635 [INFO] Speed: 101.6/1.3/102.8 ms inference/NMS/total per 640x640 image at batch-size 1;
2025-03-21 22:48:57,635 [INFO] Detect a image success.
2025-03-21 22:48:57,756 [INFO] Predict result is: {'category_id': [], 'bbox': [], 'score': []}
2025-03-21 22:48:57,756 [INFO] Speed: 99.9/2.3/102.2 ms inference/NMS/total per 640x640 image at batch-size 1;
2025-03-21 22:48:57,756 [INFO] Detect a image success.
2025-03-21 22:48:57,877 [INFO] Predict result is: {'category_id': [], 'bbox': [], 'score': []}
2025-03-21 22:48:57,877 [INFO] Speed: 99.3/2.4/101.7 ms inference/NMS/total per 640x640 image at batch-size 1;
2025-03-21 22:48:57,877 [INFO] Detect a image success.
2025-03-21 22:48:57,997 [INFO] Predict result is: {'category_id': [], 'bbox': [], 'score': []}
2025-03-21 22:48:57,998 [INFO] Speed: 98.5/1.2/99.7 ms inference/NMS/total per 640x640 image at batch-size 1;
2025-03-21 22:48:57,998 [INFO] Detect a image success.
2025-03-21 22:48:58,124 [INFO] Predict result is: {'category_id': [], 'bbox': [], 'score': []}
2025-03-21 22:48:58,124 [INFO] Speed: 100.3/2.6/102.9 ms inference/NMS/total per 640x640 image at batch-size 1;
2025-03-21 22:48:58,124 [INFO] Detect a image success.
2025-03-21 22:48:58,245 [INFO] Predict result is: {'category_id': [], 'bbox': [], 'score': []}
2025-03-21 22:48:58,245 [INFO] Speed: 97.7/2.4/100.1 ms inference/NMS/total per 640x640 image at batch-size 1;
2025-03-21 22:48:58,246 [INFO] Detect a image success.
2025-03-21 22:48:58,364 [INFO] Predict result is: {'category_id': [], 'bbox': [], 'score': []}
2025-03-21 22:48:58,364 [INFO] Speed: 96.0/2.4/98.4 ms inference/NMS/total per 640x640 image at batch-size 1;
2025-03-21 22:48:58,364 [INFO] Detect a image success.
2025-03-21 22:48:58,491 [INFO] Predict result is: {'category_id': [], 'bbox': [], 'score': []}
2025-03-21 22:48:58,491 [INFO] Speed: 100.9/2.4/103.4 ms inference/NMS/total per 640x640 image at batch-size 1;
2025-03-21 22:48:58,491 [INFO] Detect a image success.
2025-03-21 22:48:58,608 [INFO] Predict result is: {'category_id': [], 'bbox': [], 'score': []}
2025-03-21 22:48:58,608 [INFO] Speed: 94.8/2.4/97.2 ms inference/NMS/total per 640x640 image at batch-size 1;
2025-03-21 22:48:58,608 [INFO] Detect a image success.
2025-03-21 22:48:58,735 [INFO] Predict result is: {'category_id': [], 'bbox': [], 'score': []}
2025-03-21 22:48:58,735 [INFO] Speed: 98.3/1.1/99.4 ms inference/NMS/total per 640x640 image at batch-size 1;
2025-03-21 22:48:58,735 [INFO] Detect a image success.
2025-03-21 22:48:58,863 [INFO] Predict result is: {'category_id': [], 'bbox': [], 'score': []}
2025-03-21 22:48:58,863 [INFO] Speed: 102.3/2.2/104.5 ms inference/NMS/total per 640x640 image at batch-size 1;
2025-03-21 22:48:58,863 [INFO] Detect a image success.
2025-03-21 22:48:58,996 [INFO] Predict result is: {'category_id': [], 'bbox': [], 'score': []}
2025-03-21 22:48:58,997 [INFO] Speed: 97.7/2.1/99.9 ms inference/NMS/total per 640x640 image at batch-size 1;
2025-03-21 22:48:58,997 [INFO] Detect a image success.
2025-03-21 22:48:59,122 [INFO] Predict result is: {'category_id': [], 'bbox': [], 'score': []}
2025-03-21 22:48:59,122 [INFO] Speed: 101.8/2.4/104.2 ms inference/NMS/total per 640x640 image at batch-size 1;
2025-03-21 22:48:59,122 [INFO] Detect a image success.
2025-03-21 22:48:59,244 [INFO] Predict result is: {'category_id': [], 'bbox': [], 'score': []}
2025-03-21 22:48:59,244 [INFO] Speed: 101.9/2.2/104.1 ms inference/NMS/total per 640x640 image at batch-size 1;
2025-03-21 22:48:59,244 [INFO] Detect a image success.
2025-03-21 22:48:59,379 [INFO] Predict result is: {'category_id': [], 'bbox': [], 'score': []}
2025-03-21 22:48:59,379 [INFO] Speed: 100.4/2.2/102.7 ms inference/NMS/total per 640x640 image at batch-size 1;
2025-03-21 22:48:59,379 [INFO] Detect a image success.
2025-03-21 22:48:59,516 [INFO] Predict result is: {'category_id': [], 'bbox': [], 'score': []}
2025-03-21 22:48:59,516 [INFO] Speed: 101.4/1.8/103.2 ms inference/NMS/total per 640x640 image at batch-size 1;
2025-03-21 22:48:59,516 [INFO] Detect a image success.
2025-03-21 22:48:59,650 [INFO] Predict result is: {'category_id': [], 'bbox': [], 'score': []}
2025-03-21 22:48:59,650 [INFO] Speed: 97.6/2.5/100.2 ms inference/NMS/total per 640x640 image at batch-size 1;
2025-03-21 22:48:59,650 [INFO] Detect a image success.
2025-03-21 22:48:59,774 [INFO] Predict result is: {'category_id': [], 'bbox': [], 'score': []}
2025-03-21 22:48:59,775 [INFO] Speed: 100.5/1.1/101.6 ms inference/NMS/total per 640x640 image at batch-size 1;
2025-03-21 22:48:59,775 [INFO] Detect a image success.
2025-03-21 22:48:59,902 [INFO] Predict result is: {'category_id': [], 'bbox': [], 'score': []}
2025-03-21 22:48:59,902 [INFO] Speed: 103.1/2.6/105.7 ms inference/NMS/total per 640x640 image at batch-size 1;
2025-03-21 22:48:59,902 [INFO] Detect a image success.
2025-03-21 22:49:00,037 [INFO] Predict result is: {'category_id': [], 'bbox': [], 'score': []}
2025-03-21 22:49:00,037 [INFO] Speed: 99.8/2.5/102.3 ms inference/NMS/total per 640x640 image at batch-size 1;
2025-03-21 22:49:00,038 [INFO] Detect a image success.
2025-03-21 22:49:00,156 [INFO] Predict result is: {'category_id': [], 'bbox': [], 'score': []}
2025-03-21 22:49:00,157 [INFO] Speed: 96.5/1.7/98.2 ms inference/NMS/total per 640x640 image at batch-size 1;
2025-03-21 22:49:00,157 [INFO] Detect a image success.
2025-03-21 22:49:00,278 [INFO] Predict result is: {'category_id': [], 'bbox': [], 'score': []}
2025-03-21 22:49:00,278 [INFO] Speed: 96.6/2.4/99.0 ms inference/NMS/total per 640x640 image at batch-size 1;
2025-03-21 22:49:00,279 [INFO] Detect a image success.
2025-03-21 22:49:00,404 [INFO] Predict result is: {'category_id': [], 'bbox': [], 'score': []}
2025-03-21 22:49:00,405 [INFO] Speed: 100.7/2.2/102.9 ms inference/NMS/total per 640x640 image at batch-size 1;
2025-03-21 22:49:00,405 [INFO] Detect a image success.
2025-03-21 22:49:00,559 [INFO] Predict result is: {'category_id': [], 'bbox': [], 'score': []}
2025-03-21 22:49:00,559 [INFO] Speed: 117.9/2.2/120.2 ms inference/NMS/total per 640x640 image at batch-size 1;
2025-03-21 22:49:00,560 [INFO] Detect a image success.
2025-03-21 22:49:00,722 [INFO] Predict result is: {'category_id': [], 'bbox': [], 'score': []}
2025-03-21 22:49:00,722 [INFO] Speed: 125.9/2.3/128.2 ms inference/NMS/total per 640x640 image at batch-size 1;
2025-03-21 22:49:00,723 [INFO] Detect a image success.
2025-03-21 22:49:01,055 [INFO] 视频处理完成，结果已保存至 runs_infer/output.avi
