2025-03-21 22:22:44,635 [WARNING] Parse Model, args: nearest, keep str type
2025-03-21 22:22:44,649 [WARNING] Parse Model, args: nearest, keep str type
2025-03-21 22:22:44,743 [INFO] number of network params, total: 11.159505M, trainable: 11.139454M
2025-03-21 22:22:44,885 [INFO] Load checkpoint from [yolov8s141.ckpt] success.
2025-03-21 22:22:48,599 [INFO] Predict result is: {'category_id': [], 'bbox': [], 'score': []}
2025-03-21 22:22:48,600 [INFO] Speed: 1812.4/1.0/1813.5 ms inference/NMS/total per 640x640 image at batch-size 1;
2025-03-21 22:22:48,600 [INFO] Detect a image success.
2025-03-21 22:22:49,151 [INFO] Predict result is: {'category_id': [], 'bbox': [], 'score': []}
2025-03-21 22:22:49,152 [INFO] Speed: 161.1/1.0/162.2 ms inference/NMS/total per 640x640 image at batch-size 1;
2025-03-21 22:22:49,152 [INFO] Detect a image success.
2025-03-21 22:22:49,357 [INFO] Predict result is: {'category_id': [], 'bbox': [], 'score': []}
2025-03-21 22:22:49,357 [INFO] Speed: 181.7/2.1/183.8 ms inference/NMS/total per 640x640 image at batch-size 1;
2025-03-21 22:22:49,357 [INFO] Detect a image success.
2025-03-21 22:22:49,551 [INFO] Predict result is: {'category_id': [], 'bbox': [], 'score': []}
2025-03-21 22:22:49,552 [INFO] Speed: 162.9/1.0/163.9 ms inference/NMS/total per 640x640 image at batch-size 1;
2025-03-21 22:22:49,552 [INFO] Detect a image success.
2025-03-21 22:22:49,863 [INFO] Predict result is: {'category_id': [], 'bbox': [], 'score': []}
2025-03-21 22:22:49,864 [INFO] Speed: 269.6/1.1/270.7 ms inference/NMS/total per 640x640 image at batch-size 1;
2025-03-21 22:22:49,864 [INFO] Detect a image success.
2025-03-21 22:22:50,082 [INFO] Predict result is: {'category_id': [], 'bbox': [], 'score': []}
2025-03-21 22:22:50,082 [INFO] Speed: 182.6/2.2/184.8 ms inference/NMS/total per 640x640 image at batch-size 1;
2025-03-21 22:22:50,082 [INFO] Detect a image success.
2025-03-21 22:22:50,268 [INFO] Predict result is: {'category_id': [], 'bbox': [], 'score': []}
2025-03-21 22:22:50,268 [INFO] Speed: 156.9/2.2/159.1 ms inference/NMS/total per 640x640 image at batch-size 1;
2025-03-21 22:22:50,269 [INFO] Detect a image success.
2025-03-21 22:22:50,444 [INFO] Predict result is: {'category_id': [], 'bbox': [], 'score': []}
2025-03-21 22:22:50,445 [INFO] Speed: 139.2/1.0/140.3 ms inference/NMS/total per 640x640 image at batch-size 1;
2025-03-21 22:22:50,445 [INFO] Detect a image success.
2025-03-21 22:22:50,626 [INFO] Predict result is: {'category_id': [], 'bbox': [], 'score': []}
2025-03-21 22:22:50,626 [INFO] Speed: 154.0/2.4/156.5 ms inference/NMS/total per 640x640 image at batch-size 1;
2025-03-21 22:22:50,626 [INFO] Detect a image success.
2025-03-21 22:22:50,808 [INFO] Predict result is: {'category_id': [], 'bbox': [], 'score': []}
2025-03-21 22:22:50,808 [INFO] Speed: 154.4/1.1/155.5 ms inference/NMS/total per 640x640 image at batch-size 1;
2025-03-21 22:22:50,808 [INFO] Detect a image success.
2025-03-21 22:22:50,957 [INFO] Predict result is: {'category_id': [], 'bbox': [], 'score': []}
2025-03-21 22:22:50,957 [INFO] Speed: 117.7/2.1/119.8 ms inference/NMS/total per 640x640 image at batch-size 1;
2025-03-21 22:22:50,957 [INFO] Detect a image success.
2025-03-21 22:22:51,099 [INFO] Predict result is: {'category_id': [], 'bbox': [], 'score': []}
2025-03-21 22:22:51,100 [INFO] Speed: 108.2/1.0/109.2 ms inference/NMS/total per 640x640 image at batch-size 1;
2025-03-21 22:22:51,100 [INFO] Detect a image success.
2025-03-21 22:22:51,236 [INFO] Predict result is: {'category_id': [], 'bbox': [], 'score': []}
2025-03-21 22:22:51,236 [INFO] Speed: 107.4/2.3/109.7 ms inference/NMS/total per 640x640 image at batch-size 1;
2025-03-21 22:22:51,237 [INFO] Detect a image success.
2025-03-21 22:22:51,371 [INFO] Predict result is: {'category_id': [], 'bbox': [], 'score': []}
2025-03-21 22:22:51,371 [INFO] Speed: 106.2/1.2/107.3 ms inference/NMS/total per 640x640 image at batch-size 1;
2025-03-21 22:22:51,372 [INFO] Detect a image success.
2025-03-21 22:22:51,508 [INFO] Predict result is: {'category_id': [], 'bbox': [], 'score': []}
2025-03-21 22:22:51,508 [INFO] Speed: 103.1/2.2/105.3 ms inference/NMS/total per 640x640 image at batch-size 1;
2025-03-21 22:22:51,508 [INFO] Detect a image success.
2025-03-21 22:22:51,643 [INFO] Predict result is: {'category_id': [], 'bbox': [], 'score': []}
2025-03-21 22:22:51,643 [INFO] Speed: 101.3/2.3/103.7 ms inference/NMS/total per 640x640 image at batch-size 1;
2025-03-21 22:22:51,643 [INFO] Detect a image success.
2025-03-21 22:22:51,778 [INFO] Predict result is: {'category_id': [], 'bbox': [], 'score': []}
2025-03-21 22:22:51,778 [INFO] Speed: 100.5/2.1/102.6 ms inference/NMS/total per 640x640 image at batch-size 1;
2025-03-21 22:22:51,778 [INFO] Detect a image success.
2025-03-21 22:22:51,914 [INFO] Predict result is: {'category_id': [], 'bbox': [], 'score': []}
2025-03-21 22:22:51,914 [INFO] Speed: 100.5/1.1/101.7 ms inference/NMS/total per 640x640 image at batch-size 1;
2025-03-21 22:22:51,914 [INFO] Detect a image success.
2025-03-21 22:22:52,037 [INFO] Predict result is: {'category_id': [], 'bbox': [], 'score': []}
2025-03-21 22:22:52,037 [INFO] Speed: 99.4/2.1/101.5 ms inference/NMS/total per 640x640 image at batch-size 1;
2025-03-21 22:22:52,037 [INFO] Detect a image success.
2025-03-21 22:22:52,174 [INFO] Predict result is: {'category_id': [], 'bbox': [], 'score': []}
2025-03-21 22:22:52,174 [INFO] Speed: 102.3/2.1/104.4 ms inference/NMS/total per 640x640 image at batch-size 1;
2025-03-21 22:22:52,174 [INFO] Detect a image success.
2025-03-21 22:22:52,305 [INFO] Predict result is: {'category_id': [], 'bbox': [], 'score': []}
2025-03-21 22:22:52,305 [INFO] Speed: 94.5/2.2/96.7 ms inference/NMS/total per 640x640 image at batch-size 1;
2025-03-21 22:22:52,305 [INFO] Detect a image success.
2025-03-21 22:22:52,425 [INFO] Predict result is: {'category_id': [], 'bbox': [], 'score': []}
2025-03-21 22:22:52,425 [INFO] Speed: 94.6/2.2/96.8 ms inference/NMS/total per 640x640 image at batch-size 1;
2025-03-21 22:22:52,425 [INFO] Detect a image success.
2025-03-21 22:22:52,548 [INFO] Predict result is: {'category_id': [], 'bbox': [], 'score': []}
2025-03-21 22:22:52,548 [INFO] Speed: 95.3/2.1/97.4 ms inference/NMS/total per 640x640 image at batch-size 1;
2025-03-21 22:22:52,548 [INFO] Detect a image success.
2025-03-21 22:22:52,668 [INFO] Predict result is: {'category_id': [], 'bbox': [], 'score': []}
2025-03-21 22:22:52,668 [INFO] Speed: 92.8/2.2/95.0 ms inference/NMS/total per 640x640 image at batch-size 1;
2025-03-21 22:22:52,668 [INFO] Detect a image success.
2025-03-21 22:22:52,790 [INFO] Predict result is: {'category_id': [], 'bbox': [], 'score': []}
2025-03-21 22:22:52,791 [INFO] Speed: 94.2/1.1/95.3 ms inference/NMS/total per 640x640 image at batch-size 1;
2025-03-21 22:22:52,791 [INFO] Detect a image success.
2025-03-21 22:22:52,907 [INFO] Predict result is: {'category_id': [], 'bbox': [], 'score': []}
2025-03-21 22:22:52,907 [INFO] Speed: 89.4/2.2/91.6 ms inference/NMS/total per 640x640 image at batch-size 1;
2025-03-21 22:22:52,907 [INFO] Detect a image success.
2025-03-21 22:22:53,027 [INFO] Predict result is: {'category_id': [], 'bbox': [], 'score': []}
2025-03-21 22:22:53,027 [INFO] Speed: 92.1/1.1/93.2 ms inference/NMS/total per 640x640 image at batch-size 1;
2025-03-21 22:22:53,028 [INFO] Detect a image success.
2025-03-21 22:22:53,149 [INFO] Predict result is: {'category_id': [], 'bbox': [], 'score': []}
2025-03-21 22:22:53,149 [INFO] Speed: 92.4/2.2/94.5 ms inference/NMS/total per 640x640 image at batch-size 1;
2025-03-21 22:22:53,149 [INFO] Detect a image success.
2025-03-21 22:22:53,271 [INFO] Predict result is: {'category_id': [], 'bbox': [], 'score': []}
2025-03-21 22:22:53,271 [INFO] Speed: 91.4/2.2/93.6 ms inference/NMS/total per 640x640 image at batch-size 1;
2025-03-21 22:22:53,271 [INFO] Detect a image success.
2025-03-21 22:22:53,393 [INFO] Predict result is: {'category_id': [], 'bbox': [], 'score': []}
2025-03-21 22:22:53,393 [INFO] Speed: 93.0/2.2/95.2 ms inference/NMS/total per 640x640 image at batch-size 1;
2025-03-21 22:22:53,393 [INFO] Detect a image success.
2025-03-21 22:22:53,514 [INFO] Predict result is: {'category_id': [], 'bbox': [], 'score': []}
2025-03-21 22:22:53,515 [INFO] Speed: 94.4/2.1/96.5 ms inference/NMS/total per 640x640 image at batch-size 1;
2025-03-21 22:22:53,515 [INFO] Detect a image success.
2025-03-21 22:22:53,635 [INFO] Predict result is: {'category_id': [], 'bbox': [], 'score': []}
2025-03-21 22:22:53,635 [INFO] Speed: 95.2/2.1/97.3 ms inference/NMS/total per 640x640 image at batch-size 1;
2025-03-21 22:22:53,635 [INFO] Detect a image success.
2025-03-21 22:22:53,769 [INFO] Predict result is: {'category_id': [], 'bbox': [], 'score': []}
2025-03-21 22:22:53,770 [INFO] Speed: 94.0/1.0/95.0 ms inference/NMS/total per 640x640 image at batch-size 1;
2025-03-21 22:22:53,770 [INFO] Detect a image success.
2025-03-21 22:22:53,892 [INFO] Predict result is: {'category_id': [], 'bbox': [], 'score': []}
2025-03-21 22:22:53,892 [INFO] Speed: 93.4/2.2/95.6 ms inference/NMS/total per 640x640 image at batch-size 1;
2025-03-21 22:22:53,892 [INFO] Detect a image success.
2025-03-21 22:22:54,048 [INFO] Predict result is: {'category_id': [], 'bbox': [], 'score': []}
2025-03-21 22:22:54,048 [INFO] Speed: 95.6/2.2/97.8 ms inference/NMS/total per 640x640 image at batch-size 1;
2025-03-21 22:22:54,048 [INFO] Detect a image success.
2025-03-21 22:22:54,187 [INFO] Predict result is: {'category_id': [], 'bbox': [], 'score': []}
2025-03-21 22:22:54,187 [INFO] Speed: 96.3/2.5/98.8 ms inference/NMS/total per 640x640 image at batch-size 1;
2025-03-21 22:22:54,187 [INFO] Detect a image success.
2025-03-21 22:22:54,307 [INFO] Predict result is: {'category_id': [], 'bbox': [], 'score': []}
2025-03-21 22:22:54,307 [INFO] Speed: 94.7/2.3/97.0 ms inference/NMS/total per 640x640 image at batch-size 1;
2025-03-21 22:22:54,307 [INFO] Detect a image success.
2025-03-21 22:22:54,436 [INFO] Predict result is: {'category_id': [], 'bbox': [], 'score': []}
2025-03-21 22:22:54,436 [INFO] Speed: 101.1/2.1/103.3 ms inference/NMS/total per 640x640 image at batch-size 1;
2025-03-21 22:22:54,436 [INFO] Detect a image success.
2025-03-21 22:22:54,562 [INFO] Predict result is: {'category_id': [], 'bbox': [], 'score': []}
2025-03-21 22:22:54,562 [INFO] Speed: 96.1/2.1/98.3 ms inference/NMS/total per 640x640 image at batch-size 1;
2025-03-21 22:22:54,562 [INFO] Detect a image success.
2025-03-21 22:22:54,682 [INFO] Predict result is: {'category_id': [], 'bbox': [], 'score': []}
2025-03-21 22:22:54,682 [INFO] Speed: 93.0/2.3/95.3 ms inference/NMS/total per 640x640 image at batch-size 1;
2025-03-21 22:22:54,683 [INFO] Detect a image success.
2025-03-21 22:22:54,809 [INFO] Predict result is: {'category_id': [], 'bbox': [], 'score': []}
2025-03-21 22:22:54,809 [INFO] Speed: 96.8/2.2/98.9 ms inference/NMS/total per 640x640 image at batch-size 1;
2025-03-21 22:22:54,809 [INFO] Detect a image success.
2025-03-21 22:22:54,942 [INFO] Predict result is: {'category_id': [], 'bbox': [], 'score': []}
2025-03-21 22:22:54,942 [INFO] Speed: 93.7/2.2/95.8 ms inference/NMS/total per 640x640 image at batch-size 1;
2025-03-21 22:22:54,942 [INFO] Detect a image success.
2025-03-21 22:22:55,059 [INFO] Predict result is: {'category_id': [], 'bbox': [], 'score': []}
2025-03-21 22:22:55,061 [INFO] Speed: 92.4/1.1/93.5 ms inference/NMS/total per 640x640 image at batch-size 1;
2025-03-21 22:22:55,061 [INFO] Detect a image success.
2025-03-21 22:22:55,186 [INFO] Predict result is: {'category_id': [], 'bbox': [], 'score': []}
2025-03-21 22:22:55,187 [INFO] Speed: 95.0/2.2/97.2 ms inference/NMS/total per 640x640 image at batch-size 1;
2025-03-21 22:22:55,187 [INFO] Detect a image success.
2025-03-21 22:22:55,321 [INFO] Predict result is: {'category_id': [], 'bbox': [], 'score': []}
2025-03-21 22:22:55,322 [INFO] Speed: 94.4/1.1/95.5 ms inference/NMS/total per 640x640 image at batch-size 1;
2025-03-21 22:22:55,322 [INFO] Detect a image success.
2025-03-21 22:22:55,442 [INFO] Predict result is: {'category_id': [], 'bbox': [], 'score': []}
2025-03-21 22:22:55,442 [INFO] Speed: 93.0/2.5/95.4 ms inference/NMS/total per 640x640 image at batch-size 1;
2025-03-21 22:22:55,442 [INFO] Detect a image success.
2025-03-21 22:22:55,570 [INFO] Predict result is: {'category_id': [], 'bbox': [], 'score': []}
2025-03-21 22:22:55,570 [INFO] Speed: 99.3/1.5/100.7 ms inference/NMS/total per 640x640 image at batch-size 1;
2025-03-21 22:22:55,570 [INFO] Detect a image success.
2025-03-21 22:22:55,691 [INFO] Predict result is: {'category_id': [], 'bbox': [], 'score': []}
2025-03-21 22:22:55,693 [INFO] Speed: 97.5/1.3/98.8 ms inference/NMS/total per 640x640 image at batch-size 1;
2025-03-21 22:22:55,693 [INFO] Detect a image success.
2025-03-21 22:22:55,809 [INFO] Predict result is: {'category_id': [], 'bbox': [], 'score': []}
2025-03-21 22:22:55,809 [INFO] Speed: 92.9/2.5/95.4 ms inference/NMS/total per 640x640 image at batch-size 1;
2025-03-21 22:22:55,811 [INFO] Detect a image success.
2025-03-21 22:22:56,156 [INFO] 视频处理完成。
