2025-03-28 16:48:31,934 [WARNING] Parse Model, args: nearest, keep str type
2025-03-28 16:48:31,946 [WARNING] Parse Model, args: nearest, keep str type
2025-03-28 16:48:32,037 [INFO] number of network params, total: 11.186595M, trainable: 11.166544M
2025-03-28 16:48:32,170 [INFO] Load checkpoint from [yolov8s.ckpt] success.
2025-03-28 16:48:32,255 [INFO] Dataset Cache file hash/version check success.
2025-03-28 16:48:32,255 [INFO] Load dataset cache from [G:\dataset\coco128\labels\train2017.cache.npy] success.
2025-03-28 16:48:32,257 [INFO] Dataloader num parallel workers: [4]
2025-03-28 16:48:32,265 [INFO] Start evaluating...
2025-03-28 16:48:35,742 [INFO] Predict result is: {'category_id': [51, 51, 51, 56, 55, 55], 'bbox': [[309.561, 80.601, 320.466, 237.913], [1.458, 271.578, 613.665, 283.813], [0.0, 92.828, 433.092, 329.551], [255.294, 312.64, 311.494, 243.337], [391.719, 152.851, 78.533, 65.92], [360.181, 80.026, 97.896, 68.372]], 'score': [0.91904, 0.85269, 0.83089, 0.74433, 0.38523, 0.33044]}
2025-03-28 16:48:35,743 [INFO] Speed: 2580.7/2.1/2582.8 ms inference/NMS/total per 640x640 image at batch-size 1;
2025-03-28 16:48:35,743 [INFO] Detect a image success.
2025-03-28 16:48:36,034 [INFO] Predict result is: {'category_id': [25, 25], 'bbox': [[383.623, 169.315, 219.12, 295.184], [49.458, 461.733, 133.637, 63.762]], 'score': [0.92661, 0.78074]}
2025-03-28 16:48:36,035 [INFO] Speed: 281.6/2.2/283.8 ms inference/NMS/total per 640x640 image at batch-size 1;
2025-03-28 16:48:36,035 [INFO] Detect a image success.
2025-03-28 16:48:36,333 [INFO] Predict result is: {'category_id': [86, 64], 'bbox': [[240.379, 261.314, 166.745, 196.913], [204.618, 139.075, 256.448, 320.323]], 'score': [0.89441, 0.57828]}
2025-03-28 16:48:36,333 [INFO] Speed: 288.3/2.3/290.6 ms inference/NMS/total per 640x640 image at batch-size 1;
2025-03-28 16:48:36,334 [INFO] Detect a image success.
2025-03-28 16:48:36,637 [INFO] Predict result is: {'category_id': [24], 'bbox': [[1.089, 125.394, 437.908, 380.202]], 'score': [0.95727]}
2025-03-28 16:48:36,637 [INFO] Speed: 292.4/3.4/295.8 ms inference/NMS/total per 640x640 image at batch-size 1;
2025-03-28 16:48:36,638 [INFO] Detect a image success.
2025-03-28 16:48:36,945 [INFO] Predict result is: {'category_id': [1, 28], 'bbox': [[251.875, 159.383, 304.865, 480.255], [82.465, 56.148, 451.294, 425.626]], 'score': [0.89318, 0.83545]}
2025-03-28 16:48:36,945 [INFO] Speed: 297.4/2.3/299.6 ms inference/NMS/total per 640x640 image at batch-size 1;
2025-03-28 16:48:36,945 [INFO] Detect a image success.
2025-03-28 16:48:37,190 [INFO] Predict result is: {'category_id': [18], 'bbox': [[220.081, 124.058, 351.856, 253.095]], 'score': [0.7353]}
2025-03-28 16:48:37,190 [INFO] Speed: 233.4/2.3/235.7 ms inference/NMS/total per 640x640 image at batch-size 1;
2025-03-28 16:48:37,190 [INFO] Detect a image success.
2025-03-28 16:48:37,434 [INFO] Predict result is: {'category_id': [19, 19, 1, 64, 1, 1, 1, 1], 'bbox': [[286.863, 289.949, 161.955, 235.772], [176.533, 312.428, 140.219, 205.224], [345.426, 341.595, 72.868, 88.42], [332.118, 547.887, 91.559, 58.771], [231.472, 333.027, 69.544, 82.818], [434.456, 419.483, 17.847, 41.052], [228.322, 434.529, 14.536, 36.753], [318.106, 426.229, 12.096, 31.419]], 'score': [0.93251, 0.9309, 0.78656, 0.70773, 0.65802, 0.34039, 0.3157, 0.25044]}
2025-03-28 16:48:37,434 [INFO] Speed: 234.6/2.3/236.9 ms inference/NMS/total per 640x640 image at batch-size 1;
2025-03-28 16:48:37,435 [INFO] Detect a image success.
2025-03-28 16:48:37,674 [INFO] Predict result is: {'category_id': [22, 22, 1, 1], 'bbox': [[220.1, 323.869, 145.481, 79.33], [372.791, 328.882, 45.885, 41.661], [258.856, 272.431, 51.753, 63.099], [270.671, 278.118, 41.035, 61.689]], 'score': [0.86457, 0.61233, 0.51105, 0.25569]}
2025-03-28 16:48:37,674 [INFO] Speed: 230.1/2.3/232.3 ms inference/NMS/total per 640x640 image at batch-size 1;
2025-03-28 16:48:37,674 [INFO] Detect a image success.
2025-03-28 16:48:37,914 [INFO] Predict result is: {'category_id': [3, 85, 3, 8, 85], 'bbox': [[131.048, 386.476, 175.981, 147.224], [191.464, 40.779, 151.555, 153.31], [131.672, 353.763, 125.48, 59.817], [132.174, 354.707, 125.176, 58.658], [184.891, 34.345, 190.157, 187.841]], 'score': [0.87962, 0.79977, 0.42001, 0.40239, 0.29039]}
2025-03-28 16:48:37,914 [INFO] Speed: 228.4/2.4/230.7 ms inference/NMS/total per 640x640 image at batch-size 1;
2025-03-28 16:48:37,914 [INFO] Detect a image success.
2025-03-28 16:48:38,147 [INFO] Predict result is: {'category_id': [7, 3, 3, 3, 3], 'bbox': [[34.528, 290.088, 489.564, 121.586], [586.822, 338.757, 25.86, 13.464], [617.399, 344.808, 22.601, 12.793], [519.993, 329.58, 24.72, 11.338], [333.426, 300.632, 22.221, 9.681]], 'score': [0.78126, 0.75449, 0.73766, 0.41284, 0.39955]}
2025-03-28 16:48:38,147 [INFO] Speed: 221.8/2.3/224.1 ms inference/NMS/total per 640x640 image at batch-size 1;
2025-03-28 16:48:38,147 [INFO] Detect a image success.
2025-03-28 16:48:38,330 [INFO] Predict result is: {'category_id': [25, 25], 'bbox': [[267.887, 66.993, 265.948, 572.512], [154.022, 172.803, 200.378, 466.827]], 'score': [0.87958, 0.83079]}
2025-03-28 16:48:38,330 [INFO] Speed: 172.8/2.4/175.2 ms inference/NMS/total per 640x640 image at batch-size 1;
2025-03-28 16:48:38,330 [INFO] Detect a image success.
2025-03-28 16:48:38,513 [INFO] Predict result is: {'category_id': [4, 4], 'bbox': [[44.558, 22.043, 535.456, 603.315], [37.222, 1.039, 235.65, 281.435]], 'score': [0.85062, 0.77664]}
2025-03-28 16:48:38,513 [INFO] Speed: 171.9/2.3/174.3 ms inference/NMS/total per 640x640 image at batch-size 1;
2025-03-28 16:48:38,513 [INFO] Detect a image success.
2025-03-28 16:48:38,705 [INFO] Predict result is: {'category_id': [18, 2, 1, 1, 1, 1, 3, 1, 1], 'bbox': [[63.543, 383.104, 294.303, 102.594], [0.201, 108.4, 162.204, 319.756], [461.305, 211.445, 31.47, 44.797], [291.586, 200.923, 23.446, 60.08], [324.11, 202.641, 17.879, 55.854], [276.709, 206.081, 16.272, 53.533], [238.906, 228.306, 21.74, 20.911], [278.983, 209.338, 13.4, 44.929], [357.231, 204.285, 15.04, 51.046]], 'score': [0.94773, 0.9446, 0.65325, 0.58941, 0.55612, 0.36089, 0.36039, 0.32173, 0.25784]}
2025-03-28 16:48:38,705 [INFO] Speed: 179.8/3.4/183.3 ms inference/NMS/total per 640x640 image at batch-size 1;
2025-03-28 16:48:38,705 [INFO] Detect a image success.
2025-03-28 16:48:38,884 [INFO] Predict result is: {'category_id': [1, 1, 1, 1, 41], 'bbox': [[274.997, 150.506, 134.559, 154.418], [408.862, 149.987, 126.891, 124.937], [31.91, 292.343, 126.13, 218.36], [365.49, 210.741, 27.517, 49.379], [54.375, 487.455, 67.745, 31.872]], 'score': [0.93296, 0.91861, 0.89922, 0.68425, 0.49752]}
2025-03-28 16:48:38,885 [INFO] Speed: 167.8/3.6/171.4 ms inference/NMS/total per 640x640 image at batch-size 1;
2025-03-28 16:48:38,885 [INFO] Detect a image success.
2025-03-28 16:48:39,075 [INFO] Predict result is: {'category_id': [86, 85], 'bbox': [[29.754, 356.049, 241.797, 282.999], [372.328, 0.285, 228.841, 254.186]], 'score': [0.78414, 0.37272]}
2025-03-28 16:48:39,076 [INFO] Speed: 180.5/2.3/182.8 ms inference/NMS/total per 640x640 image at batch-size 1;
2025-03-28 16:48:39,076 [INFO] Detect a image success.
2025-03-28 16:48:39,266 [INFO] Predict result is: {'category_id': [5], 'bbox': [[28.894, 140.019, 590.379, 321.66]], 'score': [0.94246]}
2025-03-28 16:48:39,268 [INFO] Speed: 180.9/2.4/183.2 ms inference/NMS/total per 640x640 image at batch-size 1;
2025-03-28 16:48:39,268 [INFO] Detect a image success.
2025-03-28 16:48:39,491 [INFO] Predict result is: {'category_id': [1, 2, 31, 4], 'bbox': [[212.427, 149.184, 128.065, 401.933], [199.373, 282.728, 282.794, 347.472], [327.138, 291.139, 135.335, 112.298], [199.238, 286.791, 281.461, 343.567]], 'score': [0.8618, 0.50376, 0.34036, 0.28386]}
2025-03-28 16:48:39,491 [INFO] Speed: 180.1/3.4/183.5 ms inference/NMS/total per 640x640 image at batch-size 1;
2025-03-28 16:48:39,491 [INFO] Detect a image success.
2025-03-28 16:48:39,681 [INFO] Predict result is: {'category_id': [79, 49, 49, 49, 49, 78, 49, 79, 49, 49], 'bbox': [[139.162, 283.293, 338.433, 270.338], [527.898, 181.989, 28.485, 134.669], [502.372, 187.68, 25.398, 126.23], [554.737, 178.473, 21.694, 141.04], [476.043, 204.84, 20.238, 107.817], [0.06, 104.783, 122.26, 165.378], [573.745, 178.674, 24.876, 140.924], [0.314, 467.739, 142.015, 89.612], [459.565, 185.803, 15.045, 126.938], [436.0, 212.662, 28.604, 135.181]], 'score': [0.92833, 0.92444, 0.86031, 0.83626, 0.74671, 0.68885, 0.60903, 0.33907, 0.26801, 0.25015]}
2025-03-28 16:48:39,682 [INFO] Speed: 179.5/2.3/181.7 ms inference/NMS/total per 640x640 image at batch-size 1;
2025-03-28 16:48:39,682 [INFO] Detect a image success.
2025-03-28 16:48:39,876 [INFO] Predict result is: {'category_id': [48, 61, 67], 'bbox': [[418.953, 224.873, 166.496, 305.313], [132.88, 107.031, 360.558, 296.013], [13.834, 107.967, 625.754, 416.912]], 'score': [0.96727, 0.94169, 0.39535]}
2025-03-28 16:48:39,876 [INFO] Speed: 182.3/2.5/184.8 ms inference/NMS/total per 640x640 image at batch-size 1;
2025-03-28 16:48:39,876 [INFO] Detect a image success.
2025-03-28 16:48:40,063 [INFO] Predict result is: {'category_id': [3, 8], 'bbox': [[356.565, 381.99, 40.458, 34.272], [539.932, 372.036, 87.496, 85.527]], 'score': [0.88031, 0.70972]}
2025-03-28 16:48:40,063 [INFO] Speed: 176.4/3.4/179.7 ms inference/NMS/total per 640x640 image at batch-size 1;
2025-03-28 16:48:40,064 [INFO] Detect a image success.
2025-03-28 16:48:40,228 [INFO] Predict result is: {'category_id': [15, 15, 1, 1, 1, 18, 1], 'bbox': [[375.761, 374.074, 34.663, 28.0], [448.38, 392.354, 39.872, 36.375], [513.43, 383.717, 16.914, 34.03], [588.408, 381.449, 14.914, 22.404], [603.438, 383.784, 10.571, 11.809], [540.647, 408.56, 22.496, 20.332], [545.413, 361.257, 8.884, 13.746]], 'score': [0.71348, 0.68668, 0.66526, 0.61333, 0.49174, 0.26515, 0.26088]}
2025-03-28 16:48:40,229 [INFO] Speed: 152.6/3.3/155.9 ms inference/NMS/total per 640x640 image at batch-size 1;
2025-03-28 16:48:40,229 [INFO] Detect a image success.
2025-03-28 16:48:40,404 [INFO] Predict result is: {'category_id': [1, 1, 1, 1, 1, 62, 1, 1, 59, 62, 47, 1, 67, 67, 1, 59, 1, 47, 49, 47, 67, 59], 'bbox': [[0.0, 208.086, 249.726, 287.292], [209.215, 83.301, 430.785, 465.586], [253.559, 80.53, 126.212, 139.336], [0.025, 81.737, 129.384, 169.212], [340.149, 80.636, 72.928, 93.166], [184.65, 218.502, 52.716, 73.561], [124.434, 81.656, 96.73, 84.096], [203.373, 80.843, 72.996, 90.471], [133.945, 465.916, 341.998, 90.459], [241.082, 214.173, 59.577, 53.471], [162.61, 157.628, 19.781, 23.198], [391.633, 80.633, 49.631, 91.981], [0.251, 460.872, 620.206, 93.916], [148.001, 168.679, 110.241, 47.703], [223.77, 80.85, 52.324, 87.812], [133.091, 470.907, 163.477, 87.386], [131.12, 80.522, 27.786, 52.423], [210.636, 160.429, 16.791, 15.134], [38.416, 494.031, 60.168, 65.443], [184.644, 159.686, 19.476, 17.333], [122.62, 160.763, 136.941, 55.688], [296.001, 495.609, 178.761, 63.895]], 'score': [0.93905, 0.92729, 0.89948, 0.85206, 0.83475, 0.7219, 0.66682, 0.63889, 0.62063, 0.55427, 0.49107, 0.48754, 0.46565, 0.44968, 0.4283, 0.40233, 0.36977, 0.3231, 0.32203, 0.31054, 0.28747, 0.25513]}
2025-03-28 16:48:40,404 [INFO] Speed: 164.2/3.4/167.6 ms inference/NMS/total per 640x640 image at batch-size 1;
2025-03-28 16:48:40,405 [INFO] Detect a image success.
2025-03-28 16:48:40,577 [INFO] Predict result is: {'category_id': [1, 1, 47, 49, 1, 67, 61, 62, 47, 62, 47, 47, 47, 47], 'bbox': [[258.09, 54.331, 195.815, 359.185], [116.354, 43.709, 154.129, 440.288], [394.803, 94.55, 26.411, 26.584], [365.668, 365.197, 50.855, 87.786], [453.742, 99.062, 73.997, 335.982], [136.475, 399.914, 385.005, 239.421], [263.35, 428.623, 255.491, 141.511], [198.976, 380.26, 158.088, 68.983], [188.477, 458.458, 47.115, 56.411], [124.697, 578.73, 77.255, 61.146], [395.35, 60.845, 26.702, 31.006], [454.087, 94.797, 23.978, 25.817], [457.173, 64.694, 24.223, 25.674], [285.847, 105.324, 21.246, 27.837]], 'score': [0.91689, 0.89962, 0.87533, 0.87069, 0.86598, 0.85325, 0.83779, 0.83619, 0.64802, 0.57602, 0.34276, 0.32873, 0.29156, 0.28443]}
2025-03-28 16:48:40,578 [INFO] Speed: 161.5/2.1/163.6 ms inference/NMS/total per 640x640 image at batch-size 1;
2025-03-28 16:48:40,578 [INFO] Detect a image success.
2025-03-28 16:48:40,751 [INFO] Predict result is: {'category_id': [50, 47, 61, 49, 67, 84, 84, 28, 15, 67, 15, 28], 'bbox': [[347.991, 353.521, 82.375, 83.864], [381.62, 301.49, 184.522, 124.158], [179.417, 347.115, 127.811, 135.353], [303.91, 367.593, 96.541, 154.172], [105.941, 210.45, 534.059, 348.389], [601.363, 315.987, 38.52, 68.516], [257.21, 272.841, 128.142, 77.267], [130.243, 80.103, 33.372, 77.934], [103.008, 180.593, 64.555, 49.75], [267.819, 173.843, 211.18, 27.981], [111.579, 168.746, 84.77, 41.569], [104.451, 79.698, 29.638, 90.717]], 'score': [0.94096, 0.93577, 0.92325, 0.86932, 0.80809, 0.5517, 0.48092, 0.372, 0.30817, 0.27593, 0.27039, 0.26828]}
2025-03-28 16:48:40,751 [INFO] Speed: 161.1/2.4/163.5 ms inference/NMS/total per 640x640 image at batch-size 1;
2025-03-28 16:48:40,751 [INFO] Detect a image success.
2025-03-28 16:48:40,928 [INFO] Predict result is: {'category_id': [65, 65], 'bbox': [[7.59, 90.357, 628.416, 411.045], [24.933, 85.924, 579.679, 207.858]], 'score': [0.55675, 0.42528]}
2025-03-28 16:48:40,928 [INFO] Speed: 166.9/2.2/169.1 ms inference/NMS/total per 640x640 image at batch-size 1;
2025-03-28 16:48:40,928 [INFO] Detect a image success.
2025-03-28 16:48:41,107 [INFO] Predict result is: {'category_id': [25, 25, 1, 1], 'bbox': [[102.55, 231.234, 236.435, 323.592], [403.845, 245.667, 167.994, 218.105], [0.16, 214.542, 70.728, 338.447], [0.129, 154.954, 85.684, 380.641]], 'score': [0.94071, 0.91994, 0.81368, 0.37069]}
2025-03-28 16:48:41,107 [INFO] Speed: 168.6/2.1/170.8 ms inference/NMS/total per 640x640 image at batch-size 1;
2025-03-28 16:48:41,107 [INFO] Detect a image success.
2025-03-28 16:48:41,284 [INFO] Predict result is: {'category_id': [82, 86, 79, 85, 86, 64, 51, 81, 86, 82, 86], 'bbox': [[8.417, 127.949, 148.355, 252.861], [218.034, 87.906, 33.537, 48.145], [258.267, 205.46, 122.589, 171.035], [317.044, 52.067, 66.746, 70.073], [158.219, 74.613, 57.093, 61.248], [556.501, 78.177, 49.789, 57.251], [159.108, 216.607, 43.994, 19.477], [486.169, 229.71, 139.444, 59.956], [563.294, 110.062, 29.96, 24.462], [323.178, 422.927, 310.3, 174.603], [527.172, 88.825, 29.163, 48.498]], 'score': [0.96921, 0.89575, 0.80419, 0.77906, 0.77131, 0.76071, 0.7062, 0.54443, 0.38632, 0.31463, 0.27424]}
2025-03-28 16:48:41,286 [INFO] Speed: 166.8/2.1/168.9 ms inference/NMS/total per 640x640 image at batch-size 1;
2025-03-28 16:48:41,286 [INFO] Detect a image success.
2025-03-28 16:48:41,469 [INFO] Predict result is: {'category_id': [52, 44, 54, 44, 54, 67, 47], 'bbox': [[184.311, 375.835, 279.066, 193.876], [147.48, 1.181, 200.731, 374.454], [183.741, 375.614, 279.0, 193.815], [335.988, 83.248, 162.098, 254.306], [114.896, 375.621, 401.742, 264.379], [79.105, 0.125, 479.539, 637.692], [335.856, 83.178, 162.487, 253.731]], 'score': [0.81129, 0.81111, 0.58133, 0.56475, 0.53888, 0.36531, 0.31053]}
2025-03-28 16:48:41,469 [INFO] Speed: 173.0/3.2/176.2 ms inference/NMS/total per 640x640 image at batch-size 1;
2025-03-28 16:48:41,470 [INFO] Detect a image success.
2025-03-28 16:48:41,647 [INFO] Predict result is: {'category_id': [16, 16, 16, 16, 16, 16, 16, 16], 'bbox': [[137.007, 165.237, 101.655, 178.848], [285.461, 192.176, 98.688, 159.29], [457.193, 259.045, 136.22, 182.711], [256.621, 343.256, 112.403, 158.554], [120.366, 389.487, 102.03, 193.015], [496.879, 405.748, 101.708, 156.842], [128.598, 306.065, 119.506, 144.706], [32.035, 71.465, 109.665, 151.906]], 'score': [0.89069, 0.87733, 0.86577, 0.85941, 0.82809, 0.78185, 0.74445, 0.7236]}
2025-03-28 16:48:41,648 [INFO] Speed: 167.3/2.3/169.6 ms inference/NMS/total per 640x640 image at batch-size 1;
2025-03-28 16:48:41,648 [INFO] Detect a image success.
2025-03-28 16:48:41,843 [INFO] Predict result is: {'category_id': [25, 25, 25, 25, 25, 25], 'bbox': [[242.605, 201.169, 356.075, 356.938], [149.585, 196.155, 298.401, 362.378], [51.886, 159.439, 235.037, 154.455], [48.208, 154.717, 393.272, 408.762], [50.984, 159.417, 334.765, 273.923], [233.451, 304.377, 105.82, 130.565]], 'score': [0.92447, 0.51462, 0.48747, 0.47588, 0.29632, 0.29272]}
2025-03-28 16:48:41,843 [INFO] Speed: 184.8/3.2/188.0 ms inference/NMS/total per 640x640 image at batch-size 1;
2025-03-28 16:48:41,843 [INFO] Detect a image success.
2025-03-28 16:48:42,030 [INFO] Predict result is: {'category_id': [38, 38, 38, 1, 1, 38, 1], 'bbox': [[62.702, 443.29, 42.596, 16.518], [433.129, 187.46, 14.315, 14.854], [440.426, 299.182, 13.417, 14.27], [246.238, 424.69, 10.01, 21.961], [557.578, 424.162, 10.686, 25.745], [383.903, 386.122, 16.321, 9.29], [231.616, 421.583, 12.325, 23.626]], 'score': [0.66661, 0.60918, 0.50799, 0.50198, 0.39718, 0.39702, 0.28346]}
2025-03-28 16:48:42,031 [INFO] Speed: 176.1/2.1/178.2 ms inference/NMS/total per 640x640 image at batch-size 1;
2025-03-28 16:48:42,031 [INFO] Detect a image success.
2025-03-28 16:48:42,213 [INFO] Predict result is: {'category_id': [13, 7, 1], 'bbox': [[292.54, 326.294, 36.589, 38.122], [286.296, 20.328, 273.534, 619.672], [484.644, 37.593, 63.226, 237.349]], 'score': [0.96203, 0.84838, 0.2596]}
2025-03-28 16:48:42,213 [INFO] Speed: 171.7/2.1/173.9 ms inference/NMS/total per 640x640 image at batch-size 1;
2025-03-28 16:48:42,214 [INFO] Detect a image success.
2025-03-28 16:48:42,429 [INFO] Predict result is: {'category_id': [24, 24, 24], 'bbox': [[122.781, 313.858, 342.876, 325.017], [144.555, 191.188, 275.635, 143.273], [343.81, 94.979, 100.361, 61.52]], 'score': [0.95411, 0.94721, 0.93229]}
2025-03-28 16:48:42,429 [INFO] Speed: 176.5/2.3/178.8 ms inference/NMS/total per 640x640 image at batch-size 1;
2025-03-28 16:48:42,430 [INFO] Detect a image success.
2025-03-28 16:48:42,600 [INFO] Predict result is: {'category_id': [62, 78, 82, 44, 46, 44, 46, 51, 46, 47, 46, 46, 44, 46, 44, 46, 46, 44, 47, 47, 46, 47, 44], 'bbox': [[160.252, 489.347, 148.749, 68.466], [376.021, 306.325, 54.687, 31.471], [432.241, 252.024, 104.978, 134.666], [463.71, 358.068, 9.655, 39.745], [61.805, 270.515, 17.002, 42.911], [434.414, 360.161, 18.674, 32.48], [107.766, 259.899, 17.425, 48.582], [303.483, 287.979, 16.067, 6.149], [80.522, 272.969, 15.835, 40.861], [510.288, 214.083, 16.181, 21.196], [98.532, 268.669, 15.015, 41.492], [148.687, 270.307, 18.052, 34.519], [404.822, 212.804, 5.977, 15.928], [83.154, 273.459, 16.087, 40.0], [368.495, 266.612, 8.383, 25.304], [95.726, 270.921, 14.147, 40.249], [71.722, 270.733, 11.209, 41.64], [393.524, 213.829, 7.857, 15.917], [527.124, 217.342, 20.45, 17.046], [177.647, 312.395, 15.585, 16.242], [122.555, 273.022, 13.95, 34.481], [207.482, 340.776, 23.515, 21.709], [386.192, 213.467, 7.187, 17.073]], 'score': [0.93709, 0.8, 0.67269, 0.53837, 0.43418, 0.42431, 0.4114, 0.40889, 0.39885, 0.37007, 0.35561, 0.35097, 0.33799, 0.31939, 0.31784, 0.30421, 0.30225, 0.28374, 0.26644, 0.26433, 0.26011, 0.25384, 0.25135]}
2025-03-28 16:48:42,601 [INFO] Speed: 159.5/3.3/162.9 ms inference/NMS/total per 640x640 image at batch-size 1;
2025-03-28 16:48:42,601 [INFO] Detect a image success.
2025-03-28 16:48:42,777 [INFO] Predict result is: {'category_id': [1, 32, 1, 32, 1], 'bbox': [[241.059, 160.678, 395.091, 422.272], [161.852, 214.89, 91.847, 239.435], [5.514, 79.666, 392.759, 504.224], [161.258, 226.294, 169.162, 357.318], [6.752, 79.902, 274.22, 499.485]], 'score': [0.92664, 0.83546, 0.74779, 0.50296, 0.2994]}
2025-03-28 16:48:42,778 [INFO] Speed: 166.0/2.2/168.1 ms inference/NMS/total per 640x640 image at batch-size 1;
2025-03-28 16:48:42,778 [INFO] Detect a image success.
2025-03-28 16:48:42,958 [INFO] Predict result is: {'category_id': [1, 1, 1, 1, 39], 'bbox': [[268.596, 261.423, 107.433, 236.521], [349.645, 334.495, 131.054, 222.934], [0.07, 351.346, 39.73, 204.906], [438.83, 298.82, 76.92, 245.415], [12.091, 469.113, 36.549, 84.543]], 'score': [0.94563, 0.9094, 0.88232, 0.87875, 0.36715]}
2025-03-28 16:48:42,958 [INFO] Speed: 169.3/2.3/171.6 ms inference/NMS/total per 640x640 image at batch-size 1;
2025-03-28 16:48:42,958 [INFO] Detect a image success.
2025-03-28 16:48:43,147 [INFO] Predict result is: {'category_id': [59, 67, 56, 56], 'bbox': [[0.387, 109.707, 639.422, 444.399], [0.015, 84.209, 636.36, 473.476], [41.802, 316.949, 121.864, 57.741], [340.529, 369.178, 55.621, 179.125]], 'score': [0.89278, 0.52185, 0.31761, 0.30385]}
2025-03-28 16:48:43,147 [INFO] Speed: 178.6/2.1/180.7 ms inference/NMS/total per 640x640 image at batch-size 1;
2025-03-28 16:48:43,147 [INFO] Detect a image success.
2025-03-28 16:48:43,325 [INFO] Predict result is: {'category_id': [51, 51, 51, 50, 51, 51, 50, 51, 51, 67, 51, 51, 57, 57, 51, 57, 51, 57, 57, 50, 57, 50, 51, 57, 51, 57, 57, 56, 50, 57, 51, 50, 56], 'bbox': [[422.916, 315.896, 148.917, 113.775], [514.002, 394.143, 125.749, 137.495], [360.741, 415.636, 166.709, 142.537], [536.196, 331.445, 70.471, 122.647], [276.422, 138.051, 128.273, 63.188], [359.535, 128.2, 95.129, 62.248], [230.697, 122.812, 73.232, 44.481], [332.131, 233.919, 138.433, 58.497], [232.202, 276.894, 172.161, 92.256], [0.767, 160.238, 638.658, 392.561], [340.949, 194.176, 152.993, 65.101], [189.636, 152.299, 90.552, 35.527], [413.251, 483.566, 55.35, 32.394], [173.619, 439.548, 36.559, 38.567], [113.246, 167.637, 97.496, 49.081], [392.463, 455.783, 33.425, 73.212], [34.359, 190.224, 113.968, 58.73], [447.394, 442.03, 41.493, 70.323], [373.116, 473.043, 30.252, 24.327], [516.432, 295.064, 98.803, 41.439], [381.945, 495.853, 33.975, 28.237], [456.579, 199.755, 47.169, 31.083], [0.0, 264.052, 174.006, 97.206], [440.287, 451.606, 11.456, 30.207], [32.584, 309.343, 366.417, 246.636], [437.082, 525.298, 15.149, 10.362], [393.079, 455.883, 26.0, 56.253], [281.454, 474.495, 36.28, 27.646], [450.628, 460.032, 133.571, 98.599], [288.63, 430.755, 26.138, 20.426], [462.425, 264.916, 155.102, 68.617], [239.977, 277.068, 219.191, 54.029], [412.803, 443.403, 29.13, 22.643]], 'score': [0.90548, 0.90114, 0.8891, 0.88779, 0.87452, 0.82441, 0.7954, 0.7376, 0.71189, 0.6948, 0.66079, 0.64833, 0.64458, 0.61396, 0.61251, 0.61031, 0.58806, 0.56705, 0.52996, 0.51883, 0.50539, 0.50248, 0.48786, 0.47953, 0.44794, 0.44273, 0.4339, 0.4014, 0.39729, 0.3525, 0.3297, 0.30888, 0.25033]}
2025-03-28 16:48:43,326 [INFO] Speed: 167.1/3.3/170.4 ms inference/NMS/total per 640x640 image at batch-size 1;
2025-03-28 16:48:43,326 [INFO] Detect a image success.
2025-03-28 16:48:43,506 [INFO] Predict result is: {'category_id': [36, 36, 36, 36, 36, 1, 36, 36], 'bbox': [[332.859, 138.195, 154.573, 366.137], [280.693, 127.096, 150.437, 360.394], [213.364, 152.111, 83.438, 292.9], [264.446, 151.108, 95.083, 310.578], [257.134, 153.623, 71.986, 274.538], [615.622, 301.119, 11.817, 18.931], [240.138, 177.319, 76.157, 276.346], [219.975, 154.022, 109.332, 290.134]], 'score': [0.95647, 0.92974, 0.86826, 0.79595, 0.57976, 0.42823, 0.36531, 0.27597]}
2025-03-28 16:48:43,506 [INFO] Speed: 168.8/3.3/172.1 ms inference/NMS/total per 640x640 image at batch-size 1;
2025-03-28 16:48:43,506 [INFO] Detect a image success.
2025-03-28 16:48:43,678 [INFO] Predict result is: {'category_id': [1, 90, 90, 81], 'bbox': [[45.517, 280.536, 190.125, 276.997], [54.994, 201.266, 163.113, 81.92], [176.122, 245.992, 172.472, 73.329], [213.651, 412.177, 426.325, 142.767]], 'score': [0.89465, 0.75393, 0.56241, 0.38579]}
2025-03-28 16:48:43,678 [INFO] Speed: 161.3/3.4/164.7 ms inference/NMS/total per 640x640 image at batch-size 1;
2025-03-28 16:48:43,678 [INFO] Detect a image success.
2025-03-28 16:48:43,853 [INFO] Predict result is: {'category_id': [1, 1, 47, 47, 1, 44, 64, 75, 63, 31], 'bbox': [[81.61, 258.359, 204.454, 353.31], [205.155, 17.863, 205.281, 619.488], [184.195, 597.018, 46.798, 42.942], [80.446, 596.731, 42.635, 43.269], [371.065, 263.645, 112.057, 269.314], [116.871, 551.224, 29.968, 87.344], [169.707, 53.065, 109.422, 221.499], [197.935, 320.913, 43.469, 22.738], [401.36, 269.108, 157.921, 282.248], [422.321, 470.816, 68.266, 70.312]], 'score': [0.94459, 0.90467, 0.89299, 0.87358, 0.87356, 0.83408, 0.8205, 0.6961, 0.65552, 0.29415]}
2025-03-28 16:48:43,855 [INFO] Speed: 164.7/3.3/168.0 ms inference/NMS/total per 640x640 image at batch-size 1;
2025-03-28 16:48:43,855 [INFO] Detect a image success.
2025-03-28 16:48:44,048 [INFO] Predict result is: {'category_id': [5, 3, 8], 'bbox': [[0.421, 106.326, 639.378, 414.212], [57.817, 296.16, 80.488, 34.053], [515.776, 288.319, 32.923, 17.709]], 'score': [0.93206, 0.83422, 0.31818]}
2025-03-28 16:48:44,049 [INFO] Speed: 183.8/2.1/185.9 ms inference/NMS/total per 640x640 image at batch-size 1;
2025-03-28 16:48:44,049 [INFO] Detect a image success.
2025-03-28 16:48:44,226 [INFO] Predict result is: {'category_id': [8, 8, 1, 1, 1, 1, 1, 27, 4, 10, 1, 1, 1, 1, 1, 1, 8, 1, 1, 6, 8, 1, 1, 1, 1], 'bbox': [[253.701, 357.211, 201.795, 124.897], [518.774, 327.655, 120.91, 228.956], [138.928, 425.008, 69.361, 134.395], [235.972, 408.211, 29.5, 78.033], [289.435, 416.354, 31.603, 77.496], [315.105, 413.346, 24.566, 78.001], [77.252, 406.177, 22.044, 50.3], [181.155, 442.239, 44.898, 55.049], [102.57, 495.669, 67.467, 64.369], [87.954, 279.836, 18.251, 24.661], [546.669, 408.138, 13.247, 41.565], [470.005, 406.819, 11.242, 29.36], [262.444, 411.793, 17.934, 65.999], [583.556, 405.585, 14.272, 40.848], [571.407, 407.244, 14.582, 39.641], [189.557, 410.571, 21.43, 40.789], [56.976, 379.772, 132.132, 60.527], [480.53, 409.203, 9.309, 24.33], [138.299, 408.013, 14.276, 35.716], [58.546, 380.505, 128.378, 60.316], [518.061, 383.612, 98.528, 60.32], [214.074, 413.794, 19.952, 64.959], [536.778, 409.482, 11.576, 38.384], [123.611, 409.29, 11.813, 32.661], [527.724, 408.866, 11.121, 40.348]], 'score': [0.89003, 0.8461, 0.79057, 0.77098, 0.75353, 0.647, 0.63375, 0.6327, 0.6136, 0.60417, 0.59823, 0.58446, 0.56432, 0.5385, 0.52424, 0.51448, 0.49014, 0.44092, 0.43369, 0.39261, 0.36641, 0.34735, 0.3394, 0.31471, 0.30362]}
2025-03-28 16:48:44,226 [INFO] Speed: 166.5/3.3/169.8 ms inference/NMS/total per 640x640 image at batch-size 1;
2025-03-28 16:48:44,226 [INFO] Detect a image success.
2025-03-28 16:48:44,420 [INFO] Predict result is: {'category_id': [1, 33, 33, 3, 6, 33, 33, 33], 'bbox': [[332.891, 285.842, 68.015, 219.194], [415.874, 404.369, 64.683, 83.377], [427.111, 371.348, 79.169, 43.99], [305.983, 331.304, 41.591, 21.439], [0.051, 220.132, 78.661, 211.69], [489.272, 413.975, 25.207, 66.272], [605.477, 485.597, 34.455, 46.007], [475.476, 412.233, 38.871, 69.514]], 'score': [0.88597, 0.77453, 0.73351, 0.7004, 0.61393, 0.57445, 0.32959, 0.31047]}
2025-03-28 16:48:44,420 [INFO] Speed: 182.2/3.3/185.4 ms inference/NMS/total per 640x640 image at batch-size 1;
2025-03-28 16:48:44,420 [INFO] Detect a image success.
2025-03-28 16:48:44,594 [INFO] Predict result is: {'category_id': [22, 22], 'bbox': [[175.507, 160.306, 438.399, 474.804], [24.166, 3.937, 400.717, 628.253]], 'score': [0.89723, 0.67444]}
2025-03-28 16:48:44,594 [INFO] Speed: 162.6/3.3/165.8 ms inference/NMS/total per 640x640 image at batch-size 1;
2025-03-28 16:48:44,594 [INFO] Detect a image success.
2025-03-28 16:48:44,775 [INFO] Predict result is: {'category_id': [46, 44, 62, 67, 62], 'bbox': [[269.234, 155.758, 89.881, 212.71], [171.751, 33.986, 85.195, 323.238], [310.24, 67.063, 224.012, 263.157], [103.551, 259.491, 429.4, 378.799], [106.51, 144.895, 57.501, 86.77]], 'score': [0.92458, 0.89164, 0.73351, 0.64589, 0.36572]}
2025-03-28 16:48:44,775 [INFO] Speed: 168.4/3.2/171.6 ms inference/NMS/total per 640x640 image at batch-size 1;
2025-03-28 16:48:44,776 [INFO] Detect a image success.
2025-03-28 16:48:44,951 [INFO] Predict result is: {'category_id': [1, 78, 50, 50, 49, 49, 49, 49, 49, 50, 49, 72, 49, 50, 50, 49, 49], 'bbox': [[25.956, 174.815, 361.846, 353.091], [505.439, 419.142, 134.455, 110.547], [399.083, 461.233, 23.68, 24.59], [382.439, 446.671, 38.902, 38.281], [470.807, 439.921, 18.723, 35.435], [462.099, 428.974, 15.904, 46.139], [463.413, 500.468, 24.721, 32.283], [457.844, 426.044, 16.183, 49.244], [440.985, 499.84, 24.007, 32.82], [403.163, 221.176, 17.896, 110.387], [458.309, 427.474, 12.218, 41.884], [0.198, 174.793, 115.325, 145.326], [468.153, 428.251, 11.628, 25.825], [421.563, 233.685, 18.018, 91.623], [389.114, 484.585, 24.269, 29.089], [465.281, 439.705, 15.167, 35.359], [446.452, 433.576, 17.458, 39.037]], 'score': [0.91519, 0.89211, 0.7223, 0.51843, 0.5028, 0.44139, 0.43331, 0.40584, 0.38491, 0.36894, 0.36259, 0.3575, 0.31967, 0.29769, 0.29402, 0.27474, 0.25625]}
2025-03-28 16:48:44,952 [INFO] Speed: 166.6/2.1/168.8 ms inference/NMS/total per 640x640 image at batch-size 1;
2025-03-28 16:48:44,952 [INFO] Detect a image success.
2025-03-28 16:48:45,127 [INFO] Predict result is: {'category_id': [18, 34, 3], 'bbox': [[404.088, 277.909, 179.722, 177.208], [350.434, 449.8, 70.057, 108.988], [385.922, 129.68, 46.27, 15.37]], 'score': [0.93186, 0.92965, 0.70668]}
2025-03-28 16:48:45,127 [INFO] Speed: 163.9/3.3/167.1 ms inference/NMS/total per 640x640 image at batch-size 1;
2025-03-28 16:48:45,129 [INFO] Detect a image success.
2025-03-28 16:48:45,332 [INFO] Predict result is: {'category_id': [1, 1, 1, 46, 46, 46, 46, 1, 1, 1, 46, 64, 67, 28, 64, 1], 'bbox': [[380.481, 131.38, 178.409, 396.671], [132.556, 135.521, 129.626, 391.21], [0.27, 151.998, 182.256, 375.765], [364.224, 330.304, 25.491, 60.898], [0.096, 286.785, 64.245, 116.617], [148.076, 261.341, 42.433, 99.417], [236.167, 254.451, 24.905, 63.995], [110.695, 185.19, 35.5, 80.188], [39.619, 120.586, 136.671, 401.118], [345.988, 180.482, 41.544, 166.651], [334.794, 311.997, 16.282, 58.233], [314.405, 233.253, 33.396, 35.793], [211.348, 333.202, 260.357, 192.491], [274.731, 169.947, 88.481, 78.866], [245.588, 232.851, 32.436, 38.678], [112.067, 184.932, 34.782, 47.918]], 'score': [0.91815, 0.90891, 0.89908, 0.84277, 0.80522, 0.75671, 0.72975, 0.70597, 0.63169, 0.63152, 0.53659, 0.51231, 0.50483, 0.34195, 0.30424, 0.28754]}
2025-03-28 16:48:45,333 [INFO] Speed: 163.1/2.1/165.2 ms inference/NMS/total per 640x640 image at batch-size 1;
2025-03-28 16:48:45,333 [INFO] Detect a image success.
2025-03-28 16:48:45,512 [INFO] Predict result is: {'category_id': [18, 88, 88, 88], 'bbox': [[449.359, 79.039, 95.938, 130.77], [182.97, 226.574, 234.895, 227.376], [77.065, 253.722, 139.969, 282.197], [296.175, 228.7, 121.142, 157.386]], 'score': [0.81113, 0.30448, 0.29308, 0.28835]}
2025-03-28 16:48:45,513 [INFO] Speed: 168.2/2.2/170.4 ms inference/NMS/total per 640x640 image at batch-size 1;
2025-03-28 16:48:45,513 [INFO] Detect a image success.
2025-03-28 16:48:45,691 [INFO] Predict result is: {'category_id': [22, 22, 22, 22, 22], 'bbox': [[0.654, 292.76, 228.967, 206.508], [226.993, 299.714, 207.313, 181.135], [322.507, 400.582, 81.478, 79.829], [487.115, 282.725, 152.695, 198.898], [414.116, 364.426, 154.539, 114.827]], 'score': [0.95609, 0.93257, 0.90166, 0.8731, 0.83132]}
2025-03-28 16:48:45,692 [INFO] Speed: 168.1/2.1/170.3 ms inference/NMS/total per 640x640 image at batch-size 1;
2025-03-28 16:48:45,692 [INFO] Detect a image success.
2025-03-28 16:48:45,871 [INFO] Predict result is: {'category_id': [1, 1, 1, 28, 1, 28, 28, 28, 62, 28, 28, 28, 28, 62, 28, 62, 62, 28, 1, 1, 1, 1, 28, 1, 62, 28, 62], 'bbox': [[484.013, 253.785, 59.823, 187.527], [340.501, 246.174, 59.615, 200.969], [124.093, 326.148, 85.67, 176.133], [189.093, 220.633, 139.004, 68.628], [181.128, 478.286, 104.771, 55.131], [0.036, 241.596, 80.308, 108.801], [0.42, 203.067, 232.273, 139.289], [422.298, 152.687, 40.345, 87.134], [0.181, 436.944, 181.094, 85.343], [282.384, 220.154, 87.536, 21.451], [280.672, 237.371, 65.499, 42.254], [139.562, 221.132, 173.053, 96.319], [317.199, 238.384, 76.724, 30.572], [202.985, 381.206, 107.32, 87.764], [374.514, 240.32, 51.031, 23.918], [324.633, 421.623, 170.853, 87.042], [278.463, 426.001, 52.269, 78.426], [464.802, 213.234, 64.539, 44.841], [533.901, 286.421, 38.352, 47.008], [302.061, 285.991, 25.892, 40.279], [546.344, 244.815, 14.796, 35.09], [574.551, 302.694, 39.284, 41.385], [466.866, 212.902, 62.065, 18.329], [212.129, 314.739, 59.378, 35.458], [200.071, 379.125, 292.449, 129.366], [0.0, 203.268, 235.676, 269.154], [11.096, 343.718, 121.165, 94.073]], 'score': [0.82842, 0.82156, 0.7449, 0.74199, 0.74064, 0.6012, 0.59799, 0.59484, 0.58445, 0.57181, 0.55459, 0.53074, 0.49817, 0.49403, 0.48653, 0.45768, 0.41956, 0.40119, 0.39685, 0.38721, 0.35456, 0.31494, 0.31178, 0.3086, 0.29799, 0.27181, 0.27161]}
2025-03-28 16:48:45,871 [INFO] Speed: 168.3/3.2/171.5 ms inference/NMS/total per 640x640 image at batch-size 1;
2025-03-28 16:48:45,872 [INFO] Detect a image success.
2025-03-28 16:48:46,055 [INFO] Predict result is: {'category_id': [58, 58, 54, 54, 58, 51], 'bbox': [[371.041, 146.156, 233.907, 242.175], [362.57, 282.864, 250.0, 233.612], [78.815, 123.735, 215.018, 376.422], [361.996, 282.087, 251.737, 234.671], [79.865, 124.751, 212.625, 374.651], [8.776, 82.945, 328.554, 475.897]], 'score': [0.77582, 0.73447, 0.66764, 0.49926, 0.36878, 0.32863]}
2025-03-28 16:48:46,056 [INFO] Speed: 174.8/2.1/176.9 ms inference/NMS/total per 640x640 image at batch-size 1;
2025-03-28 16:48:46,056 [INFO] Detect a image success.
2025-03-28 16:48:46,235 [INFO] Predict result is: {'category_id': [1, 34, 34], 'bbox': [[73.184, 183.934, 208.959, 282.04], [281.284, 285.311, 43.838, 13.373], [280.643, 274.952, 120.274, 23.91]], 'score': [0.92216, 0.68339, 0.4938]}
2025-03-28 16:48:46,236 [INFO] Speed: 169.3/2.1/171.4 ms inference/NMS/total per 640x640 image at batch-size 1;
2025-03-28 16:48:46,236 [INFO] Detect a image success.
2025-03-28 16:48:46,421 [INFO] Predict result is: {'category_id': [46, 1], 'bbox': [[232.148, 140.837, 264.767, 265.332], [152.709, 194.647, 366.13, 333.824]], 'score': [0.92819, 0.87389]}
2025-03-28 16:48:46,422 [INFO] Speed: 175.0/2.4/177.3 ms inference/NMS/total per 640x640 image at batch-size 1;
2025-03-28 16:48:46,422 [INFO] Detect a image success.
2025-03-28 16:48:46,601 [INFO] Predict result is: {'category_id': [1, 1, 1, 84, 77, 32, 27, 27, 31], 'bbox': [[200.062, 166.167, 201.608, 381.011], [46.625, 140.166, 218.596, 347.114], [340.052, 137.437, 249.263, 423.22], [246.956, 293.245, 86.404, 41.977], [434.491, 356.776, 35.318, 18.933], [320.158, 246.076, 17.808, 57.347], [17.185, 232.747, 117.347, 89.077], [50.388, 232.688, 84.148, 56.639], [129.989, 217.944, 78.187, 112.311]], 'score': [0.92209, 0.91481, 0.91344, 0.82659, 0.57969, 0.47243, 0.38912, 0.28632, 0.2522]}
2025-03-28 16:48:46,603 [INFO] Speed: 168.5/2.1/170.6 ms inference/NMS/total per 640x640 image at batch-size 1;
2025-03-28 16:48:46,603 [INFO] Detect a image success.
2025-03-28 16:48:46,785 [INFO] Predict result is: {'category_id': [51, 47, 57, 57, 47, 51, 47, 67, 57], 'bbox': [[1.712, 117.934, 625.189, 436.934], [585.527, 80.781, 54.316, 153.952], [60.314, 347.588, 109.602, 111.315], [167.601, 158.492, 309.651, 251.044], [391.984, 80.382, 121.891, 62.711], [92.662, 80.467, 171.722, 70.679], [92.118, 80.332, 180.257, 71.065], [0.794, 85.208, 635.884, 471.802], [169.438, 360.638, 173.802, 47.865]], 'score': [0.85381, 0.84488, 0.84045, 0.79851, 0.76068, 0.63472, 0.50036, 0.48022, 0.27077]}
2025-03-28 16:48:46,785 [INFO] Speed: 170.2/3.3/173.4 ms inference/NMS/total per 640x640 image at batch-size 1;
2025-03-28 16:48:46,785 [INFO] Detect a image success.
2025-03-28 16:48:46,959 [INFO] Predict result is: {'category_id': [82, 1, 79, 1, 85, 47, 82], 'bbox': [[218.073, 307.145, 95.677, 172.684], [440.043, 330.438, 57.142, 149.719], [26.521, 377.635, 135.502, 101.497], [326.401, 297.858, 90.674, 182.747], [456.374, 243.471, 25.672, 26.93], [44.151, 388.434, 25.932, 23.362], [363.947, 288.341, 71.134, 159.282]], 'score': [0.90224, 0.89987, 0.86942, 0.84359, 0.78329, 0.26997, 0.25249]}
2025-03-28 16:48:46,959 [INFO] Speed: 163.6/2.2/165.8 ms inference/NMS/total per 640x640 image at batch-size 1;
2025-03-28 16:48:46,959 [INFO] Detect a image success.
2025-03-28 16:48:47,140 [INFO] Predict result is: {'category_id': [64, 7, 64, 64], 'bbox': [[397.628, 360.195, 59.473, 78.52], [0.887, 217.46, 554.969, 238.736], [470.711, 356.171, 34.586, 59.534], [456.231, 356.03, 47.97, 60.13]], 'score': [0.79655, 0.796, 0.2715, 0.25513]}
2025-03-28 16:48:47,141 [INFO] Speed: 171.1/2.1/173.2 ms inference/NMS/total per 640x640 image at batch-size 1;
2025-03-28 16:48:47,141 [INFO] Detect a image success.
2025-03-28 16:48:47,321 [INFO] Predict result is: {'category_id': [1, 1, 1, 1, 1, 1, 1, 1], 'bbox': [[208.39, 234.043, 23.074, 31.284], [592.503, 365.13, 28.396, 46.137], [529.857, 347.454, 26.679, 49.79], [72.161, 288.284, 22.404, 50.687], [566.69, 372.595, 27.663, 36.294], [371.072, 235.193, 19.71, 29.062], [270.633, 230.123, 28.195, 36.634], [268.086, 219.321, 15.386, 24.808]], 'score': [0.87135, 0.83969, 0.8338, 0.80443, 0.77191, 0.76442, 0.72889, 0.43562]}
2025-03-28 16:48:47,322 [INFO] Speed: 170.0/2.2/172.2 ms inference/NMS/total per 640x640 image at batch-size 1;
2025-03-28 16:48:47,322 [INFO] Detect a image success.
2025-03-28 16:48:47,506 [INFO] Predict result is: {'category_id': [10, 3, 10], 'bbox': [[312.845, 235.299, 66.217, 29.218], [0.061, 478.618, 161.48, 50.607], [198.26, 235.899, 82.326, 45.216]], 'score': [0.83525, 0.75111, 0.6798]}
2025-03-28 16:48:47,507 [INFO] Speed: 174.5/2.2/176.7 ms inference/NMS/total per 640x640 image at batch-size 1;
2025-03-28 16:48:47,507 [INFO] Detect a image success.
2025-03-28 16:48:47,678 [INFO] Predict result is: {'category_id': [1, 36], 'bbox': [[306.677, 256.87, 90.899, 77.393], [340.214, 259.042, 59.472, 131.36]], 'score': [0.74852, 0.58395]}
2025-03-28 16:48:47,679 [INFO] Speed: 162.2/2.2/164.4 ms inference/NMS/total per 640x640 image at batch-size 1;
2025-03-28 16:48:47,679 [INFO] Detect a image success.
2025-03-28 16:48:47,867 [INFO] Predict result is: {'category_id': [37, 1, 1, 1, 1, 1, 1, 1, 1, 1, 1], 'bbox': [[286.053, 236.977, 50.772, 50.45], [247.875, 107.499, 220.105, 278.545], [349.023, 74.845, 39.981, 79.065], [215.15, 148.76, 39.95, 83.98], [503.429, 137.162, 49.012, 99.551], [142.493, 199.511, 60.933, 35.528], [238.38, 79.245, 52.899, 114.028], [80.174, 149.422, 18.577, 82.602], [145.692, 140.769, 20.629, 57.15], [163.277, 137.089, 28.116, 66.04], [377.151, 110.021, 69.277, 259.277]], 'score': [0.92859, 0.89491, 0.79015, 0.70458, 0.67923, 0.62642, 0.60171, 0.54674, 0.43394, 0.43007, 0.29097]}
2025-03-28 16:48:47,867 [INFO] Speed: 176.8/3.3/180.1 ms inference/NMS/total per 640x640 image at batch-size 1;
2025-03-28 16:48:47,867 [INFO] Detect a image success.
2025-03-28 16:48:48,069 [INFO] Predict result is: {'category_id': [56, 1], 'bbox': [[317.505, 262.46, 241.632, 238.593], [167.272, 21.5, 392.097, 618.177]], 'score': [0.91761, 0.85065]}
2025-03-28 16:48:48,069 [INFO] Speed: 191.1/2.2/193.2 ms inference/NMS/total per 640x640 image at batch-size 1;
2025-03-28 16:48:48,069 [INFO] Detect a image success.
2025-03-28 16:48:48,280 [INFO] Predict result is: {'category_id': [1, 35, 1, 1], 'bbox': [[511.948, 442.633, 47.541, 82.843], [484.806, 511.451, 85.197, 26.443], [480.681, 353.393, 14.684, 14.59], [341.367, 286.494, 9.836, 12.628]], 'score': [0.86413, 0.66944, 0.39263, 0.27454]}
2025-03-28 16:48:48,281 [INFO] Speed: 171.4/2.1/173.5 ms inference/NMS/total per 640x640 image at batch-size 1;
2025-03-28 16:48:48,281 [INFO] Detect a image success.
2025-03-28 16:48:48,457 [INFO] Predict result is: {'category_id': [63, 84, 85, 84, 84, 84, 84, 84], 'bbox': [[96.959, 421.702, 180.795, 217.374], [220.002, 468.236, 38.641, 18.085], [303.15, 275.45, 28.853, 29.627], [252.269, 542.199, 43.249, 17.626], [257.083, 510.332, 32.141, 15.539], [215.467, 517.997, 43.599, 22.069], [248.996, 529.407, 35.629, 11.726], [205.356, 541.446, 39.332, 18.072]], 'score': [0.91632, 0.70351, 0.69028, 0.62895, 0.40677, 0.36891, 0.31673, 0.30309]}
2025-03-28 16:48:48,457 [INFO] Speed: 164.8/3.2/168.0 ms inference/NMS/total per 640x640 image at batch-size 1;
2025-03-28 16:48:48,458 [INFO] Detect a image success.
2025-03-28 16:48:48,648 [INFO] Predict result is: {'category_id': [77, 1, 73, 72, 73], 'bbox': [[334.986, 182.513, 208.475, 110.436], [404.891, 193.378, 94.381, 85.082], [147.721, 127.966, 479.893, 323.159], [333.511, 180.092, 209.957, 113.091], [247.177, 130.827, 383.942, 285.071]], 'score': [0.65983, 0.57948, 0.48254, 0.47004, 0.31338]}
2025-03-28 16:48:48,648 [INFO] Speed: 179.9/2.2/182.0 ms inference/NMS/total per 640x640 image at batch-size 1;
2025-03-28 16:48:48,648 [INFO] Detect a image success.
2025-03-28 16:48:48,821 [INFO] Predict result is: {'category_id': [1, 1, 32, 1, 1, 1, 1, 1, 1, 1, 1], 'bbox': [[0.07, 339.197, 141.086, 216.66], [141.373, 167.798, 364.367, 387.746], [305.636, 380.977, 68.754, 177.092], [465.649, 372.501, 99.874, 184.397], [90.175, 330.927, 89.764, 204.145], [565.036, 451.604, 74.964, 107.628], [164.449, 364.778, 55.364, 49.407], [599.829, 351.548, 40.115, 153.185], [393.007, 320.364, 34.44, 29.804], [217.667, 346.158, 50.303, 40.676], [391.902, 320.052, 75.948, 78.16]], 'score': [0.92718, 0.92629, 0.91489, 0.8885, 0.81544, 0.80018, 0.7041, 0.63763, 0.57388, 0.38068, 0.28601]}
2025-03-28 16:48:48,821 [INFO] Speed: 160.4/3.3/163.8 ms inference/NMS/total per 640x640 image at batch-size 1;
2025-03-28 16:48:48,822 [INFO] Detect a image success.
2025-03-28 16:48:49,004 [INFO] Predict result is: {'category_id': [34, 18], 'bbox': [[235.106, 198.163, 358.291, 293.085], [0.39, 32.909, 630.296, 545.52]], 'score': [0.99094, 0.87039]}
2025-03-28 16:48:49,004 [INFO] Speed: 172.1/3.2/175.3 ms inference/NMS/total per 640x640 image at batch-size 1;
2025-03-28 16:48:49,004 [INFO] Detect a image success.
2025-03-28 16:48:49,188 [INFO] Predict result is: {'category_id': [1, 1, 1, 1, 1, 1, 77, 1, 1, 1, 1, 1], 'bbox': [[117.239, 176.259, 434.536, 427.064], [0.149, 240.318, 82.797, 277.253], [78.542, 300.388, 82.411, 214.183], [518.654, 226.928, 117.246, 379.567], [449.852, 283.966, 69.209, 102.885], [98.874, 254.977, 52.603, 78.028], [290.656, 317.383, 22.406, 27.185], [483.067, 233.672, 90.922, 207.256], [148.939, 271.176, 66.063, 113.013], [428.756, 235.74, 45.523, 112.856], [491.014, 236.938, 40.422, 53.109], [605.922, 242.913, 33.785, 363.02]], 'score': [0.92008, 0.90202, 0.85013, 0.83561, 0.47665, 0.44771, 0.4419, 0.41154, 0.32543, 0.31002, 0.30916, 0.29929]}
2025-03-28 16:48:49,188 [INFO] Speed: 172.7/3.3/176.0 ms inference/NMS/total per 640x640 image at batch-size 1;
2025-03-28 16:48:49,189 [INFO] Detect a image success.
2025-03-28 16:48:49,370 [INFO] Predict result is: {'category_id': [59, 1, 62, 44], 'bbox': [[1.395, 121.716, 638.331, 427.477], [0.174, 80.803, 230.863, 200.154], [473.275, 81.122, 142.556, 90.064], [473.454, 399.209, 166.486, 157.077]], 'score': [0.90309, 0.80126, 0.37996, 0.30389]}
2025-03-28 16:48:49,371 [INFO] Speed: 170.5/2.1/172.6 ms inference/NMS/total per 640x640 image at batch-size 1;
2025-03-28 16:48:49,371 [INFO] Detect a image success.
2025-03-28 16:48:49,561 [INFO] Predict result is: {'category_id': [9, 18], 'bbox': [[0.77, 74.369, 633.807, 472.869], [448.941, 148.235, 68.249, 75.222]], 'score': [0.83494, 0.78868]}
2025-03-28 16:48:49,561 [INFO] Speed: 179.5/3.2/182.7 ms inference/NMS/total per 640x640 image at batch-size 1;
2025-03-28 16:48:49,562 [INFO] Detect a image success.
2025-03-28 16:48:49,747 [INFO] Predict result is: {'category_id': [9, 9, 9, 9], 'bbox': [[162.993, 355.034, 309.586, 90.92], [173.103, 401.695, 297.748, 45.812], [297.636, 356.534, 182.659, 42.408], [363.139, 355.126, 106.752, 23.937]], 'score': [0.7977, 0.29845, 0.27973, 0.2571]}
2025-03-28 16:48:49,747 [INFO] Speed: 175.7/3.2/179.0 ms inference/NMS/total per 640x640 image at batch-size 1;
2025-03-28 16:48:49,747 [INFO] Detect a image success.
2025-03-28 16:48:49,929 [INFO] Predict result is: {'category_id': [1, 43], 'bbox': [[140.725, 252.719, 123.257, 306.189], [197.694, 398.76, 44.068, 45.852]], 'score': [0.94576, 0.72713]}
2025-03-28 16:48:49,929 [INFO] Speed: 171.1/2.1/173.3 ms inference/NMS/total per 640x640 image at batch-size 1;
2025-03-28 16:48:49,930 [INFO] Detect a image success.
2025-03-28 16:48:50,115 [INFO] Predict result is: {'category_id': [1, 1, 43], 'bbox': [[455.484, 310.855, 132.054, 245.858], [127.824, 207.994, 41.777, 152.736], [144.438, 200.551, 35.717, 17.478]], 'score': [0.92422, 0.82225, 0.32662]}
2025-03-28 16:48:50,115 [INFO] Speed: 173.8/2.2/176.0 ms inference/NMS/total per 640x640 image at batch-size 1;
2025-03-28 16:48:50,115 [INFO] Detect a image success.
2025-03-28 16:48:50,292 [INFO] Predict result is: {'category_id': [1, 61, 70, 32], 'bbox': [[224.712, 168.548, 355.577, 326.672], [404.474, 376.415, 175.132, 120.836], [9.763, 140.925, 341.607, 352.798], [372.899, 341.48, 97.024, 153.848]], 'score': [0.94011, 0.91561, 0.63687, 0.55674]}
2025-03-28 16:48:50,292 [INFO] Speed: 166.6/2.2/168.7 ms inference/NMS/total per 640x640 image at batch-size 1;
2025-03-28 16:48:50,293 [INFO] Detect a image success.
2025-03-28 16:48:50,479 [INFO] Predict result is: {'category_id': [1, 43, 37], 'bbox': [[152.849, 192.185, 163.755, 254.077], [304.096, 289.624, 74.954, 56.908], [359.553, 318.05, 12.264, 11.653]], 'score': [0.93153, 0.85881, 0.50249]}
2025-03-28 16:48:50,480 [INFO] Speed: 176.1/2.1/178.2 ms inference/NMS/total per 640x640 image at batch-size 1;
2025-03-28 16:48:50,480 [INFO] Detect a image success.
2025-03-28 16:48:50,668 [INFO] Predict result is: {'category_id': [1, 60, 44], 'bbox': [[112.527, 7.055, 424.867, 632.54], [327.404, 238.535, 101.198, 72.101], [251.746, 545.771, 76.372, 94.226]], 'score': [0.94506, 0.8595, 0.76708]}
2025-03-28 16:48:50,669 [INFO] Speed: 178.9/2.1/181.1 ms inference/NMS/total per 640x640 image at batch-size 1;
2025-03-28 16:48:50,669 [INFO] Detect a image success.
2025-03-28 16:48:50,840 [INFO] Predict result is: {'category_id': [60, 60, 60, 60, 60, 60, 60, 60, 60, 60, 60, 60, 60, 60, 60, 60], 'bbox': [[470.349, 180.82, 123.912, 102.808], [478.391, 387.101, 131.734, 145.352], [168.202, 294.625, 153.297, 108.392], [476.639, 275.021, 123.478, 117.881], [190.618, 350.021, 143.265, 100.876], [168.332, 437.395, 164.22, 91.667], [320.019, 411.144, 166.85, 123.019], [179.639, 222.78, 140.449, 102.789], [49.926, 183.452, 124.739, 85.302], [59.568, 240.429, 119.881, 94.036], [33.884, 401.877, 157.567, 119.693], [37.753, 352.476, 151.94, 77.322], [387.436, 178.414, 93.42, 237.754], [36.417, 306.099, 123.575, 78.012], [307.03, 233.959, 91.067, 187.056], [170.147, 192.436, 152.672, 76.155]], 'score': [0.9291, 0.91555, 0.88966, 0.88443, 0.87931, 0.87267, 0.86971, 0.85031, 0.83549, 0.82942, 0.82774, 0.8035, 0.7927, 0.78747, 0.74569, 0.25284]}
2025-03-28 16:48:50,840 [INFO] Speed: 159.6/3.2/162.8 ms inference/NMS/total per 640x640 image at batch-size 1;
2025-03-28 16:48:50,841 [INFO] Detect a image success.
2025-03-28 16:48:51,038 [INFO] Predict result is: {'category_id': [75, 17, 1, 1, 63, 1, 1, 1], 'bbox': [[499.172, 275.528, 140.828, 152.781], [197.978, 132.679, 367.716, 375.441], [485.63, 81.556, 154.003, 317.127], [105.717, 82.042, 523.516, 474.564], [62.364, 81.883, 577.154, 475.637], [0.204, 237.885, 136.493, 188.465], [0.207, 237.165, 137.111, 309.424], [481.363, 82.778, 158.315, 475.09]], 'score': [0.9474, 0.78231, 0.61895, 0.51867, 0.37436, 0.34219, 0.32707, 0.26725]}
2025-03-28 16:48:51,038 [INFO] Speed: 186.3/3.3/189.5 ms inference/NMS/total per 640x640 image at batch-size 1;
2025-03-28 16:48:51,038 [INFO] Detect a image success.
2025-03-28 16:48:51,252 [INFO] Predict result is: {'category_id': [1, 64, 63, 64, 64, 75, 77], 'bbox': [[160.44, 130.573, 277.18, 509.402], [454.418, 245.939, 58.292, 67.664], [80.636, 478.727, 88.141, 161.055], [506.739, 181.24, 53.144, 100.366], [494.552, 263.233, 58.683, 98.111], [414.259, 367.335, 44.378, 18.698], [414.656, 367.63, 44.308, 18.31]], 'score': [0.90725, 0.59295, 0.54344, 0.51459, 0.38557, 0.35632, 0.25293]}
2025-03-28 16:48:51,253 [INFO] Speed: 176.1/2.1/178.2 ms inference/NMS/total per 640x640 image at batch-size 1;
2025-03-28 16:48:51,253 [INFO] Detect a image success.
2025-03-28 16:48:51,446 [INFO] Predict result is: {'category_id': [59, 46, 47, 67, 47], 'bbox': [[0.0, 98.496, 573.054, 454.946], [461.837, 80.268, 99.398, 69.926], [561.544, 81.315, 78.39, 189.928], [6.716, 81.843, 632.404, 473.674], [197.526, 80.146, 71.583, 11.67]], 'score': [0.953, 0.92854, 0.88443, 0.79301, 0.36963]}
2025-03-28 16:48:51,446 [INFO] Speed: 182.1/3.2/185.4 ms inference/NMS/total per 640x640 image at batch-size 1;
2025-03-28 16:48:51,446 [INFO] Detect a image success.
2025-03-28 16:48:51,631 [INFO] Predict result is: {'category_id': [1, 32, 44], 'bbox': [[63.646, 78.833, 510.151, 560.91], [221.703, 282.497, 60.226, 249.76], [432.179, 247.154, 98.177, 70.701]], 'score': [0.9525, 0.83501, 0.55127]}
2025-03-28 16:48:51,631 [INFO] Speed: 173.3/3.2/176.5 ms inference/NMS/total per 640x640 image at batch-size 1;
2025-03-28 16:48:51,631 [INFO] Detect a image success.
2025-03-28 16:48:51,831 [INFO] Predict result is: {'category_id': [6], 'bbox': [[113.273, 214.705, 462.8, 213.446]], 'score': [0.94664]}
2025-03-28 16:48:51,831 [INFO] Speed: 188.0/3.2/191.2 ms inference/NMS/total per 640x640 image at batch-size 1;
2025-03-28 16:48:51,831 [INFO] Detect a image success.
2025-03-28 16:48:52,016 [INFO] Predict result is: {'category_id': [5], 'bbox': [[393.703, 264.193, 85.833, 30.747]], 'score': [0.88661]}
2025-03-28 16:48:52,017 [INFO] Speed: 175.7/2.0/177.8 ms inference/NMS/total per 640x640 image at batch-size 1;
2025-03-28 16:48:52,017 [INFO] Detect a image success.
2025-03-28 16:48:52,193 [INFO] Predict result is: {'category_id': [1, 40], 'bbox': [[130.635, 58.036, 395.4, 537.631], [118.142, 298.441, 114.44, 92.854]], 'score': [0.88515, 0.82383]}
2025-03-28 16:48:52,194 [INFO] Speed: 165.5/2.1/167.7 ms inference/NMS/total per 640x640 image at batch-size 1;
2025-03-28 16:48:52,194 [INFO] Detect a image success.
2025-03-28 16:48:52,383 [INFO] Predict result is: {'category_id': [51, 82, 79, 78, 82], 'bbox': [[254.122, 412.493, 131.008, 81.208], [398.384, 279.787, 80.197, 113.744], [410.588, 386.907, 229.309, 135.478], [88.756, 314.341, 69.902, 40.557], [340.119, 278.291, 137.719, 116.152]], 'score': [0.92735, 0.48848, 0.28496, 0.27473, 0.25356]}
2025-03-28 16:48:52,384 [INFO] Speed: 179.7/2.2/181.9 ms inference/NMS/total per 640x640 image at batch-size 1;
2025-03-28 16:48:52,384 [INFO] Detect a image success.
2025-03-28 16:48:52,562 [INFO] Predict result is: {'category_id': [1, 1, 1, 37, 1, 40, 1, 39, 1, 39], 'bbox': [[184.432, 327.602, 99.356, 131.589], [33.997, 328.078, 92.233, 147.997], [109.953, 360.759, 112.108, 112.816], [431.697, 370.011, 7.477, 6.049], [545.59, 331.939, 43.394, 51.57], [216.662, 391.405, 23.733, 21.969], [209.54, 316.889, 22.825, 70.59], [215.185, 343.83, 60.586, 44.303], [210.35, 316.255, 35.947, 54.354], [212.525, 343.181, 42.271, 30.976]], 'score': [0.90667, 0.90455, 0.90061, 0.87722, 0.78685, 0.7844, 0.58791, 0.54841, 0.26283, 0.26092]}
2025-03-28 16:48:52,563 [INFO] Speed: 167.5/3.2/170.7 ms inference/NMS/total per 640x640 image at batch-size 1;
2025-03-28 16:48:52,563 [INFO] Detect a image success.
2025-03-28 16:48:52,752 [INFO] Predict result is: {'category_id': [18, 41], 'bbox': [[60.19, 249.883, 115.995, 183.485], [392.787, 177.252, 114.308, 329.109]], 'score': [0.9019, 0.8556]}
2025-03-28 16:48:52,752 [INFO] Speed: 177.9/2.2/180.1 ms inference/NMS/total per 640x640 image at batch-size 1;
2025-03-28 16:48:52,752 [INFO] Detect a image success.
2025-03-28 16:48:52,931 [INFO] Predict result is: {'category_id': [88, 88, 88], 'bbox': [[152.61, 130.698, 372.661, 384.73], [100.191, 120.846, 270.103, 158.449], [398.953, 119.797, 238.315, 258.757]], 'score': [0.89206, 0.81087, 0.76181]}
2025-03-28 16:48:52,931 [INFO] Speed: 168.1/3.2/171.2 ms inference/NMS/total per 640x640 image at batch-size 1;
2025-03-28 16:48:52,931 [INFO] Detect a image success.
2025-03-28 16:48:53,119 [INFO] Predict result is: {'category_id': [23], 'bbox': [[222.56, 180.895, 280.278, 276.975]], 'score': [0.93559]}
2025-03-28 16:48:53,120 [INFO] Speed: 177.4/2.1/179.5 ms inference/NMS/total per 640x640 image at batch-size 1;
2025-03-28 16:48:53,120 [INFO] Detect a image success.
2025-03-28 16:48:53,305 [INFO] Predict result is: {'category_id': [1, 15], 'bbox': [[255.688, 206.623, 153.13, 301.836], [42.22, 305.498, 588.553, 193.144]], 'score': [0.92667, 0.80998]}
2025-03-28 16:48:53,305 [INFO] Speed: 174.2/2.1/176.4 ms inference/NMS/total per 640x640 image at batch-size 1;
2025-03-28 16:48:53,305 [INFO] Detect a image success.
2025-03-28 16:48:53,495 [INFO] Predict result is: {'category_id': [65, 33], 'bbox': [[164.036, 136.737, 336.212, 502.796], [176.313, 447.126, 321.496, 192.511]], 'score': [0.41148, 0.27566]}
2025-03-28 16:48:53,495 [INFO] Speed: 178.1/2.2/180.4 ms inference/NMS/total per 640x640 image at batch-size 1;
2025-03-28 16:48:53,495 [INFO] Detect a image success.
2025-03-28 16:48:53,670 [INFO] Predict result is: {'category_id': [16, 16, 16, 16, 16, 16, 16, 16, 1, 1], 'bbox': [[98.506, 275.013, 36.415, 21.401], [298.51, 221.42, 36.31, 20.865], [449.05, 296.665, 20.082, 14.944], [443.478, 253.869, 24.352, 18.213], [227.085, 209.425, 38.402, 17.346], [0.14, 267.558, 23.13, 16.5], [154.862, 264.797, 28.082, 12.28], [598.424, 258.223, 20.616, 11.942], [455.551, 396.439, 13.377, 20.444], [502.247, 400.99, 17.009, 16.006]], 'score': [0.77612, 0.76624, 0.71331, 0.66415, 0.66169, 0.57662, 0.54997, 0.39535, 0.39347, 0.2514]}
2025-03-28 16:48:53,670 [INFO] Speed: 164.0/3.4/167.4 ms inference/NMS/total per 640x640 image at batch-size 1;
2025-03-28 16:48:53,670 [INFO] Detect a image success.
2025-03-28 16:48:53,852 [INFO] Predict result is: {'category_id': [4, 1], 'bbox': [[120.451, 237.404, 364.972, 342.993], [205.837, 75.052, 228.98, 407.258]], 'score': [0.91631, 0.83979]}
2025-03-28 16:48:53,852 [INFO] Speed: 170.9/2.3/173.1 ms inference/NMS/total per 640x640 image at batch-size 1;
2025-03-28 16:48:53,852 [INFO] Detect a image success.
2025-03-28 16:48:54,024 [INFO] Predict result is: {'category_id': [1, 1, 43, 1, 1, 1, 1, 1, 1], 'bbox': [[263.037, 328.565, 38.444, 91.072], [85.829, 334.286, 35.762, 67.573], [296.452, 376.856, 13.337, 24.385], [216.076, 333.78, 10.014, 24.371], [7.007, 335.73, 18.671, 39.523], [251.91, 333.583, 11.56, 25.341], [504.921, 330.651, 12.188, 28.252], [447.636, 328.879, 12.115, 32.196], [138.408, 479.032, 68.427, 80.595]], 'score': [0.88591, 0.84082, 0.71793, 0.59946, 0.56591, 0.53539, 0.49451, 0.29665, 0.2916]}
2025-03-28 16:48:54,024 [INFO] Speed: 161.4/3.2/164.6 ms inference/NMS/total per 640x640 image at batch-size 1;
2025-03-28 16:48:54,024 [INFO] Detect a image success.
2025-03-28 16:48:54,239 [INFO] Predict result is: {'category_id': [6, 1, 1, 6, 31, 6], 'bbox': [[89.189, 209.749, 459.031, 260.689], [267.091, 315.578, 46.132, 158.613], [122.903, 332.631, 49.121, 115.509], [0.069, 245.516, 93.559, 187.769], [120.181, 399.944, 14.971, 22.405], [61.721, 285.891, 33.141, 80.361]], 'score': [0.93574, 0.87674, 0.83938, 0.78846, 0.41705, 0.40874]}
2025-03-28 16:48:54,241 [INFO] Speed: 175.2/2.1/177.4 ms inference/NMS/total per 640x640 image at batch-size 1;
2025-03-28 16:48:54,241 [INFO] Detect a image success.
2025-03-28 16:48:54,430 [INFO] Predict result is: {'category_id': [1, 1, 1, 31, 62, 62, 62, 77], 'bbox': [[418.145, 270.328, 221.855, 286.487], [123.381, 178.093, 140.158, 377.589], [246.136, 195.252, 148.035, 360.69], [32.429, 396.567, 84.923, 162.054], [0.152, 282.187, 116.287, 272.074], [414.197, 280.834, 166.258, 216.024], [411.472, 281.147, 226.941, 264.069], [139.083, 204.336, 43.308, 57.191]], 'score': [0.93983, 0.91496, 0.90713, 0.50045, 0.49099, 0.38464, 0.28535, 0.2836]}
2025-03-28 16:48:54,431 [INFO] Speed: 179.5/2.1/181.7 ms inference/NMS/total per 640x640 image at batch-size 1;
2025-03-28 16:48:54,431 [INFO] Detect a image success.
2025-03-28 16:48:54,610 [INFO] Predict result is: {'category_id': [5], 'bbox': [[157.419, 292.574, 295.655, 85.195]], 'score': [0.91468]}
2025-03-28 16:48:54,610 [INFO] Speed: 168.1/3.3/171.4 ms inference/NMS/total per 640x640 image at batch-size 1;
2025-03-28 16:48:54,610 [INFO] Detect a image success.
2025-03-28 16:48:54,795 [INFO] Predict result is: {'category_id': [1, 1, 1, 5, 1, 1, 1, 1, 1, 1], 'bbox': [[226.852, 269.297, 63.902, 181.869], [451.589, 274.037, 40.775, 155.269], [147.218, 289.969, 49.149, 162.115], [0.703, 87.953, 639.297, 321.496], [185.218, 289.174, 45.382, 137.96], [353.093, 294.266, 46.087, 123.079], [455.089, 196.486, 41.293, 98.891], [317.078, 288.426, 39.961, 132.573], [280.176, 290.259, 30.627, 138.349], [299.247, 289.343, 30.46, 137.082]], 'score': [0.86675, 0.8323, 0.78099, 0.71877, 0.7178, 0.69495, 0.67513, 0.65126, 0.60325, 0.40946]}
2025-03-28 16:48:54,796 [INFO] Speed: 173.5/3.2/176.7 ms inference/NMS/total per 640x640 image at batch-size 1;
2025-03-28 16:48:54,796 [INFO] Detect a image success.
2025-03-28 16:48:54,983 [INFO] Predict result is: {'category_id': [1, 1, 1, 40, 1, 1, 1, 1, 1, 37], 'bbox': [[250.865, 348.412, 113.311, 164.518], [24.166, 376.583, 103.397, 140.707], [106.936, 408.272, 130.79, 106.765], [212.324, 432.115, 26.369, 31.421], [192.305, 316.62, 34.181, 28.119], [19.139, 342.894, 44.283, 60.035], [0.0, 324.696, 35.13, 79.071], [247.21, 293.557, 30.593, 48.778], [147.659, 298.966, 32.953, 46.592], [594.758, 399.145, 14.618, 8.195]], 'score': [0.92719, 0.92271, 0.89569, 0.83493, 0.59181, 0.51162, 0.4414, 0.43505, 0.31817, 0.26351]}
2025-03-28 16:48:54,984 [INFO] Speed: 176.5/3.3/179.7 ms inference/NMS/total per 640x640 image at batch-size 1;
2025-03-28 16:48:54,984 [INFO] Detect a image success.
2025-03-28 16:48:55,164 [INFO] Predict result is: {'category_id': [64, 81], 'bbox': [[73.181, 280.357, 84.137, 85.668], [111.287, 371.025, 157.429, 97.027]], 'score': [0.88235, 0.8806]}
2025-03-28 16:48:55,164 [INFO] Speed: 170.3/2.1/172.4 ms inference/NMS/total per 640x640 image at batch-size 1;
2025-03-28 16:48:55,165 [INFO] Detect a image success.
2025-03-28 16:48:55,351 [INFO] Predict result is: {'category_id': [90, 47, 90, 90, 47], 'bbox': [[294.631, 60.35, 82.798, 213.342], [205.067, 95.598, 281.581, 476.041], [248.781, 160.619, 66.941, 113.42], [170.09, 84.853, 84.872, 183.255], [206.15, 245.895, 268.993, 348.109]], 'score': [0.9263, 0.87564, 0.79934, 0.68097, 0.63067]}
2025-03-28 16:48:55,351 [INFO] Speed: 174.7/2.1/176.9 ms inference/NMS/total per 640x640 image at batch-size 1;
2025-03-28 16:48:55,351 [INFO] Detect a image success.
2025-03-28 16:48:55,541 [INFO] Predict result is: {'category_id': [1, 43, 62, 62, 62, 1, 62, 62, 62, 62, 62, 62, 62, 62, 62, 62, 62, 62, 62, 62, 62, 62, 62, 62, 62, 62, 62, 62, 62, 62, 62, 62, 62, 62], 'bbox': [[296.22, 339.426, 143.385, 271.794], [334.657, 433.629, 130.79, 40.356], [414.19, 307.325, 60.931, 44.555], [448.095, 253.846, 52.824, 31.327], [362.127, 308.121, 54.415, 29.605], [512.581, 201.558, 67.516, 83.146], [474.377, 306.673, 61.123, 44.673], [167.819, 233.469, 47.132, 24.893], [122.013, 235.235, 45.654, 24.067], [98.218, 310.233, 56.029, 43.037], [215.065, 232.926, 46.886, 25.669], [385.226, 282.035, 52.494, 21.89], [494.672, 280.335, 53.396, 22.959], [130.882, 284.141, 47.066, 21.936], [263.51, 232.397, 46.481, 31.244], [304.533, 308.518, 57.329, 43.234], [148.445, 258.46, 48.638, 25.752], [533.918, 306.711, 46.128, 44.808], [197.496, 258.738, 50.012, 27.498], [440.82, 282.192, 51.638, 20.634], [478.216, 307.448, 56.656, 28.599], [100.448, 259.152, 47.847, 25.402], [359.71, 308.099, 56.893, 44.471], [81.801, 285.04, 46.545, 22.79], [246.09, 257.601, 51.379, 46.964], [297.282, 231.568, 61.85, 70.988], [419.718, 307.856, 55.273, 28.45], [535.988, 307.325, 44.077, 27.157], [181.38, 283.531, 47.815, 21.721], [307.999, 308.552, 53.103, 29.88], [60.028, 309.966, 40.639, 42.949], [75.974, 235.787, 44.737, 23.534], [60.159, 259.94, 39.958, 24.267], [507.167, 227.064, 49.422, 26.412]], 'score': [0.91027, 0.72899, 0.71222, 0.65623, 0.65412, 0.64498, 0.62069, 0.6168, 0.60819, 0.5798, 0.57006, 0.52243, 0.51589, 0.50756, 0.50418, 0.50302, 0.48532, 0.47082, 0.45395, 0.45277, 0.43945, 0.41474, 0.35632, 0.34076, 0.33376, 0.33333, 0.3223, 0.29218, 0.28864, 0.28051, 0.27663, 0.26644, 0.26232, 0.25023]}
2025-03-28 16:48:55,542 [INFO] Speed: 178.6/3.3/181.8 ms inference/NMS/total per 640x640 image at batch-size 1;
2025-03-28 16:48:55,542 [INFO] Detect a image success.
2025-03-28 16:48:55,721 [INFO] Predict result is: {'category_id': [1], 'bbox': [[87.452, 351.055, 82.461, 143.502]], 'score': [0.86164]}
2025-03-28 16:48:55,721 [INFO] Speed: 168.7/3.2/171.9 ms inference/NMS/total per 640x640 image at batch-size 1;
2025-03-28 16:48:55,721 [INFO] Detect a image success.
2025-03-28 16:48:55,894 [INFO] Predict result is: {'category_id': [33, 1, 1], 'bbox': [[394.066, 379.29, 138.651, 222.612], [243.969, 60.992, 146.994, 551.45], [176.336, 252.084, 130.462, 348.578]], 'score': [0.89524, 0.87371, 0.8656]}
2025-03-28 16:48:55,894 [INFO] Speed: 161.6/2.1/163.7 ms inference/NMS/total per 640x640 image at batch-size 1;
2025-03-28 16:48:55,894 [INFO] Detect a image success.
2025-03-28 16:48:56,069 [INFO] Predict result is: {'category_id': [17], 'bbox': [[0.81, 103.087, 359.263, 362.223]], 'score': [0.91267]}
2025-03-28 16:48:56,069 [INFO] Speed: 162.7/3.3/166.0 ms inference/NMS/total per 640x640 image at batch-size 1;
2025-03-28 16:48:56,069 [INFO] Detect a image success.
2025-03-28 16:48:56,250 [INFO] Predict result is: {'category_id': [18, 18, 1, 18, 25], 'bbox': [[154.208, 193.191, 201.211, 333.896], [17.671, 399.437, 367.014, 240.184], [16.453, 398.642, 354.288, 241.024], [18.33, 162.191, 434.538, 476.277], [317.203, 170.518, 212.359, 241.962]], 'score': [0.51318, 0.47634, 0.39883, 0.27055, 0.254]}
2025-03-28 16:48:56,251 [INFO] Speed: 171.4/2.1/173.5 ms inference/NMS/total per 640x640 image at batch-size 1;
2025-03-28 16:48:56,251 [INFO] Detect a image success.
2025-03-28 16:48:56,438 [INFO] Predict result is: {'category_id': [57, 57, 57, 57, 57, 51, 57, 50, 57, 57, 50], 'bbox': [[357.155, 420.367, 89.109, 87.268], [133.166, 297.868, 66.211, 74.114], [446.176, 365.333, 80.944, 74.005], [396.852, 319.354, 63.137, 62.87], [196.604, 277.244, 87.373, 80.37], [1.352, 110.064, 637.378, 415.161], [467.169, 297.264, 72.996, 74.197], [1.752, 107.9, 331.723, 70.907], [233.163, 159.094, 72.82, 60.177], [516.697, 355.084, 59.682, 73.711], [479.772, 108.082, 160.085, 74.299]], 'score': [0.8394, 0.80583, 0.76314, 0.69593, 0.68838, 0.68349, 0.53726, 0.51427, 0.44761, 0.39036, 0.36325]}
2025-03-28 16:48:56,438 [INFO] Speed: 176.6/3.2/179.8 ms inference/NMS/total per 640x640 image at batch-size 1;
2025-03-28 16:48:56,438 [INFO] Detect a image success.
2025-03-28 16:48:56,618 [INFO] Predict result is: {'category_id': [1], 'bbox': [[347.52, 266.517, 146.72, 177.794]], 'score': [0.9241]}
2025-03-28 16:48:56,618 [INFO] Speed: 169.3/2.1/171.4 ms inference/NMS/total per 640x640 image at batch-size 1;
2025-03-28 16:48:56,619 [INFO] Detect a image success.
2025-03-28 16:48:56,803 [INFO] Predict result is: {'category_id': [81, 47], 'bbox': [[152.933, 377.4, 112.957, 31.107], [103.346, 552.938, 25.991, 30.899]], 'score': [0.73676, 0.25991]}
2025-03-28 16:48:56,803 [INFO] Speed: 172.9/3.3/176.1 ms inference/NMS/total per 640x640 image at batch-size 1;
2025-03-28 16:48:56,804 [INFO] Detect a image success.
2025-03-28 16:48:56,979 [INFO] Predict result is: {'category_id': [72], 'bbox': [[368.193, 382.842, 140.245, 98.857]], 'score': [0.94798]}
2025-03-28 16:48:56,979 [INFO] Speed: 165.4/3.3/168.7 ms inference/NMS/total per 640x640 image at batch-size 1;
2025-03-28 16:48:56,980 [INFO] Detect a image success.
2025-03-28 16:48:57,195 [INFO] Predict result is: {'category_id': [22, 22, 22, 22, 22, 22, 22], 'bbox': [[382.204, 344.938, 68.472, 43.24], [196.024, 339.044, 74.356, 47.339], [467.395, 346.669, 74.508, 42.982], [134.059, 349.69, 61.505, 35.704], [337.517, 362.835, 41.529, 24.269], [0.431, 350.764, 54.027, 33.618], [88.359, 361.001, 36.949, 23.578]], 'score': [0.90106, 0.89902, 0.89577, 0.82983, 0.80043, 0.79866, 0.77776]}
2025-03-28 16:48:57,196 [INFO] Speed: 174.9/3.2/178.2 ms inference/NMS/total per 640x640 image at batch-size 1;
2025-03-28 16:48:57,196 [INFO] Detect a image success.
2025-03-28 16:48:57,377 [INFO] Predict result is: {'category_id': [75, 75, 17, 63, 64, 63], 'bbox': [[437.337, 316.504, 176.906, 84.548], [389.245, 282.633, 197.404, 62.586], [0.206, 155.954, 405.475, 362.786], [6.795, 115.515, 622.889, 401.656], [532.078, 118.334, 107.732, 248.696], [309.428, 117.988, 319.826, 399.324]], 'score': [0.96668, 0.92111, 0.90946, 0.83804, 0.63073, 0.26854]}
2025-03-28 16:48:57,377 [INFO] Speed: 171.0/3.3/174.4 ms inference/NMS/total per 640x640 image at batch-size 1;
2025-03-28 16:48:57,377 [INFO] Detect a image success.
2025-03-28 16:48:57,551 [INFO] Predict result is: {'category_id': [47, 67, 47, 50, 61, 50], 'bbox': [[294.201, 202.411, 221.553, 177.929], [0.764, 81.199, 638.441, 471.368], [411.605, 112.495, 142.462, 138.624], [258.385, 280.593, 62.839, 102.117], [0.173, 214.499, 133.223, 186.192], [258.721, 212.226, 64.022, 170.581]], 'score': [0.95523, 0.94104, 0.89495, 0.85845, 0.64715, 0.61335]}
2025-03-28 16:48:57,551 [INFO] Speed: 162.4/3.3/165.7 ms inference/NMS/total per 640x640 image at batch-size 1;
2025-03-28 16:48:57,551 [INFO] Detect a image success.
2025-03-28 16:48:57,737 [INFO] Predict result is: {'category_id': [88, 88, 65, 88, 88, 88, 88, 86, 88], 'bbox': [[181.711, 271.256, 104.539, 94.687], [399.351, 362.025, 133.819, 109.951], [119.15, 308.769, 428.622, 246.364], [316.433, 350.63, 77.587, 88.555], [338.79, 258.025, 53.279, 68.241], [261.745, 330.794, 100.369, 108.977], [359.611, 301.217, 65.069, 72.508], [0.056, 341.675, 34.741, 147.507], [260.482, 362.373, 67.517, 79.556]], 'score': [0.91884, 0.64185, 0.6171, 0.47432, 0.45669, 0.3487, 0.32687, 0.28101, 0.25112]}
2025-03-28 16:48:57,737 [INFO] Speed: 176.0/2.2/178.2 ms inference/NMS/total per 640x640 image at batch-size 1;
2025-03-28 16:48:57,737 [INFO] Detect a image success.
2025-03-28 16:48:57,931 [INFO] Predict result is: {'category_id': [59, 59, 82], 'bbox': [[173.42, 254.591, 224.084, 115.729], [172.981, 254.171, 224.369, 78.016], [317.684, 0.539, 241.736, 608.942]], 'score': [0.83139, 0.42419, 0.28743]}
2025-03-28 16:48:57,931 [INFO] Speed: 183.2/3.2/186.4 ms inference/NMS/total per 640x640 image at batch-size 1;
2025-03-28 16:48:57,931 [INFO] Detect a image success.
2025-03-28 16:48:58,121 [INFO] Predict result is: {'category_id': [88, 1], 'bbox': [[80.873, 53.854, 454.971, 586.146], [282.112, 1.462, 248.3, 635.024]], 'score': [0.91871, 0.57956]}
2025-03-28 16:48:58,122 [INFO] Speed: 179.0/2.1/181.1 ms inference/NMS/total per 640x640 image at batch-size 1;
2025-03-28 16:48:58,122 [INFO] Detect a image success.
2025-03-28 16:48:58,305 [INFO] Predict result is: {'category_id': [1, 1, 1, 34], 'bbox': [[406.448, 302.772, 114.145, 211.728], [276.921, 249.595, 93.344, 270.083], [186.731, 329.929, 90.292, 186.666], [272.48, 208.704, 34.708, 21.252]], 'score': [0.93232, 0.93039, 0.92786, 0.88124]}
2025-03-28 16:48:58,306 [INFO] Speed: 173.9/2.1/176.0 ms inference/NMS/total per 640x640 image at batch-size 1;
2025-03-28 16:48:58,306 [INFO] Detect a image success.
2025-03-28 16:48:58,488 [INFO] Predict result is: {'category_id': [85, 85], 'bbox': [[311.951, 200.439, 41.781, 46.784], [395.076, 208.298, 21.601, 47.26]], 'score': [0.80546, 0.79158]}
2025-03-28 16:48:58,488 [INFO] Speed: 170.6/3.3/173.8 ms inference/NMS/total per 640x640 image at batch-size 1;
2025-03-28 16:48:58,488 [INFO] Detect a image success.
2025-03-28 16:48:58,661 [INFO] Predict result is: {'category_id': [4], 'bbox': [[323.232, 354.953, 241.653, 161.009]], 'score': [0.94099]}
2025-03-28 16:48:58,661 [INFO] Speed: 162.4/3.3/165.7 ms inference/NMS/total per 640x640 image at batch-size 1;
2025-03-28 16:48:58,661 [INFO] Detect a image success.
2025-03-28 16:48:58,840 [INFO] Predict result is: {'category_id': [1, 1, 1, 1, 41, 1, 1], 'bbox': [[163.393, 266.493, 291.59, 217.386], [185.648, 39.143, 24.675, 26.873], [283.145, 16.607, 20.094, 23.436], [444.697, 0.187, 87.258, 111.224], [261.485, 446.043, 161.204, 53.078], [255.47, 18.182, 21.47, 28.704], [105.694, 40.44, 18.426, 46.948]], 'score': [0.93639, 0.79551, 0.79185, 0.77746, 0.7524, 0.74634, 0.43014]}
2025-03-28 16:48:58,840 [INFO] Speed: 168.1/3.2/171.4 ms inference/NMS/total per 640x640 image at batch-size 1;
2025-03-28 16:48:58,840 [INFO] Detect a image success.
2025-03-28 16:48:59,025 [INFO] Predict result is: {'category_id': [70], 'bbox': [[165.086, 85.656, 256.802, 542.625]], 'score': [0.90355]}
2025-03-28 16:48:59,025 [INFO] Speed: 173.8/2.6/176.4 ms inference/NMS/total per 640x640 image at batch-size 1;
2025-03-28 16:48:59,025 [INFO] Detect a image success.
2025-03-28 16:48:59,218 [INFO] Predict result is: {'category_id': [6, 2, 1, 1, 1], 'bbox': [[135.316, 206.432, 417.124, 235.039], [106.309, 345.957, 35.439, 57.45], [567.284, 347.078, 14.234, 39.562], [0.204, 314.507, 26.435, 30.564], [563.88, 346.844, 16.348, 44.673]], 'score': [0.93288, 0.48241, 0.38048, 0.32172, 0.30178]}
2025-03-28 16:48:59,219 [INFO] Speed: 182.5/2.1/184.6 ms inference/NMS/total per 640x640 image at batch-size 1;
2025-03-28 16:48:59,219 [INFO] Detect a image success.
2025-03-28 16:48:59,404 [INFO] Predict result is: {'category_id': [72, 51, 44, 84, 77, 84], 'bbox': [[136.019, 297.316, 265.094, 245.01], [196.975, 172.324, 50.105, 29.209], [85.294, 402.948, 59.502, 149.087], [472.567, 235.717, 40.613, 71.56], [125.347, 536.546, 47.435, 23.718], [408.105, 511.812, 80.017, 45.034]], 'score': [0.90936, 0.69663, 0.619, 0.46493, 0.30488, 0.28527]}
2025-03-28 16:48:59,405 [INFO] Speed: 175.3/2.1/177.5 ms inference/NMS/total per 640x640 image at batch-size 1;
2025-03-28 16:48:59,405 [INFO] Detect a image success.
2025-03-28 16:48:59,584 [INFO] Predict result is: {'category_id': [17, 3], 'bbox': [[183.846, 221.565, 290.522, 236.315], [0.0, 402.618, 638.906, 125.605]], 'score': [0.93783, 0.8694]}
2025-03-28 16:48:59,584 [INFO] Speed: 168.6/3.3/171.9 ms inference/NMS/total per 640x640 image at batch-size 1;
2025-03-28 16:48:59,584 [INFO] Detect a image success.
2025-03-28 16:48:59,586 [INFO] Total images processed: 0 (expected: 126)
2025-03-28 16:48:59,586 [WARNING] Not all images were processed! Check data loader settings.
2025-03-28 16:49:00,420 [INFO] Confusion matrix saved to results\2025.03.28-16.48.31\confusion_matrix.png
