2025-03-28 16:44:36,698 [WARNING] Parse Model, args: nearest, keep str type
2025-03-28 16:44:36,711 [WARNING] Parse Model, args: nearest, keep str type
2025-03-28 16:44:36,805 [INFO] number of network params, total: 11.186595M, trainable: 11.166544M
2025-03-28 16:44:36,941 [INFO] Load checkpoint from [yolov8s.ckpt] success.
2025-03-28 16:44:37,024 [INFO] Dataset Cache file hash/version check success.
2025-03-28 16:44:37,024 [INFO] Load dataset cache from [G:\dataset\coco128\labels\train2017.cache.npy] success.
2025-03-28 16:44:37,027 [INFO] Dataloader num parallel workers: [4]
2025-03-28 16:44:37,033 [INFO] Start evaluating...
2025-03-28 16:44:37,942 [ERROR] Failed to process image G:\dataset\coco128\images\train2017\000000000009.png: nms_time_limit
2025-03-28 16:44:37,952 [ERROR] Failed to process image G:\dataset\coco128\images\train2017\000000000025.png: nms_time_limit
2025-03-28 16:44:37,960 [ERROR] Failed to process image G:\dataset\coco128\images\train2017\000000000030.png: nms_time_limit
2025-03-28 16:44:37,969 [ERROR] Failed to process image G:\dataset\coco128\images\train2017\000000000034.png: nms_time_limit
2025-03-28 16:44:38,123 [ERROR] Failed to process image G:\dataset\coco128\images\train2017\000000000036.png: nms_time_limit
2025-03-28 16:44:38,136 [ERROR] Failed to process image G:\dataset\coco128\images\train2017\000000000042.png: nms_time_limit
2025-03-28 16:44:38,143 [ERROR] Failed to process image G:\dataset\coco128\images\train2017\000000000049.png: nms_time_limit
2025-03-28 16:44:38,149 [ERROR] Failed to process image G:\dataset\coco128\images\train2017\000000000061.png: nms_time_limit
2025-03-28 16:44:38,155 [ERROR] Failed to process image G:\dataset\coco128\images\train2017\000000000064.png: nms_time_limit
2025-03-28 16:44:38,161 [ERROR] Failed to process image G:\dataset\coco128\images\train2017\000000000071.png: nms_time_limit
2025-03-28 16:44:38,166 [ERROR] Failed to process image G:\dataset\coco128\images\train2017\000000000072.png: nms_time_limit
2025-03-28 16:44:38,172 [ERROR] Failed to process image G:\dataset\coco128\images\train2017\000000000073.png: nms_time_limit
2025-03-28 16:44:38,176 [ERROR] Failed to process image G:\dataset\coco128\images\train2017\000000000074.png: nms_time_limit
2025-03-28 16:44:38,182 [ERROR] Failed to process image G:\dataset\coco128\images\train2017\000000000077.png: nms_time_limit
2025-03-28 16:44:38,186 [ERROR] Failed to process image G:\dataset\coco128\images\train2017\000000000078.png: nms_time_limit
2025-03-28 16:44:38,192 [ERROR] Failed to process image G:\dataset\coco128\images\train2017\000000000081.png: nms_time_limit
2025-03-28 16:44:38,192 [WARNING] No valid predictions in batch 1
2025-03-28 16:44:38,288 [ERROR] Failed to process image G:\dataset\coco128\images\train2017\000000000086.png: nms_time_limit
2025-03-28 16:44:38,380 [ERROR] Failed to process image G:\dataset\coco128\images\train2017\000000000089.png: nms_time_limit
2025-03-28 16:44:38,387 [ERROR] Failed to process image G:\dataset\coco128\images\train2017\000000000092.png: nms_time_limit
2025-03-28 16:44:38,392 [ERROR] Failed to process image G:\dataset\coco128\images\train2017\000000000094.png: nms_time_limit
2025-03-28 16:44:38,711 [ERROR] Failed to process image G:\dataset\coco128\images\train2017\000000000109.png: nms_time_limit
2025-03-28 16:44:38,871 [ERROR] Failed to process image G:\dataset\coco128\images\train2017\000000000110.png: nms_time_limit
2025-03-28 16:44:38,876 [ERROR] Failed to process image G:\dataset\coco128\images\train2017\000000000113.png: nms_time_limit
2025-03-28 16:44:38,883 [ERROR] Failed to process image G:\dataset\coco128\images\train2017\000000000127.png: nms_time_limit
2025-03-28 16:44:38,889 [ERROR] Failed to process image G:\dataset\coco128\images\train2017\000000000133.png: nms_time_limit
2025-03-28 16:44:38,894 [ERROR] Failed to process image G:\dataset\coco128\images\train2017\000000000136.png: nms_time_limit
2025-03-28 16:44:38,897 [ERROR] Failed to process image G:\dataset\coco128\images\train2017\000000000138.png: nms_time_limit
2025-03-28 16:44:38,900 [ERROR] Failed to process image G:\dataset\coco128\images\train2017\000000000142.png: nms_time_limit
2025-03-28 16:44:38,905 [ERROR] Failed to process image G:\dataset\coco128\images\train2017\000000000143.png: nms_time_limit
2025-03-28 16:44:38,909 [ERROR] Failed to process image G:\dataset\coco128\images\train2017\000000000144.png: nms_time_limit
2025-03-28 16:44:38,912 [ERROR] Failed to process image G:\dataset\coco128\images\train2017\000000000149.png: nms_time_limit
2025-03-28 16:44:38,916 [ERROR] Failed to process image G:\dataset\coco128\images\train2017\000000000151.png: nms_time_limit
2025-03-28 16:44:38,917 [WARNING] No valid predictions in batch 2
2025-03-28 16:44:38,953 [ERROR] Failed to process image G:\dataset\coco128\images\train2017\000000000154.png: nms_time_limit
2025-03-28 16:44:38,956 [ERROR] Failed to process image G:\dataset\coco128\images\train2017\000000000164.png: nms_time_limit
2025-03-28 16:44:38,959 [ERROR] Failed to process image G:\dataset\coco128\images\train2017\000000000165.png: nms_time_limit
2025-03-28 16:44:38,963 [ERROR] Failed to process image G:\dataset\coco128\images\train2017\000000000192.png: nms_time_limit
2025-03-28 16:44:38,967 [ERROR] Failed to process image G:\dataset\coco128\images\train2017\000000000194.png: nms_time_limit
2025-03-28 16:44:38,971 [ERROR] Failed to process image G:\dataset\coco128\images\train2017\000000000196.png: nms_time_limit
2025-03-28 16:44:38,974 [ERROR] Failed to process image G:\dataset\coco128\images\train2017\000000000201.png: nms_time_limit
2025-03-28 16:44:38,978 [ERROR] Failed to process image G:\dataset\coco128\images\train2017\000000000208.png: nms_time_limit
2025-03-28 16:44:38,981 [ERROR] Failed to process image G:\dataset\coco128\images\train2017\000000000241.png: nms_time_limit
2025-03-28 16:44:38,986 [ERROR] Failed to process image G:\dataset\coco128\images\train2017\000000000247.png: nms_time_limit
2025-03-28 16:44:38,989 [ERROR] Failed to process image G:\dataset\coco128\images\train2017\000000000257.png: nms_time_limit
2025-03-28 16:44:38,993 [ERROR] Failed to process image G:\dataset\coco128\images\train2017\000000000260.png: nms_time_limit
2025-03-28 16:44:38,996 [ERROR] Failed to process image G:\dataset\coco128\images\train2017\000000000263.png: nms_time_limit
2025-03-28 16:44:39,001 [ERROR] Failed to process image G:\dataset\coco128\images\train2017\000000000283.png: nms_time_limit
2025-03-28 16:44:39,005 [ERROR] Failed to process image G:\dataset\coco128\images\train2017\000000000294.png: nms_time_limit
2025-03-28 16:44:39,008 [ERROR] Failed to process image G:\dataset\coco128\images\train2017\000000000307.png: nms_time_limit
2025-03-28 16:44:39,008 [WARNING] No valid predictions in batch 3
2025-03-28 16:44:39,043 [ERROR] Failed to process image G:\dataset\coco128\images\train2017\000000000308.png: nms_time_limit
2025-03-28 16:44:39,047 [ERROR] Failed to process image G:\dataset\coco128\images\train2017\000000000309.png: nms_time_limit
2025-03-28 16:44:39,050 [ERROR] Failed to process image G:\dataset\coco128\images\train2017\000000000312.png: nms_time_limit
2025-03-28 16:44:39,055 [ERROR] Failed to process image G:\dataset\coco128\images\train2017\000000000315.png: nms_time_limit
2025-03-28 16:44:39,058 [ERROR] Failed to process image G:\dataset\coco128\images\train2017\000000000321.png: nms_time_limit
2025-03-28 16:44:39,062 [ERROR] Failed to process image G:\dataset\coco128\images\train2017\000000000322.png: nms_time_limit
2025-03-28 16:44:39,066 [ERROR] Failed to process image G:\dataset\coco128\images\train2017\000000000326.png: nms_time_limit
2025-03-28 16:44:39,071 [ERROR] Failed to process image G:\dataset\coco128\images\train2017\000000000328.png: nms_time_limit
2025-03-28 16:44:39,074 [ERROR] Failed to process image G:\dataset\coco128\images\train2017\000000000332.png: nms_time_limit
2025-03-28 16:44:39,078 [ERROR] Failed to process image G:\dataset\coco128\images\train2017\000000000338.png: nms_time_limit
2025-03-28 16:44:39,082 [ERROR] Failed to process image G:\dataset\coco128\images\train2017\000000000349.png: nms_time_limit
2025-03-28 16:44:39,085 [ERROR] Failed to process image G:\dataset\coco128\images\train2017\000000000357.png: nms_time_limit
2025-03-28 16:44:39,090 [ERROR] Failed to process image G:\dataset\coco128\images\train2017\000000000359.png: nms_time_limit
2025-03-28 16:44:39,093 [ERROR] Failed to process image G:\dataset\coco128\images\train2017\000000000360.png: nms_time_limit
2025-03-28 16:44:39,098 [ERROR] Failed to process image G:\dataset\coco128\images\train2017\000000000368.png: nms_time_limit
2025-03-28 16:44:39,102 [ERROR] Failed to process image G:\dataset\coco128\images\train2017\000000000370.png: nms_time_limit
2025-03-28 16:44:39,102 [WARNING] No valid predictions in batch 4
2025-03-28 16:44:39,138 [ERROR] Failed to process image G:\dataset\coco128\images\train2017\000000000382.png: nms_time_limit
2025-03-28 16:44:39,142 [ERROR] Failed to process image G:\dataset\coco128\images\train2017\000000000384.png: nms_time_limit
2025-03-28 16:44:39,146 [ERROR] Failed to process image G:\dataset\coco128\images\train2017\000000000387.png: nms_time_limit
2025-03-28 16:44:39,151 [ERROR] Failed to process image G:\dataset\coco128\images\train2017\000000000389.png: nms_time_limit
2025-03-28 16:44:39,155 [ERROR] Failed to process image G:\dataset\coco128\images\train2017\000000000394.png: nms_time_limit
2025-03-28 16:44:39,159 [ERROR] Failed to process image G:\dataset\coco128\images\train2017\000000000395.png: nms_time_limit
2025-03-28 16:44:39,163 [ERROR] Failed to process image G:\dataset\coco128\images\train2017\000000000397.png: nms_time_limit
2025-03-28 16:44:39,168 [ERROR] Failed to process image G:\dataset\coco128\images\train2017\000000000400.png: nms_time_limit
2025-03-28 16:44:39,172 [ERROR] Failed to process image G:\dataset\coco128\images\train2017\000000000404.png: nms_time_limit
2025-03-28 16:44:39,177 [ERROR] Failed to process image G:\dataset\coco128\images\train2017\000000000415.png: nms_time_limit
2025-03-28 16:44:39,181 [ERROR] Failed to process image G:\dataset\coco128\images\train2017\000000000419.png: nms_time_limit
2025-03-28 16:44:39,185 [ERROR] Failed to process image G:\dataset\coco128\images\train2017\000000000428.png: nms_time_limit
2025-03-28 16:44:39,189 [ERROR] Failed to process image G:\dataset\coco128\images\train2017\000000000431.png: nms_time_limit
2025-03-28 16:44:39,193 [ERROR] Failed to process image G:\dataset\coco128\images\train2017\000000000436.png: nms_time_limit
2025-03-28 16:44:39,196 [ERROR] Failed to process image G:\dataset\coco128\images\train2017\000000000438.png: nms_time_limit
2025-03-28 16:44:39,201 [ERROR] Failed to process image G:\dataset\coco128\images\train2017\000000000443.png: nms_time_limit
2025-03-28 16:44:39,201 [WARNING] No valid predictions in batch 5
2025-03-28 16:44:39,234 [ERROR] Failed to process image G:\dataset\coco128\images\train2017\000000000446.png: nms_time_limit
2025-03-28 16:44:39,240 [ERROR] Failed to process image G:\dataset\coco128\images\train2017\000000000450.png: nms_time_limit
2025-03-28 16:44:39,244 [ERROR] Failed to process image G:\dataset\coco128\images\train2017\000000000459.png: nms_time_limit
2025-03-28 16:44:39,249 [ERROR] Failed to process image G:\dataset\coco128\images\train2017\000000000471.png: nms_time_limit
2025-03-28 16:44:39,253 [ERROR] Failed to process image G:\dataset\coco128\images\train2017\000000000472.png: nms_time_limit
2025-03-28 16:44:39,257 [ERROR] Failed to process image G:\dataset\coco128\images\train2017\000000000474.png: nms_time_limit
2025-03-28 16:44:39,262 [ERROR] Failed to process image G:\dataset\coco128\images\train2017\000000000486.png: nms_time_limit
2025-03-28 16:44:39,265 [ERROR] Failed to process image G:\dataset\coco128\images\train2017\000000000488.png: nms_time_limit
2025-03-28 16:44:39,270 [ERROR] Failed to process image G:\dataset\coco128\images\train2017\000000000490.png: nms_time_limit
2025-03-28 16:44:39,273 [ERROR] Failed to process image G:\dataset\coco128\images\train2017\000000000491.png: nms_time_limit
2025-03-28 16:44:39,276 [ERROR] Failed to process image G:\dataset\coco128\images\train2017\000000000502.png: nms_time_limit
2025-03-28 16:44:39,280 [ERROR] Failed to process image G:\dataset\coco128\images\train2017\000000000510.png: nms_time_limit
2025-03-28 16:44:39,284 [ERROR] Failed to process image G:\dataset\coco128\images\train2017\000000000514.png: nms_time_limit
2025-03-28 16:44:39,288 [ERROR] Failed to process image G:\dataset\coco128\images\train2017\000000000520.png: nms_time_limit
2025-03-28 16:44:39,292 [ERROR] Failed to process image G:\dataset\coco128\images\train2017\000000000529.png: nms_time_limit
2025-03-28 16:44:39,295 [ERROR] Failed to process image G:\dataset\coco128\images\train2017\000000000531.png: nms_time_limit
2025-03-28 16:44:39,295 [WARNING] No valid predictions in batch 6
2025-03-28 16:44:39,331 [ERROR] Failed to process image G:\dataset\coco128\images\train2017\000000000532.png: nms_time_limit
2025-03-28 16:44:39,336 [ERROR] Failed to process image G:\dataset\coco128\images\train2017\000000000536.png: nms_time_limit
2025-03-28 16:44:39,339 [ERROR] Failed to process image G:\dataset\coco128\images\train2017\000000000540.png: nms_time_limit
2025-03-28 16:44:39,343 [ERROR] Failed to process image G:\dataset\coco128\images\train2017\000000000542.png: nms_time_limit
2025-03-28 16:44:39,347 [ERROR] Failed to process image G:\dataset\coco128\images\train2017\000000000544.png: nms_time_limit
2025-03-28 16:44:39,350 [ERROR] Failed to process image G:\dataset\coco128\images\train2017\000000000560.png: nms_time_limit
2025-03-28 16:44:39,355 [ERROR] Failed to process image G:\dataset\coco128\images\train2017\000000000562.png: nms_time_limit
2025-03-28 16:44:39,358 [ERROR] Failed to process image G:\dataset\coco128\images\train2017\000000000564.png: nms_time_limit
2025-03-28 16:44:39,362 [ERROR] Failed to process image G:\dataset\coco128\images\train2017\000000000569.png: nms_time_limit
2025-03-28 16:44:39,365 [ERROR] Failed to process image G:\dataset\coco128\images\train2017\000000000572.png: nms_time_limit
2025-03-28 16:44:39,371 [ERROR] Failed to process image G:\dataset\coco128\images\train2017\000000000575.png: nms_time_limit
2025-03-28 16:44:39,375 [ERROR] Failed to process image G:\dataset\coco128\images\train2017\000000000581.png: nms_time_limit
2025-03-28 16:44:39,378 [ERROR] Failed to process image G:\dataset\coco128\images\train2017\000000000584.png: nms_time_limit
2025-03-28 16:44:39,382 [ERROR] Failed to process image G:\dataset\coco128\images\train2017\000000000589.png: nms_time_limit
2025-03-28 16:44:39,386 [ERROR] Failed to process image G:\dataset\coco128\images\train2017\000000000590.png: nms_time_limit
2025-03-28 16:44:39,390 [ERROR] Failed to process image G:\dataset\coco128\images\train2017\000000000595.png: nms_time_limit
2025-03-28 16:44:39,391 [WARNING] No valid predictions in batch 7
2025-03-28 16:44:39,420 [ERROR] Failed to process image G:\dataset\coco128\images\train2017\000000000597.png: nms_time_limit
2025-03-28 16:44:39,423 [ERROR] Failed to process image G:\dataset\coco128\images\train2017\000000000599.png: nms_time_limit
2025-03-28 16:44:39,427 [ERROR] Failed to process image G:\dataset\coco128\images\train2017\000000000605.png: nms_time_limit
2025-03-28 16:44:39,432 [ERROR] Failed to process image G:\dataset\coco128\images\train2017\000000000612.png: nms_time_limit
2025-03-28 16:44:39,435 [ERROR] Failed to process image G:\dataset\coco128\images\train2017\000000000620.png: nms_time_limit
2025-03-28 16:44:39,440 [ERROR] Failed to process image G:\dataset\coco128\images\train2017\000000000623.png: nms_time_limit
2025-03-28 16:44:39,444 [ERROR] Failed to process image G:\dataset\coco128\images\train2017\000000000625.png: nms_time_limit
2025-03-28 16:44:39,448 [ERROR] Failed to process image G:\dataset\coco128\images\train2017\000000000626.png: nms_time_limit
2025-03-28 16:44:39,451 [ERROR] Failed to process image G:\dataset\coco128\images\train2017\000000000629.png: nms_time_limit
2025-03-28 16:44:39,454 [ERROR] Failed to process image G:\dataset\coco128\images\train2017\000000000634.png: nms_time_limit
2025-03-28 16:44:39,459 [ERROR] Failed to process image G:\dataset\coco128\images\train2017\000000000636.png: nms_time_limit
2025-03-28 16:44:39,463 [ERROR] Failed to process image G:\dataset\coco128\images\train2017\000000000641.png: nms_time_limit
2025-03-28 16:44:39,467 [ERROR] Failed to process image G:\dataset\coco128\images\train2017\000000000643.png: nms_time_limit
2025-03-28 16:44:39,471 [ERROR] Failed to process image G:\dataset\coco128\images\train2017\000000000650.png: nms_time_limit
2025-03-28 16:44:39,471 [WARNING] No valid predictions in batch 8
2025-03-28 16:44:39,471 [INFO] Total images processed: 0 (expected: 126)
2025-03-28 16:44:39,471 [WARNING] Not all images were processed! Check data loader settings.
2025-03-28 16:44:40,240 [INFO] Confusion matrix saved to results\2025.03.28-16.44.36\confusion_matrix.png
