2025-03-03 21:57:05,833 [WARNING] Parse Model, args: nearest, keep str type
2025-03-03 21:57:05,845 [WARNING] Parse Model, args: nearest, keep str type
2025-03-03 21:57:05,935 [INFO] number of network params, total: 3.167795M, trainable: 3.157184M
2025-03-03 21:57:06,038 [INFO] Load checkpoint from [yolov8n.ckpt] success.
2025-03-03 21:57:11,292 [INFO] Predict result is: {'category_id': [1, 1, 44], 'bbox': [[183.096, 61.366, 438.808, 418.634], [76.512, 0.0, 218.171, 469.461], [582.465, 304.129, 57.495, 173.197]], 'score': [0.88121, 0.7494, 0.38807]}
2025-03-03 21:57:11,296 [INFO] Speed: 1757.1/2.2/1759.3 ms inference/NMS/total per 640x640 image at batch-size 1;
2025-03-03 21:57:11,296 [INFO] Detect a image success.
2025-03-03 21:57:11,608 [INFO] Predict result is: {'category_id': [1, 1, 44], 'bbox': [[184.068, 78.034, 433.147, 401.966], [1.106, 0.46, 252.369, 475.278], [581.771, 302.614, 58.149, 174.713]], 'score': [0.84355, 0.70976, 0.43582]}
2025-03-03 21:57:11,608 [INFO] Speed: 121.4/2.3/123.8 ms inference/NMS/total per 640x640 image at batch-size 1;
2025-03-03 21:57:11,608 [INFO] Detect a image success.
2025-03-03 21:57:11,752 [INFO] Predict result is: {'category_id': [1, 1, 3], 'bbox': [[182.457, 73.545, 437.181, 406.438], [0.127, 0.0, 240.774, 475.237], [380.114, 8.15, 110.287, 46.611]], 'score': [0.8521, 0.72835, 0.26363]}
2025-03-03 21:57:11,752 [INFO] Speed: 120.3/2.1/122.4 ms inference/NMS/total per 640x640 image at batch-size 1;
2025-03-03 21:57:11,752 [INFO] Detect a image success.
2025-03-03 21:57:11,914 [INFO] Predict result is: {'category_id': [1, 1, 44, 1], 'bbox': [[187.544, 60.514, 429.687, 419.486], [0.144, 0.116, 228.808, 476.442], [582.894, 304.605, 56.957, 173.173], [0.908, 0.0, 373.732, 479.672]], 'score': [0.87665, 0.83975, 0.65201, 0.30906]}
2025-03-03 21:57:11,914 [INFO] Speed: 120.1/2.6/122.6 ms inference/NMS/total per 640x640 image at batch-size 1;
2025-03-03 21:57:11,915 [INFO] Detect a image success.
2025-03-03 21:57:12,051 [INFO] Predict result is: {'category_id': [1, 1, 44], 'bbox': [[187.494, 74.869, 432.623, 405.131], [0.256, 0.0, 219.407, 478.77], [582.758, 303.66, 57.093, 173.192]], 'score': [0.88825, 0.82467, 0.41682]}
2025-03-03 21:57:12,053 [INFO] Speed: 116.2/1.2/117.4 ms inference/NMS/total per 640x640 image at batch-size 1;
2025-03-03 21:57:12,053 [INFO] Detect a image success.
2025-03-03 21:57:12,161 [INFO] Predict result is: {'category_id': [1, 1, 44], 'bbox': [[186.915, 72.651, 431.279, 407.349], [0.319, 0.0, 207.842, 478.465], [582.363, 300.162, 57.515, 176.968]], 'score': [0.88189, 0.85016, 0.42283]}
2025-03-03 21:57:12,161 [INFO] Speed: 84.0/4.7/88.7 ms inference/NMS/total per 640x640 image at batch-size 1;
2025-03-03 21:57:12,161 [INFO] Detect a image success.
2025-03-03 21:57:12,314 [INFO] Predict result is: {'category_id': [1, 1, 44], 'bbox': [[0.343, 0.618, 203.782, 477.982], [184.604, 71.535, 430.566, 408.222], [582.559, 304.917, 57.318, 172.971]], 'score': [0.90793, 0.88688, 0.57771]}
2025-03-03 21:57:12,315 [INFO] Speed: 106.8/3.3/110.0 ms inference/NMS/total per 640x640 image at batch-size 1;
2025-03-03 21:57:12,315 [INFO] Detect a image success.
2025-03-03 21:57:12,476 [INFO] Predict result is: {'category_id': [1, 1, 44, 3], 'bbox': [[183.614, 76.556, 430.024, 403.065], [0.635, 1.103, 198.406, 477.746], [582.639, 302.199, 57.276, 176.525], [257.265, 26.447, 37.05, 30.354]], 'score': [0.8833, 0.8575, 0.76492, 0.33893]}
2025-03-03 21:57:12,476 [INFO] Speed: 115.1/3.3/118.4 ms inference/NMS/total per 640x640 image at batch-size 1;
2025-03-03 21:57:12,476 [INFO] Detect a image success.
2025-03-03 21:57:12,623 [INFO] Predict result is: {'category_id': [1, 1, 1, 44], 'bbox': [[187.119, 79.954, 430.129, 399.981], [0.361, 1.852, 167.424, 476.066], [115.941, 227.909, 92.422, 251.582], [582.171, 300.973, 57.714, 176.769]], 'score': [0.89909, 0.89799, 0.36406, 0.31604]}
2025-03-03 21:57:12,624 [INFO] Speed: 112.1/2.1/114.2 ms inference/NMS/total per 640x640 image at batch-size 1;
2025-03-03 21:57:12,624 [INFO] Detect a image success.
2025-03-03 21:57:12,756 [INFO] Predict result is: {'category_id': [1, 1, 1, 3], 'bbox': [[0.338, 0.278, 164.598, 478.4], [185.508, 80.389, 435.134, 399.611], [108.296, 227.937, 97.499, 252.063], [379.978, 8.115, 108.368, 48.914]], 'score': [0.89792, 0.89007, 0.43303, 0.36548]}
2025-03-03 21:57:12,757 [INFO] Speed: 101.5/1.1/102.6 ms inference/NMS/total per 640x640 image at batch-size 1;
2025-03-03 21:57:12,757 [INFO] Detect a image success.
2025-03-03 21:57:12,882 [INFO] Predict result is: {'category_id': [1, 1, 44, 47, 1], 'bbox': [[184.245, 76.435, 429.954, 403.208], [0.211, 0.259, 163.776, 478.962], [582.402, 302.251, 57.481, 174.735], [235.302, 299.053, 15.889, 22.746], [149.783, 228.157, 58.098, 169.472]], 'score': [0.89014, 0.88332, 0.43854, 0.37801, 0.25309]}
2025-03-03 21:57:12,883 [INFO] Speed: 84.5/3.2/87.7 ms inference/NMS/total per 640x640 image at batch-size 1;
2025-03-03 21:57:12,883 [INFO] Detect a image success.
2025-03-03 21:57:12,980 [INFO] Predict result is: {'category_id': [1, 1, 44], 'bbox': [[185.666, 77.572, 430.763, 402.149], [0.122, 1.041, 175.327, 477.614], [582.154, 301.562, 57.761, 176.6]], 'score': [0.87791, 0.78149, 0.45089]}
2025-03-03 21:57:12,980 [INFO] Speed: 67.6/1.0/68.6 ms inference/NMS/total per 640x640 image at batch-size 1;
2025-03-03 21:57:12,980 [INFO] Detect a image success.
2025-03-03 21:57:13,070 [INFO] Predict result is: {'category_id': [1, 1, 44], 'bbox': [[185.666, 77.572, 430.763, 402.149], [0.122, 1.041, 175.327, 477.614], [582.154, 301.562, 57.761, 176.6]], 'score': [0.87791, 0.78149, 0.45089]}
2025-03-03 21:57:13,070 [INFO] Speed: 66.4/1.1/67.5 ms inference/NMS/total per 640x640 image at batch-size 1;
2025-03-03 21:57:13,070 [INFO] Detect a image success.
2025-03-03 21:57:13,153 [INFO] Predict result is: {'category_id': [1, 1, 3, 44, 3], 'bbox': [[185.083, 82.771, 434.495, 397.184], [0.291, 1.314, 165.293, 477.744], [379.923, 8.544, 111.169, 46.497], [582.429, 303.253, 57.445, 174.379], [256.711, 26.529, 36.844, 29.776]], 'score': [0.89533, 0.78799, 0.39962, 0.38404, 0.25265]}
2025-03-03 21:57:13,154 [INFO] Speed: 60.7/1.0/61.8 ms inference/NMS/total per 640x640 image at batch-size 1;
2025-03-03 21:57:13,154 [INFO] Detect a image success.
2025-03-03 21:57:13,253 [INFO] Predict result is: {'category_id': [1, 1, 3, 44, 3], 'bbox': [[185.083, 82.771, 434.495, 397.184], [0.291, 1.314, 165.293, 477.744], [379.923, 8.544, 111.169, 46.497], [582.429, 303.253, 57.445, 174.379], [256.711, 26.529, 36.844, 29.776]], 'score': [0.89533, 0.78799, 0.39962, 0.38404, 0.25265]}
2025-03-03 21:57:13,253 [INFO] Speed: 66.7/2.4/69.1 ms inference/NMS/total per 640x640 image at batch-size 1;
2025-03-03 21:57:13,253 [INFO] Detect a image success.
2025-03-03 21:57:13,334 [INFO] Predict result is: {'category_id': [1, 1, 44, 1, 47], 'bbox': [[187.146, 81.231, 433.533, 398.769], [0.409, 0.47, 174.268, 478.498], [582.543, 304.444, 57.334, 172.766], [149.452, 226.364, 57.537, 174.418], [234.345, 298.578, 16.612, 25.179]], 'score': [0.89801, 0.83849, 0.653, 0.37349, 0.30065]}
2025-03-03 21:57:13,334 [INFO] Speed: 56.8/2.0/58.8 ms inference/NMS/total per 640x640 image at batch-size 1;
2025-03-03 21:57:13,334 [INFO] Detect a image success.
2025-03-03 21:57:13,423 [INFO] Predict result is: {'category_id': [1, 1, 44, 1, 47], 'bbox': [[187.146, 81.231, 433.533, 398.769], [0.409, 0.47, 174.268, 478.498], [582.543, 304.444, 57.334, 172.766], [149.452, 226.364, 57.537, 174.418], [234.345, 298.578, 16.612, 25.179]], 'score': [0.89801, 0.83849, 0.653, 0.37349, 0.30065]}
2025-03-03 21:57:13,423 [INFO] Speed: 54.3/2.3/56.6 ms inference/NMS/total per 640x640 image at batch-size 1;
2025-03-03 21:57:13,423 [INFO] Detect a image success.
2025-03-03 21:57:13,502 [INFO] Predict result is: {'category_id': [1, 1, 44, 47, 1], 'bbox': [[184.163, 70.27, 430.294, 409.233], [0.272, 0.37, 172.979, 479.63], [582.598, 303.144, 57.38, 175.27], [235.135, 299.127, 15.695, 24.201], [150.029, 227.629, 55.48, 224.469]], 'score': [0.89589, 0.85225, 0.55072, 0.31801, 0.26629]}
2025-03-03 21:57:13,502 [INFO] Speed: 57.4/1.3/58.6 ms inference/NMS/total per 640x640 image at batch-size 1;
2025-03-03 21:57:13,502 [INFO] Detect a image success.
2025-03-03 21:57:13,592 [INFO] Predict result is: {'category_id': [1, 1, 3], 'bbox': [[182.411, 68.476, 439.53, 411.124], [0.57, 0.376, 195.581, 478.809], [255.401, 26.928, 37.854, 29.188]], 'score': [0.88532, 0.85402, 0.29789]}
2025-03-03 21:57:13,593 [INFO] Speed: 55.3/1.1/56.4 ms inference/NMS/total per 640x640 image at batch-size 1;
2025-03-03 21:57:13,593 [INFO] Detect a image success.
2025-03-03 21:57:13,685 [INFO] Predict result is: {'category_id': [1, 1, 44], 'bbox': [[183.304, 73.942, 433.658, 405.584], [0.263, 0.197, 199.463, 478.518], [582.762, 302.158, 57.15, 176.992]], 'score': [0.89832, 0.83932, 0.2777]}
2025-03-03 21:57:13,686 [INFO] Speed: 57.5/1.2/58.7 ms inference/NMS/total per 640x640 image at batch-size 1;
2025-03-03 21:57:13,686 [INFO] Detect a image success.
2025-03-03 21:57:13,769 [INFO] Predict result is: {'category_id': [1, 1, 3], 'bbox': [[182.553, 76.019, 434.79, 403.5], [0.41, 0.094, 196.228, 479.635], [256.241, 26.575, 36.971, 29.366]], 'score': [0.88866, 0.82369, 0.33825]}
2025-03-03 21:57:13,770 [INFO] Speed: 48.2/2.4/50.6 ms inference/NMS/total per 640x640 image at batch-size 1;
2025-03-03 21:57:13,770 [INFO] Detect a image success.
2025-03-03 21:57:13,844 [INFO] Predict result is: {'category_id': [1, 1, 44, 3, 1], 'bbox': [[180.148, 76.322, 438.337, 403.046], [0.202, 0.805, 193.288, 478.587], [582.826, 302.309, 57.1, 175.975], [256.981, 26.32, 37.131, 30.132], [149.018, 229.417, 57.128, 216.795]], 'score': [0.88594, 0.77254, 0.4956, 0.33191, 0.26347]}
2025-03-03 21:57:13,845 [INFO] Speed: 47.3/2.3/49.6 ms inference/NMS/total per 640x640 image at batch-size 1;
2025-03-03 21:57:13,845 [INFO] Detect a image success.
2025-03-03 21:57:13,917 [INFO] Predict result is: {'category_id': [1, 1, 1, 44], 'bbox': [[179.151, 76.613, 437.661, 402.601], [0.417, 0.359, 172.781, 478.922], [146.231, 228.111, 58.315, 226.689], [583.055, 303.633, 56.864, 173.736]], 'score': [0.88063, 0.83333, 0.50701, 0.50553]}
2025-03-03 21:57:13,918 [INFO] Speed: 47.1/1.1/48.2 ms inference/NMS/total per 640x640 image at batch-size 1;
2025-03-03 21:57:13,918 [INFO] Detect a image success.
2025-03-03 21:57:13,995 [INFO] Predict result is: {'category_id': [1, 1, 1, 3], 'bbox': [[178.618, 67.77, 441.267, 412.141], [0.279, 0.0, 172.548, 479.28], [144.654, 227.387, 60.571, 225.557], [256.78, 26.903, 36.289, 29.429]], 'score': [0.87529, 0.78246, 0.54665, 0.41432]}
2025-03-03 21:57:13,996 [INFO] Speed: 48.9/2.3/51.2 ms inference/NMS/total per 640x640 image at batch-size 1;
2025-03-03 21:57:13,996 [INFO] Detect a image success.
2025-03-03 21:57:14,072 [INFO] Predict result is: {'category_id': [1, 1, 44, 1], 'bbox': [[172.586, 76.463, 448.133, 403.328], [0.489, 0.38, 177.77, 478.695], [582.295, 304.715, 57.617, 173.0], [139.016, 227.879, 68.258, 202.826]], 'score': [0.87518, 0.80378, 0.47615, 0.47356]}
2025-03-03 21:57:14,072 [INFO] Speed: 48.2/2.2/50.4 ms inference/NMS/total per 640x640 image at batch-size 1;
2025-03-03 21:57:14,073 [INFO] Detect a image success.
2025-03-03 21:57:14,146 [INFO] Predict result is: {'category_id': [1, 1, 44, 1, 3], 'bbox': [[177.067, 71.39, 441.472, 408.509], [0.32, 0.227, 188.319, 478.404], [582.684, 302.91, 57.295, 175.555], [142.842, 227.916, 60.722, 189.299], [257.276, 26.706, 36.151, 29.531]], 'score': [0.87889, 0.76907, 0.56843, 0.44236, 0.28281]}
2025-03-03 21:57:14,146 [INFO] Speed: 47.4/2.2/49.6 ms inference/NMS/total per 640x640 image at batch-size 1;
2025-03-03 21:57:14,146 [INFO] Detect a image success.
2025-03-03 21:57:14,223 [INFO] Predict result is: {'category_id': [1, 1, 44, 1, 3], 'bbox': [[177.067, 71.39, 441.472, 408.509], [0.32, 0.227, 188.319, 478.404], [582.684, 302.91, 57.295, 175.555], [142.842, 227.916, 60.722, 189.299], [257.276, 26.706, 36.151, 29.531]], 'score': [0.87889, 0.76907, 0.56843, 0.44236, 0.28281]}
2025-03-03 21:57:14,223 [INFO] Speed: 47.0/2.3/49.2 ms inference/NMS/total per 640x640 image at batch-size 1;
2025-03-03 21:57:14,224 [INFO] Detect a image success.
2025-03-03 21:57:14,297 [INFO] Predict result is: {'category_id': [1, 1, 44, 3, 3], 'bbox': [[178.686, 82.839, 440.037, 397.102], [0.284, 0.618, 200.293, 478.413], [582.792, 303.097, 57.047, 175.015], [256.672, 26.463, 36.878, 29.451], [379.777, 7.736, 109.963, 47.134]], 'score': [0.88535, 0.85557, 0.70969, 0.33715, 0.30943]}
2025-03-03 21:57:14,298 [INFO] Speed: 44.7/2.2/46.9 ms inference/NMS/total per 640x640 image at batch-size 1;
2025-03-03 21:57:14,298 [INFO] Detect a image success.
2025-03-03 21:57:14,374 [INFO] Predict result is: {'category_id': [1, 1, 44], 'bbox': [[180.097, 82.994, 437.398, 396.868], [0.334, 0.696, 212.548, 478.091], [583.254, 301.266, 56.598, 177.435]], 'score': [0.8666, 0.84732, 0.65443]}
2025-03-03 21:57:14,374 [INFO] Speed: 48.0/2.4/50.4 ms inference/NMS/total per 640x640 image at batch-size 1;
2025-03-03 21:57:14,374 [INFO] Detect a image success.
2025-03-03 21:57:14,450 [INFO] Predict result is: {'category_id': [1, 1, 44], 'bbox': [[177.15, 69.145, 443.15, 409.786], [0.261, 1.925, 212.358, 475.786], [582.66, 302.703, 57.34, 173.165]], 'score': [0.86495, 0.72922, 0.54241]}
2025-03-03 21:57:14,451 [INFO] Speed: 48.3/1.1/49.4 ms inference/NMS/total per 640x640 image at batch-size 1;
2025-03-03 21:57:14,451 [INFO] Detect a image success.
2025-03-03 21:57:14,526 [INFO] Predict result is: {'category_id': [1, 1], 'bbox': [[178.074, 70.601, 444.963, 408.724], [0.27, 1.353, 210.777, 476.512]], 'score': [0.82833, 0.74716]}
2025-03-03 21:57:14,526 [INFO] Speed: 48.4/2.3/50.6 ms inference/NMS/total per 640x640 image at batch-size 1;
2025-03-03 21:57:14,526 [INFO] Detect a image success.
2025-03-03 21:57:14,600 [INFO] Predict result is: {'category_id': [1, 1, 1, 3], 'bbox': [[176.8, 53.353, 445.85, 425.852], [0.553, 0.0, 213.473, 477.488], [0.843, 0.0, 371.474, 477.99], [255.506, 26.624, 37.658, 29.458]], 'score': [0.84374, 0.77588, 0.27641, 0.25258]}
2025-03-03 21:57:14,601 [INFO] Speed: 48.0/1.0/49.0 ms inference/NMS/total per 640x640 image at batch-size 1;
2025-03-03 21:57:14,601 [INFO] Detect a image success.
2025-03-03 21:57:14,680 [INFO] Predict result is: {'category_id': [1, 1, 44], 'bbox': [[0.396, 0.843, 215.165, 475.865], [176.88, 74.274, 443.468, 405.644], [582.457, 303.041, 57.448, 174.338]], 'score': [0.88738, 0.83003, 0.28107]}
2025-03-03 21:57:14,680 [INFO] Speed: 50.0/2.4/52.3 ms inference/NMS/total per 640x640 image at batch-size 1;
2025-03-03 21:57:14,681 [INFO] Detect a image success.
2025-03-03 21:57:14,757 [INFO] Predict result is: {'category_id': [1, 1, 44], 'bbox': [[0.396, 0.843, 215.165, 475.865], [176.88, 74.274, 443.468, 405.644], [582.457, 303.041, 57.448, 174.338]], 'score': [0.88738, 0.83003, 0.28107]}
2025-03-03 21:57:14,757 [INFO] Speed: 48.8/2.1/50.9 ms inference/NMS/total per 640x640 image at batch-size 1;
2025-03-03 21:57:14,757 [INFO] Detect a image success.
2025-03-03 21:57:14,835 [INFO] Predict result is: {'category_id': [1, 1, 44], 'bbox': [[171.847, 79.508, 449.333, 400.409], [0.104, 0.455, 219.647, 477.473], [583.236, 303.356, 56.611, 174.323]], 'score': [0.87384, 0.86211, 0.6592]}
2025-03-03 21:57:14,835 [INFO] Speed: 51.3/2.1/53.4 ms inference/NMS/total per 640x640 image at batch-size 1;
2025-03-03 21:57:14,835 [INFO] Detect a image success.
2025-03-03 21:57:14,923 [INFO] Predict result is: {'category_id': [1, 1, 44], 'bbox': [[171.847, 79.508, 449.333, 400.409], [0.104, 0.455, 219.647, 477.473], [583.236, 303.356, 56.611, 174.323]], 'score': [0.87384, 0.86211, 0.6592]}
2025-03-03 21:57:14,923 [INFO] Speed: 49.0/2.2/51.1 ms inference/NMS/total per 640x640 image at batch-size 1;
2025-03-03 21:57:14,923 [INFO] Detect a image success.
2025-03-03 21:57:15,013 [INFO] Predict result is: {'category_id': [1, 1, 1, 44], 'bbox': [[171.967, 79.028, 446.087, 400.848], [0.372, 0.811, 221.046, 475.652], [0.0, 0.0, 221.616, 329.649], [583.29, 302.312, 56.576, 174.936]], 'score': [0.85739, 0.85421, 0.39146, 0.32818]}
2025-03-03 21:57:15,013 [INFO] Speed: 47.0/2.2/49.2 ms inference/NMS/total per 640x640 image at batch-size 1;
2025-03-03 21:57:15,013 [INFO] Detect a image success.
2025-03-03 21:57:15,088 [INFO] Predict result is: {'category_id': [1, 1, 1, 44], 'bbox': [[171.967, 79.028, 446.087, 400.848], [0.372, 0.811, 221.046, 475.652], [0.0, 0.0, 221.616, 329.649], [583.29, 302.312, 56.576, 174.936]], 'score': [0.85739, 0.85421, 0.39146, 0.32818]}
2025-03-03 21:57:15,088 [INFO] Speed: 47.1/2.2/49.2 ms inference/NMS/total per 640x640 image at batch-size 1;
2025-03-03 21:57:15,088 [INFO] Detect a image success.
2025-03-03 21:57:15,164 [INFO] Predict result is: {'category_id': [1, 1, 44], 'bbox': [[174.408, 74.583, 446.273, 405.161], [0.138, 1.321, 223.303, 476.194], [583.501, 304.202, 56.409, 174.034]], 'score': [0.87141, 0.83205, 0.55347]}
2025-03-03 21:57:15,164 [INFO] Speed: 47.2/2.3/49.4 ms inference/NMS/total per 640x640 image at batch-size 1;
2025-03-03 21:57:15,164 [INFO] Detect a image success.
2025-03-03 21:57:15,241 [INFO] Predict result is: {'category_id': [1, 1], 'bbox': [[0.353, 0.952, 223.554, 475.65], [170.814, 72.25, 455.344, 407.75]], 'score': [0.87128, 0.85145]}
2025-03-03 21:57:15,242 [INFO] Speed: 47.1/1.0/48.1 ms inference/NMS/total per 640x640 image at batch-size 1;
2025-03-03 21:57:15,242 [INFO] Detect a image success.
2025-03-03 21:57:15,320 [INFO] Predict result is: {'category_id': [1, 1, 44, 3], 'bbox': [[169.543, 73.872, 452.426, 405.75], [0.364, 0.95, 224.277, 473.508], [583.382, 304.117, 56.5, 174.566], [380.347, 8.565, 109.3, 47.444]], 'score': [0.8601, 0.83702, 0.66891, 0.26243]}
2025-03-03 21:57:15,320 [INFO] Speed: 48.7/2.2/50.9 ms inference/NMS/total per 640x640 image at batch-size 1;
2025-03-03 21:57:15,320 [INFO] Detect a image success.
2025-03-03 21:57:15,394 [INFO] Predict result is: {'category_id': [1, 1], 'bbox': [[0.277, 0.683, 224.888, 476.753], [166.956, 74.949, 458.496, 404.229]], 'score': [0.89209, 0.86392]}
2025-03-03 21:57:15,394 [INFO] Speed: 47.4/2.2/49.5 ms inference/NMS/total per 640x640 image at batch-size 1;
2025-03-03 21:57:15,394 [INFO] Detect a image success.
2025-03-03 21:57:15,467 [INFO] Predict result is: {'category_id': [1, 1], 'bbox': [[0.277, 0.683, 224.888, 476.753], [166.956, 74.949, 458.496, 404.229]], 'score': [0.89209, 0.86392]}
2025-03-03 21:57:15,468 [INFO] Speed: 46.7/1.0/47.7 ms inference/NMS/total per 640x640 image at batch-size 1;
2025-03-03 21:57:15,468 [INFO] Detect a image success.
2025-03-03 21:57:15,546 [INFO] Predict result is: {'category_id': [1, 1], 'bbox': [[0.208, 0.957, 226.434, 474.736], [163.665, 76.05, 460.696, 403.201]], 'score': [0.87011, 0.86266]}
2025-03-03 21:57:15,547 [INFO] Speed: 47.7/2.5/50.2 ms inference/NMS/total per 640x640 image at batch-size 1;
2025-03-03 21:57:15,547 [INFO] Detect a image success.
2025-03-03 21:57:15,622 [INFO] Predict result is: {'category_id': [1, 1], 'bbox': [[0.208, 0.957, 226.434, 474.736], [163.665, 76.05, 460.696, 403.201]], 'score': [0.87011, 0.86266]}
2025-03-03 21:57:15,622 [INFO] Speed: 48.0/1.2/49.2 ms inference/NMS/total per 640x640 image at batch-size 1;
2025-03-03 21:57:15,622 [INFO] Detect a image success.
2025-03-03 21:57:15,698 [INFO] Predict result is: {'category_id': [1, 1, 3, 44], 'bbox': [[0.357, 1.05, 226.775, 473.436], [167.514, 72.233, 453.25, 407.631], [257.139, 26.797, 36.408, 29.609], [583.265, 303.263, 56.626, 173.816]], 'score': [0.88634, 0.84074, 0.41499, 0.41156]}
2025-03-03 21:57:15,698 [INFO] Speed: 46.6/2.2/48.9 ms inference/NMS/total per 640x640 image at batch-size 1;
2025-03-03 21:57:15,698 [INFO] Detect a image success.
2025-03-03 21:57:15,774 [INFO] Predict result is: {'category_id': [1, 1, 3, 3], 'bbox': [[0.4, 0.814, 227.665, 476.496], [168.384, 75.658, 456.785, 403.448], [257.442, 26.481, 36.212, 30.249], [379.174, 8.377, 110.648, 47.074]], 'score': [0.85151, 0.84744, 0.44466, 0.41221]}
2025-03-03 21:57:15,776 [INFO] Speed: 47.4/2.2/49.5 ms inference/NMS/total per 640x640 image at batch-size 1;
2025-03-03 21:57:15,776 [INFO] Detect a image success.
2025-03-03 21:57:15,852 [INFO] Predict result is: {'category_id': [1, 1, 3], 'bbox': [[174.978, 73.939, 445.097, 405.908], [0.38, 0.76, 228.682, 478.558], [380.915, 8.504, 108.12, 49.319]], 'score': [0.88141, 0.85823, 0.27225]}
2025-03-03 21:57:15,852 [INFO] Speed: 48.0/2.3/50.3 ms inference/NMS/total per 640x640 image at batch-size 1;
2025-03-03 21:57:15,852 [INFO] Detect a image success.
2025-03-03 21:57:15,926 [INFO] Predict result is: {'category_id': [1, 1, 44], 'bbox': [[0.313, 0.525, 228.683, 477.626], [154.259, 70.841, 470.6, 408.557], [582.835, 303.425, 57.064, 174.094]], 'score': [0.87399, 0.85211, 0.42794]}
2025-03-03 21:57:15,926 [INFO] Speed: 47.6/2.2/49.8 ms inference/NMS/total per 640x640 image at batch-size 1;
2025-03-03 21:57:15,926 [INFO] Detect a image success.
2025-03-03 21:57:16,003 [INFO] Predict result is: {'category_id': [1, 1, 44], 'bbox': [[0.215, 0.518, 230.966, 477.296], [163.601, 71.528, 456.353, 408.0], [583.067, 303.188, 56.786, 174.661]], 'score': [0.88589, 0.85278, 0.35357]}
2025-03-03 21:57:16,003 [INFO] Speed: 48.3/2.4/50.6 ms inference/NMS/total per 640x640 image at batch-size 1;
2025-03-03 21:57:16,003 [INFO] Detect a image success.
2025-03-03 21:57:16,079 [INFO] Predict result is: {'category_id': [1, 1], 'bbox': [[0.601, 0.264, 230.425, 475.837], [171.801, 74.88, 448.433, 404.956]], 'score': [0.87357, 0.86306]}
2025-03-03 21:57:16,080 [INFO] Speed: 47.7/2.3/50.0 ms inference/NMS/total per 640x640 image at batch-size 1;
2025-03-03 21:57:16,080 [INFO] Detect a image success.
2025-03-03 21:57:16,155 [INFO] Predict result is: {'category_id': [1, 1], 'bbox': [[0.601, 0.264, 230.425, 475.837], [171.801, 74.88, 448.433, 404.956]], 'score': [0.87357, 0.86306]}
2025-03-03 21:57:16,155 [INFO] Speed: 47.9/2.5/50.3 ms inference/NMS/total per 640x640 image at batch-size 1;
2025-03-03 21:57:16,155 [INFO] Detect a image success.
2025-03-03 21:57:16,231 [INFO] Predict result is: {'category_id': [1, 1], 'bbox': [[165.307, 65.728, 458.331, 414.215], [0.157, 0.0, 230.398, 468.178]], 'score': [0.85011, 0.84461]}
2025-03-03 21:57:16,231 [INFO] Speed: 45.9/2.6/48.4 ms inference/NMS/total per 640x640 image at batch-size 1;
2025-03-03 21:57:16,231 [INFO] Detect a image success.
2025-03-03 21:57:16,309 [INFO] Predict result is: {'category_id': [1, 1], 'bbox': [[0.12, 0.09, 232.809, 477.625], [166.391, 74.676, 453.115, 405.324]], 'score': [0.87562, 0.86057]}
2025-03-03 21:57:16,309 [INFO] Speed: 49.4/2.4/51.9 ms inference/NMS/total per 640x640 image at batch-size 1;
2025-03-03 21:57:16,309 [INFO] Detect a image success.
2025-03-03 21:57:16,385 [INFO] Predict result is: {'category_id': [1, 1, 44], 'bbox': [[0.046, 0.097, 233.939, 478.438], [170.343, 76.997, 443.859, 402.879], [583.589, 305.183, 56.317, 173.207]], 'score': [0.91436, 0.85746, 0.68194]}
2025-03-03 21:57:16,385 [INFO] Speed: 48.7/1.4/50.1 ms inference/NMS/total per 640x640 image at batch-size 1;
2025-03-03 21:57:16,385 [INFO] Detect a image success.
2025-03-03 21:57:16,459 [INFO] Predict result is: {'category_id': [1, 1, 44], 'bbox': [[0.204, 0.0, 236.921, 471.028], [159.703, 63.93, 463.795, 416.07], [583.099, 304.16, 56.789, 173.379]], 'score': [0.87628, 0.84286, 0.34702]}
2025-03-03 21:57:16,459 [INFO] Speed: 47.0/1.8/48.8 ms inference/NMS/total per 640x640 image at batch-size 1;
2025-03-03 21:57:16,459 [INFO] Detect a image success.
2025-03-03 21:57:16,536 [INFO] Predict result is: {'category_id': [1, 1, 44], 'bbox': [[0.025, 0.062, 237.803, 477.816], [150.476, 41.892, 472.97, 438.108], [583.407, 301.63, 56.472, 175.565]], 'score': [0.88131, 0.81912, 0.66438]}
2025-03-03 21:57:16,537 [INFO] Speed: 48.7/1.6/50.3 ms inference/NMS/total per 640x640 image at batch-size 1;
2025-03-03 21:57:16,537 [INFO] Detect a image success.
2025-03-03 21:57:16,613 [INFO] Predict result is: {'category_id': [1, 1, 44, 3, 3], 'bbox': [[0.0, 0.019, 237.587, 478.153], [156.835, 83.023, 469.921, 396.977], [582.913, 304.36, 57.022, 171.993], [380.047, 8.819, 109.752, 49.175], [255.352, 26.895, 37.628, 29.593]], 'score': [0.89808, 0.85109, 0.58462, 0.34862, 0.30227]}
2025-03-03 21:57:16,614 [INFO] Speed: 46.7/1.3/47.9 ms inference/NMS/total per 640x640 image at batch-size 1;
2025-03-03 21:57:16,614 [INFO] Detect a image success.
2025-03-03 21:57:16,690 [INFO] Predict result is: {'category_id': [1, 1, 44, 3, 3], 'bbox': [[0.0, 0.019, 237.587, 478.153], [156.835, 83.023, 469.921, 396.977], [582.913, 304.36, 57.022, 171.993], [380.047, 8.819, 109.752, 49.175], [255.352, 26.895, 37.628, 29.593]], 'score': [0.89808, 0.85109, 0.58462, 0.34862, 0.30227]}
2025-03-03 21:57:16,691 [INFO] Speed: 48.9/1.2/50.1 ms inference/NMS/total per 640x640 image at batch-size 1;
2025-03-03 21:57:16,691 [INFO] Detect a image success.
2025-03-03 21:57:16,767 [INFO] Predict result is: {'category_id': [1, 1, 3], 'bbox': [[0.911, 0.0, 238.67, 475.411], [169.315, 76.153, 434.561, 402.21], [380.355, 8.161, 107.822, 47.753]], 'score': [0.87448, 0.84829, 0.3608]}
2025-03-03 21:57:16,769 [INFO] Speed: 48.4/1.1/49.5 ms inference/NMS/total per 640x640 image at batch-size 1;
2025-03-03 21:57:16,769 [INFO] Detect a image success.
2025-03-03 21:57:16,846 [INFO] Predict result is: {'category_id': [1, 1, 3], 'bbox': [[0.911, 0.0, 238.67, 475.411], [169.315, 76.153, 434.561, 402.21], [380.355, 8.161, 107.822, 47.753]], 'score': [0.87448, 0.84829, 0.3608]}
2025-03-03 21:57:16,846 [INFO] Speed: 47.7/2.6/50.2 ms inference/NMS/total per 640x640 image at batch-size 1;
2025-03-03 21:57:16,846 [INFO] Detect a image success.
2025-03-03 21:57:16,921 [INFO] Predict result is: {'category_id': [1, 1, 3], 'bbox': [[0.0, 0.119, 240.674, 478.345], [171.005, 70.596, 431.707, 407.91], [256.693, 26.611, 36.443, 29.539]], 'score': [0.87454, 0.86591, 0.28977]}
2025-03-03 21:57:16,922 [INFO] Speed: 47.9/1.2/49.1 ms inference/NMS/total per 640x640 image at batch-size 1;
2025-03-03 21:57:16,923 [INFO] Detect a image success.
2025-03-03 21:57:16,995 [INFO] Predict result is: {'category_id': [1, 1, 44], 'bbox': [[0.02, 0.0, 242.401, 478.813], [165.716, 57.124, 442.826, 421.928], [582.737, 302.047, 57.153, 174.586]], 'score': [0.88196, 0.83092, 0.31708]}
2025-03-03 21:57:16,997 [INFO] Speed: 48.2/1.1/49.3 ms inference/NMS/total per 640x640 image at batch-size 1;
2025-03-03 21:57:16,997 [INFO] Detect a image success.
2025-03-03 21:57:17,073 [INFO] Predict result is: {'category_id': [1, 1, 3], 'bbox': [[0.0, 0.0, 243.178, 479.37], [171.152, 57.836, 446.888, 420.673], [256.935, 26.29, 36.553, 29.998]], 'score': [0.86408, 0.84353, 0.2755]}
2025-03-03 21:57:17,073 [INFO] Speed: 49.6/2.6/52.2 ms inference/NMS/total per 640x640 image at batch-size 1;
2025-03-03 21:57:17,073 [INFO] Detect a image success.
2025-03-03 21:57:17,410 [INFO] 视频处理完成。
