2025-03-21 23:08:15,677 [WARNING] Parse Model, args: nearest, keep str type
2025-03-21 23:08:15,691 [WARNING] Parse Model, args: nearest, keep str type
2025-03-21 23:08:15,792 [INFO] number of network params, total: 11.159505M, trainable: 11.139454M
2025-03-21 23:08:15,935 [INFO] Load checkpoint from [yolov8s141.ckpt] success.
2025-03-21 23:08:19,723 [INFO] Predict result is: {'category_id': [], 'bbox': [], 'score': []}
2025-03-21 23:08:19,724 [INFO] Speed: 1832.2/1.1/1833.3 ms inference/NMS/total per 640x640 image at batch-size 1;
2025-03-21 23:08:19,724 [INFO] Detect a image success.
2025-03-21 23:08:20,114 [INFO] Predict result is: {'category_id': [], 'bbox': [], 'score': []}
2025-03-21 23:08:20,114 [INFO] Speed: 166.3/2.3/168.6 ms inference/NMS/total per 640x640 image at batch-size 1;
2025-03-21 23:08:20,114 [INFO] Detect a image success.
2025-03-21 23:08:20,316 [INFO] Predict result is: {'category_id': [], 'bbox': [], 'score': []}
2025-03-21 23:08:20,317 [INFO] Speed: 174.7/1.2/175.8 ms inference/NMS/total per 640x640 image at batch-size 1;
2025-03-21 23:08:20,317 [INFO] Detect a image success.
2025-03-21 23:08:20,531 [INFO] Predict result is: {'category_id': [], 'bbox': [], 'score': []}
2025-03-21 23:08:20,531 [INFO] Speed: 191.6/2.1/193.7 ms inference/NMS/total per 640x640 image at batch-size 1;
2025-03-21 23:08:20,531 [INFO] Detect a image success.
2025-03-21 23:08:20,733 [INFO] Predict result is: {'category_id': [], 'bbox': [], 'score': []}
2025-03-21 23:08:20,734 [INFO] Speed: 180.2/1.1/181.3 ms inference/NMS/total per 640x640 image at batch-size 1;
2025-03-21 23:08:20,734 [INFO] Detect a image success.
2025-03-21 23:08:20,906 [INFO] Predict result is: {'category_id': [], 'bbox': [], 'score': []}
2025-03-21 23:08:20,906 [INFO] Speed: 153.0/1.1/154.1 ms inference/NMS/total per 640x640 image at batch-size 1;
2025-03-21 23:08:20,906 [INFO] Detect a image success.
2025-03-21 23:08:21,122 [INFO] Predict result is: {'category_id': [], 'bbox': [], 'score': []}
2025-03-21 23:08:21,123 [INFO] Speed: 179.0/2.1/181.1 ms inference/NMS/total per 640x640 image at batch-size 1;
2025-03-21 23:08:21,123 [INFO] Detect a image success.
2025-03-21 23:08:21,330 [INFO] Predict result is: {'category_id': [], 'bbox': [], 'score': []}
2025-03-21 23:08:21,330 [INFO] Speed: 175.6/2.1/177.7 ms inference/NMS/total per 640x640 image at batch-size 1;
2025-03-21 23:08:21,330 [INFO] Detect a image success.
2025-03-21 23:08:21,553 [INFO] Predict result is: {'category_id': [], 'bbox': [], 'score': []}
2025-03-21 23:08:21,554 [INFO] Speed: 184.5/2.2/186.7 ms inference/NMS/total per 640x640 image at batch-size 1;
2025-03-21 23:08:21,554 [INFO] Detect a image success.
2025-03-21 23:08:21,752 [INFO] Predict result is: {'category_id': [], 'bbox': [], 'score': []}
2025-03-21 23:08:21,752 [INFO] Speed: 160.2/2.1/162.3 ms inference/NMS/total per 640x640 image at batch-size 1;
2025-03-21 23:08:21,752 [INFO] Detect a image success.
2025-03-21 23:08:21,893 [INFO] Predict result is: {'category_id': [], 'bbox': [], 'score': []}
2025-03-21 23:08:21,893 [INFO] Speed: 116.7/2.2/118.9 ms inference/NMS/total per 640x640 image at batch-size 1;
2025-03-21 23:08:21,894 [INFO] Detect a image success.
2025-03-21 23:08:22,037 [INFO] Predict result is: {'category_id': [], 'bbox': [], 'score': []}
2025-03-21 23:08:22,037 [INFO] Speed: 112.6/2.1/114.7 ms inference/NMS/total per 640x640 image at batch-size 1;
2025-03-21 23:08:22,037 [INFO] Detect a image success.
2025-03-21 23:08:22,172 [INFO] Predict result is: {'category_id': [], 'bbox': [], 'score': []}
2025-03-21 23:08:22,173 [INFO] Speed: 112.5/1.0/113.5 ms inference/NMS/total per 640x640 image at batch-size 1;
2025-03-21 23:08:22,173 [INFO] Detect a image success.
2025-03-21 23:08:22,309 [INFO] Predict result is: {'category_id': [], 'bbox': [], 'score': []}
2025-03-21 23:08:22,309 [INFO] Speed: 109.8/1.1/110.9 ms inference/NMS/total per 640x640 image at batch-size 1;
2025-03-21 23:08:22,309 [INFO] Detect a image success.
2025-03-21 23:08:22,449 [INFO] Predict result is: {'category_id': [], 'bbox': [], 'score': []}
2025-03-21 23:08:22,449 [INFO] Speed: 113.9/2.1/116.1 ms inference/NMS/total per 640x640 image at batch-size 1;
2025-03-21 23:08:22,449 [INFO] Detect a image success.
2025-03-21 23:08:22,781 [INFO] 视频已保存至: C:\Users\22454\Desktop\project\deep_learning\mindyolo-master\mindyolo-master\runs_infer\2025.03.21-23.08.15\output.avi
